Aug 11, 2013 5:26:28 AM org.apache.catalina.core.AprLifecycleListener init
INFO: The APR based Apache Tomcat Native library which allows optimal performance in production environments was not found on the java.library.path: /usr/lib/jvm/java-6-openjdk/jre/lib/amd64/server:/usr/lib/jvm/java-6-openjdk/jre/lib/amd64:/usr/lib/jvm/java-6-openjdk/jre/../lib/amd64:/usr/java/packages/lib/amd64:/usr/lib/jni:/lib:/usr/lib
Aug 11, 2013 5:26:28 AM org.apache.coyote.http11.Http11Protocol init
INFO: Initializing Coyote HTTP/1.1 on http-8080
Aug 11, 2013 5:26:28 AM org.apache.catalina.startup.Catalina load
INFO: Initialization processed in 822 ms
Aug 11, 2013 5:26:28 AM org.apache.catalina.core.StandardService start
INFO: Starting service Catalina
Aug 11, 2013 5:26:28 AM org.apache.catalina.core.StandardEngine start
INFO: Starting Servlet Engine: Apache Tomcat/6.0.29
Aug 11, 2013 5:26:28 AM org.apache.catalina.startup.HostConfig deployDescriptor
INFO: Deploying configuration descriptor ROOT.xml
Aug 11, 2013 5:27:04 AM org.apache.catalina.startup.HostConfig deployDescriptor
INFO: Deploying configuration descriptor tvd-slogan-contest-portlet.xml
Aug 11, 2013 5:27:04 AM org.apache.catalina.startup.HostConfig deployDescriptor
WARNING: A docBase /home/tvd/liferay/bundles/liferay-portal-6.0.6/tomcat-6.0.29/webapps/D:\liferay\bundles\liferay-portal-6.0.6\tomcat-6.0.29\webapps\tvd-slogan-contest-portlet inside the host appBase has been specified, and will be ignored
Aug 11, 2013 5:27:07 AM org.apache.catalina.startup.HostConfig deployDescriptor
INFO: Deploying configuration descriptor send-receive-message-portlet.xml
Aug 11, 2013 5:27:07 AM org.apache.catalina.startup.HostConfig deployDescriptor
WARNING: A docBase /home/tvd/liferay/bundles/liferay-portal-6.0.6/tomcat-6.0.29/webapps/D:\liferay\bundles\liferay-portal-6.0.6\tomcat-6.0.29\webapps\send-receive-message-portlet inside the host appBase has been specified, and will be ignored
Aug 11, 2013 5:27:08 AM org.apache.catalina.startup.HostConfig deployDirectory
INFO: Deploying web application directory opensocial-portlet
Aug 11, 2013 5:27:14 AM org.apache.catalina.startup.HostConfig deployDirectory
INFO: Deploying web application directory default-site-templates-hook
Aug 11, 2013 5:27:15 AM org.apache.catalina.startup.HostConfig deployDirectory
INFO: Deploying web application directory kaleo-web
Aug 11, 2013 5:27:18 AM org.apache.catalina.startup.HostConfig deployDirectory
INFO: Deploying web application directory html5-initializr-theme
Aug 11, 2013 5:27:19 AM org.apache.catalina.startup.HostConfig deployDirectory
INFO: Deploying web application directory management-high-school-portlet
Aug 11, 2013 5:27:21 AM org.apache.catalina.startup.HostConfig deployDirectory
INFO: Deploying web application directory product-registration-portlet
Aug 11, 2013 5:27:22 AM org.apache.catalina.startup.HostConfig deployDirectory
INFO: Deploying web application directory google-maps-portlet
Aug 11, 2013 5:27:23 AM org.apache.catalina.startup.HostConfig deployDirectory
INFO: Deploying web application directory chat-portlet
Aug 11, 2013 5:27:24 AM org.apache.catalina.startup.HostConfig deployDirectory
INFO: Deploying web application directory web-form-portlet
Aug 11, 2013 5:27:25 AM org.apache.catalina.startup.HostConfig deployDirectory
INFO: Deploying web application directory sevencogs-theme
Aug 11, 2013 5:27:26 AM org.apache.catalina.startup.HostConfig deployDirectory
INFO: Deploying web application directory social-networking-portlet
Aug 11, 2013 5:27:27 AM org.apache.catalina.startup.HostConfig deployDirectory
INFO: Deploying web application directory sevencogs-mobile-theme
Aug 11, 2013 5:27:27 AM org.apache.catalina.startup.HostConfig deployDirectory
INFO: Deploying web application directory inkwell-internet-theme
Aug 11, 2013 5:27:30 AM org.apache.catalina.startup.HostConfig deployDirectory
INFO: Deploying web application directory mail-portlet
Aug 11, 2013 5:27:32 AM org.apache.catalina.startup.HostConfig deployDirectory
INFO: Deploying web application directory wsrp-portlet
Aug 11, 2013 5:27:35 AM org.apache.catalina.startup.HostConfig deployDirectory
INFO: Deploying web application directory slogan-contest-portlet
Aug 11, 2013 5:27:36 AM org.apache.catalina.startup.HostConfig deployDirectory
INFO: Deploying web application directory tunnel-web
Aug 11, 2013 5:27:38 AM org.apache.catalina.startup.HostConfig deployDirectory
INFO: Deploying web application directory sevencogs-hook
Aug 11, 2013 5:27:39 AM org.apache.coyote.http11.Http11Protocol start
INFO: Starting Coyote HTTP/1.1 on http-8080
Aug 11, 2013 5:27:39 AM org.apache.jk.common.ChannelSocket init
INFO: JK: ajp13 listening on /0.0.0.0:8009
Aug 11, 2013 5:27:39 AM org.apache.jk.server.JkMain start
INFO: Jk running ID=0 time=0/19  config=null
Aug 11, 2013 5:27:39 AM org.apache.catalina.startup.Catalina start
INFO: Server startup in 70876 ms
Aug 11, 2013 5:48:21 AM org.apache.catalina.startup.HostConfig checkResources
INFO: Reloading context [/management-high-school-portlet]
Aug 11, 2013 5:49:43 AM org.apache.catalina.startup.HostConfig checkResources
INFO: Reloading context [/management-high-school-portlet]
Aug 11, 2013 6:00:25 AM org.apache.catalina.startup.HostConfig checkResources
INFO: Reloading context [/management-high-school-portlet]
Aug 11, 2013 6:05:37 AM org.apache.catalina.startup.HostConfig checkResources
INFO: Reloading context [/management-high-school-portlet]
Aug 11, 2013 6:17:50 AM org.apache.catalina.startup.HostConfig checkResources
INFO: Reloading context [/management-high-school-portlet]
Aug 11, 2013 6:29:12 AM org.apache.catalina.startup.HostConfig checkResources
INFO: Reloading context [/management-high-school-portlet]
Aug 11, 2013 6:29:33 AM org.apache.catalina.startup.HostConfig checkResources
INFO: Reloading context [/management-high-school-portlet]
Aug 11, 2013 6:35:05 AM org.apache.catalina.startup.HostConfig checkResources
INFO: Reloading context [/management-high-school-portlet]
Aug 11, 2013 6:36:07 AM org.apache.catalina.startup.HostConfig checkResources
INFO: Reloading context [/management-high-school-portlet]
Aug 11, 2013 6:37:18 AM org.apache.catalina.startup.HostConfig checkResources
INFO: Reloading context [/management-high-school-portlet]
Aug 11, 2013 6:38:40 AM org.apache.catalina.startup.HostConfig checkResources
INFO: Reloading context [/management-high-school-portlet]
Aug 11, 2013 7:03:33 AM org.apache.catalina.startup.HostConfig checkResources
INFO: Reloading context [/management-high-school-portlet]
Aug 11, 2013 7:05:14 AM org.apache.catalina.startup.HostConfig checkResources
INFO: Reloading context [/management-high-school-portlet]
Aug 11, 2013 5:49:30 PM org.apache.coyote.http11.Http11Protocol pause
INFO: Pausing Coyote HTTP/1.1 on http-8080
Aug 11, 2013 5:49:31 PM org.apache.catalina.core.StandardService stop
INFO: Stopping service Catalina
Aug 11, 2013 5:49:36 PM org.apache.catalina.loader.WebappClassLoader clearReferencesThreads
SEVERE: The web application [] appears to have started a thread named [AWT-XAWT] but has failed to stop it. This is very likely to create a memory leak.
Aug 11, 2013 5:49:38 PM org.apache.catalina.loader.WebappClassLoader clearThreadLocalMap
SEVERE: The web application [/wsrp-portlet] created a ThreadLocal with key of type [org.apache.axis.utils.XMLUtils.ThreadLocalDocumentBuilder] (value [org.apache.axis.utils.XMLUtils$ThreadLocalDocumentBuilder@401679e0]) and a value of type [com.sun.org.apache.xerces.internal.jaxp.DocumentBuilderImpl] (value [com.sun.org.apache.xerces.internal.jaxp.DocumentBuilderImpl@39b81ff]) but failed to remove it when the web application was stopped. This is very likely to create a memory leak.
Aug 11, 2013 5:49:39 PM org.apache.catalina.loader.WebappClassLoader clearReferencesThreads
SEVERE: The web application [/opensocial-portlet] appears to have started a thread named [com.google.inject.internal.Finalizer] but has failed to stop it. This is very likely to create a memory leak.
Aug 11, 2013 5:49:39 PM org.apache.catalina.loader.WebappClassLoader clearThreadLocalMap
SEVERE: The web application [/opensocial-portlet] created a ThreadLocal with key of type [null] (value [org.apache.shindig.common.xml.XmlUtil$2@10963bd1]) and a value of type [org.apache.xerces.jaxp.DocumentBuilderImpl] (value [org.apache.xerces.jaxp.DocumentBuilderImpl@77311ed8]) but failed to remove it when the web application was stopped. This is very likely to create a memory leak.
Aug 11, 2013 5:49:39 PM org.apache.catalina.loader.WebappClassLoader clearThreadLocalMap
SEVERE: The web application [/opensocial-portlet] created a ThreadLocal with key of type [null] (value [com.google.inject.InjectorImpl$1@39e0340a]) and a value of type [java.lang.Object[]] (value [[Ljava.lang.Object;@2e789a35]) but failed to remove it when the web application was stopped. This is very likely to create a memory leak.
Aug 11, 2013 5:49:39 PM org.apache.coyote.http11.Http11Protocol destroy
INFO: Stopping Coyote HTTP/1.1 on http-8080
