Aug 6, 2013 12:36:35 PM org.apache.catalina.core.AprLifecycleListener init
INFO: The APR based Apache Tomcat Native library which allows optimal performance in production environments was not found on the java.library.path: /usr/lib/jvm/java-6-openjdk/jre/lib/amd64/server:/usr/lib/jvm/java-6-openjdk/jre/lib/amd64:/usr/lib/jvm/java-6-openjdk/jre/../lib/amd64:/usr/java/packages/lib/amd64:/usr/lib/jni:/lib:/usr/lib
Aug 6, 2013 12:36:35 PM org.apache.coyote.http11.Http11Protocol init
INFO: Initializing Coyote HTTP/1.1 on http-8080
Aug 6, 2013 12:36:35 PM org.apache.catalina.startup.Catalina load
INFO: Initialization processed in 1158 ms
Aug 6, 2013 12:36:35 PM org.apache.catalina.core.StandardService start
INFO: Starting service Catalina
Aug 6, 2013 12:36:35 PM org.apache.catalina.core.StandardEngine start
INFO: Starting Servlet Engine: Apache Tomcat/6.0.29
Aug 6, 2013 12:36:35 PM org.apache.catalina.startup.HostConfig deployDescriptor
INFO: Deploying configuration descriptor ROOT.xml
Aug 6, 2013 12:37:18 PM org.apache.catalina.startup.HostConfig deployDescriptor
INFO: Deploying configuration descriptor tvd-slogan-contest-portlet.xml
Aug 6, 2013 12:37:18 PM org.apache.catalina.startup.HostConfig deployDescriptor
WARNING: A docBase /home/tvd/liferay/bundles/liferay-portal-6.0.6/tomcat-6.0.29/webapps/D:\liferay\bundles\liferay-portal-6.0.6\tomcat-6.0.29\webapps\tvd-slogan-contest-portlet inside the host appBase has been specified, and will be ignored
Aug 6, 2013 12:37:22 PM org.apache.catalina.startup.HostConfig deployDescriptor
INFO: Deploying configuration descriptor send-receive-message-portlet.xml
Aug 6, 2013 12:37:22 PM org.apache.catalina.startup.HostConfig deployDescriptor
WARNING: A docBase /home/tvd/liferay/bundles/liferay-portal-6.0.6/tomcat-6.0.29/webapps/D:\liferay\bundles\liferay-portal-6.0.6\tomcat-6.0.29\webapps\send-receive-message-portlet inside the host appBase has been specified, and will be ignored
Aug 6, 2013 12:37:23 PM org.apache.catalina.startup.HostConfig deployDirectory
INFO: Deploying web application directory opensocial-portlet
Aug 6, 2013 12:37:30 PM org.apache.catalina.startup.HostConfig deployDirectory
INFO: Deploying web application directory default-site-templates-hook
Aug 6, 2013 12:37:30 PM org.apache.catalina.startup.HostConfig deployDirectory
INFO: Deploying web application directory kaleo-web
Aug 6, 2013 12:37:34 PM org.apache.catalina.startup.HostConfig deployDirectory
INFO: Deploying web application directory html5-initializr-theme
Aug 6, 2013 12:37:37 PM org.apache.catalina.startup.HostConfig deployDirectory
INFO: Deploying web application directory management-high-school-portlet
Aug 6, 2013 12:37:40 PM org.apache.catalina.startup.HostConfig deployDirectory
INFO: Deploying web application directory product-registration-portlet
Aug 6, 2013 12:37:42 PM org.apache.catalina.startup.HostConfig deployDirectory
INFO: Deploying web application directory google-maps-portlet
Aug 6, 2013 12:37:42 PM org.apache.catalina.startup.HostConfig deployDirectory
INFO: Deploying web application directory chat-portlet
Aug 6, 2013 12:37:43 PM org.apache.catalina.startup.HostConfig deployDirectory
INFO: Deploying web application directory web-form-portlet
Aug 6, 2013 12:37:44 PM org.apache.catalina.startup.HostConfig deployDirectory
INFO: Deploying web application directory sevencogs-theme
Aug 6, 2013 12:37:45 PM org.apache.catalina.startup.HostConfig deployDirectory
INFO: Deploying web application directory social-networking-portlet
Aug 6, 2013 12:37:46 PM org.apache.catalina.startup.HostConfig deployDirectory
INFO: Deploying web application directory sevencogs-mobile-theme
Aug 6, 2013 12:37:47 PM org.apache.catalina.startup.HostConfig deployDirectory
INFO: Deploying web application directory inkwell-internet-theme
Aug 6, 2013 12:37:50 PM org.apache.catalina.startup.HostConfig deployDirectory
INFO: Deploying web application directory mail-portlet
Aug 6, 2013 12:37:51 PM org.apache.catalina.startup.HostConfig deployDirectory
INFO: Deploying web application directory wsrp-portlet
Aug 6, 2013 12:37:54 PM org.apache.catalina.startup.HostConfig deployDirectory
INFO: Deploying web application directory slogan-contest-portlet
Aug 6, 2013 12:37:56 PM org.apache.catalina.startup.HostConfig deployDirectory
INFO: Deploying web application directory tunnel-web
Aug 6, 2013 12:37:58 PM org.apache.catalina.startup.HostConfig deployDirectory
INFO: Deploying web application directory sevencogs-hook
Aug 6, 2013 12:37:59 PM org.apache.coyote.http11.Http11Protocol start
INFO: Starting Coyote HTTP/1.1 on http-8080
Aug 6, 2013 12:37:59 PM org.apache.jk.common.ChannelSocket init
INFO: JK: ajp13 listening on /0.0.0.0:8009
Aug 6, 2013 12:37:59 PM org.apache.jk.server.JkMain start
INFO: Jk running ID=0 time=0/40  config=null
Aug 6, 2013 12:37:59 PM org.apache.catalina.startup.Catalina start
INFO: Server startup in 83704 ms
Aug 6, 2013 12:38:59 PM org.apache.catalina.startup.HostConfig checkResources
INFO: Reloading context [/management-high-school-portlet]
Aug 6, 2013 12:42:01 PM org.apache.catalina.startup.HostConfig checkResources
INFO: Reloading context [/management-high-school-portlet]
Aug 6, 2013 12:45:13 PM org.apache.catalina.startup.HostConfig checkResources
INFO: Reloading context [/management-high-school-portlet]
Aug 6, 2013 12:48:55 PM org.apache.catalina.startup.HostConfig checkResources
INFO: Reloading context [/management-high-school-portlet]
Aug 6, 2013 12:51:37 PM org.apache.catalina.startup.HostConfig checkResources
INFO: Reloading context [/management-high-school-portlet]
Aug 6, 2013 12:56:39 PM org.apache.catalina.startup.HostConfig checkResources
INFO: Reloading context [/management-high-school-portlet]
Aug 6, 2013 12:58:41 PM org.apache.catalina.startup.HostConfig checkResources
INFO: Reloading context [/management-high-school-portlet]
Aug 6, 2013 1:00:42 PM org.apache.catalina.startup.HostConfig checkResources
INFO: Reloading context [/management-high-school-portlet]
Aug 6, 2013 1:06:24 PM org.apache.catalina.startup.HostConfig checkResources
INFO: Reloading context [/management-high-school-portlet]
Aug 6, 2013 1:18:56 PM org.apache.catalina.startup.HostConfig checkResources
INFO: Reloading context [/management-high-school-portlet]
Aug 6, 2013 1:19:38 PM org.apache.catalina.startup.HostConfig checkResources
INFO: Reloading context [/management-high-school-portlet]
Aug 6, 2013 3:52:08 PM org.apache.catalina.startup.HostConfig checkResources
INFO: Reloading context [/html5-initializr-theme]
Aug 6, 2013 4:31:31 PM org.apache.catalina.startup.HostConfig checkResources
INFO: Reloading context [/management-high-school-portlet]
Aug 6, 2013 4:35:14 PM org.apache.catalina.startup.HostConfig checkResources
INFO: Reloading context [/management-high-school-portlet]
Aug 6, 2013 4:39:15 PM org.apache.catalina.startup.HostConfig checkResources
INFO: Reloading context [/management-high-school-portlet]
Aug 6, 2013 4:40:47 PM org.apache.catalina.startup.HostConfig checkResources
INFO: Reloading context [/management-high-school-portlet]
Aug 6, 2013 4:41:58 PM org.apache.catalina.startup.HostConfig checkResources
INFO: Reloading context [/management-high-school-portlet]
Aug 6, 2013 4:43:20 PM org.apache.catalina.startup.HostConfig checkResources
INFO: Reloading context [/management-high-school-portlet]
Aug 6, 2013 4:43:51 PM org.apache.catalina.startup.HostConfig checkResources
INFO: Reloading context [/management-high-school-portlet]
Aug 6, 2013 4:45:13 PM org.apache.catalina.startup.HostConfig checkResources
INFO: Reloading context [/management-high-school-portlet]
Aug 6, 2013 4:46:34 PM org.apache.catalina.startup.HostConfig checkResources
INFO: Reloading context [/management-high-school-portlet]
Aug 6, 2013 4:47:35 PM org.apache.catalina.startup.HostConfig checkResources
INFO: Reloading context [/management-high-school-portlet]
Aug 6, 2013 4:48:17 PM org.apache.catalina.startup.HostConfig checkResources
INFO: Reloading context [/management-high-school-portlet]
Aug 6, 2013 4:49:31 PM org.apache.catalina.startup.HostConfig checkResources
INFO: Reloading context [/management-high-school-portlet]
Aug 6, 2013 4:50:26 PM org.apache.catalina.core.StandardContext start
SEVERE: Error listenerStart
Aug 6, 2013 4:50:32 PM org.apache.catalina.core.StandardContext start
SEVERE: Context [/management-high-school-portlet] startup failed due to previous errors
Aug 6, 2013 4:55:18 PM org.apache.catalina.core.AprLifecycleListener init
INFO: The APR based Apache Tomcat Native library which allows optimal performance in production environments was not found on the java.library.path: /usr/lib/jvm/java-6-openjdk/jre/lib/amd64/server:/usr/lib/jvm/java-6-openjdk/jre/lib/amd64:/usr/lib/jvm/java-6-openjdk/jre/../lib/amd64:/usr/java/packages/lib/amd64:/usr/lib/jni:/lib:/usr/lib
Aug 6, 2013 4:55:19 PM org.apache.coyote.http11.Http11Protocol init
INFO: Initializing Coyote HTTP/1.1 on http-8080
Aug 6, 2013 4:55:19 PM org.apache.catalina.startup.Catalina load
INFO: Initialization processed in 1065 ms
Aug 6, 2013 4:55:19 PM org.apache.catalina.core.StandardService start
INFO: Starting service Catalina
Aug 6, 2013 4:55:19 PM org.apache.catalina.core.StandardEngine start
INFO: Starting Servlet Engine: Apache Tomcat/6.0.29
Aug 6, 2013 4:55:19 PM org.apache.catalina.startup.HostConfig deployDescriptor
INFO: Deploying configuration descriptor ROOT.xml
Aug 6, 2013 4:55:59 PM org.apache.catalina.startup.HostConfig deployDescriptor
INFO: Deploying configuration descriptor tvd-slogan-contest-portlet.xml
Aug 6, 2013 4:55:59 PM org.apache.catalina.startup.HostConfig deployDescriptor
WARNING: A docBase /home/tvd/liferay/bundles/liferay-portal-6.0.6/tomcat-6.0.29/webapps/D:\liferay\bundles\liferay-portal-6.0.6\tomcat-6.0.29\webapps\tvd-slogan-contest-portlet inside the host appBase has been specified, and will be ignored
Aug 6, 2013 4:56:04 PM org.apache.catalina.startup.HostConfig deployDescriptor
INFO: Deploying configuration descriptor send-receive-message-portlet.xml
Aug 6, 2013 4:56:04 PM org.apache.catalina.startup.HostConfig deployDescriptor
WARNING: A docBase /home/tvd/liferay/bundles/liferay-portal-6.0.6/tomcat-6.0.29/webapps/D:\liferay\bundles\liferay-portal-6.0.6\tomcat-6.0.29\webapps\send-receive-message-portlet inside the host appBase has been specified, and will be ignored
Aug 6, 2013 4:56:05 PM org.apache.catalina.startup.HostConfig deployDirectory
INFO: Deploying web application directory opensocial-portlet
Aug 6, 2013 4:56:16 PM org.apache.catalina.startup.HostConfig deployDirectory
INFO: Deploying web application directory default-site-templates-hook
Aug 6, 2013 4:56:16 PM org.apache.catalina.startup.HostConfig deployDirectory
INFO: Deploying web application directory kaleo-web
Aug 6, 2013 4:56:19 PM org.apache.catalina.startup.HostConfig deployDirectory
INFO: Deploying web application directory html5-initializr-theme
Aug 6, 2013 4:56:20 PM org.apache.catalina.startup.HostConfig deployDirectory
INFO: Deploying web application directory management-high-school-portlet
Aug 6, 2013 4:56:22 PM org.apache.catalina.startup.HostConfig deployDirectory
INFO: Deploying web application directory product-registration-portlet
Aug 6, 2013 4:56:23 PM org.apache.catalina.startup.HostConfig deployDirectory
INFO: Deploying web application directory google-maps-portlet
Aug 6, 2013 4:56:24 PM org.apache.catalina.startup.HostConfig deployDirectory
INFO: Deploying web application directory chat-portlet
Aug 6, 2013 4:56:24 PM org.apache.catalina.startup.HostConfig deployDirectory
INFO: Deploying web application directory web-form-portlet
Aug 6, 2013 4:56:25 PM org.apache.catalina.startup.HostConfig deployDirectory
INFO: Deploying web application directory sevencogs-theme
Aug 6, 2013 4:56:26 PM org.apache.catalina.startup.HostConfig deployDirectory
INFO: Deploying web application directory social-networking-portlet
Aug 6, 2013 4:56:27 PM org.apache.catalina.startup.HostConfig deployDirectory
INFO: Deploying web application directory sevencogs-mobile-theme
Aug 6, 2013 4:56:27 PM org.apache.catalina.startup.HostConfig deployDirectory
INFO: Deploying web application directory inkwell-internet-theme
Aug 6, 2013 4:56:31 PM org.apache.catalina.startup.HostConfig deployDirectory
INFO: Deploying web application directory mail-portlet
Aug 6, 2013 4:56:32 PM org.apache.catalina.startup.HostConfig deployDirectory
INFO: Deploying web application directory wsrp-portlet
Aug 6, 2013 4:56:35 PM org.apache.catalina.startup.HostConfig deployDirectory
INFO: Deploying web application directory slogan-contest-portlet
Aug 6, 2013 4:56:36 PM org.apache.catalina.startup.HostConfig deployDirectory
INFO: Deploying web application directory tunnel-web
Aug 6, 2013 4:56:39 PM org.apache.catalina.startup.HostConfig deployDirectory
INFO: Deploying web application directory sevencogs-hook
Aug 6, 2013 4:56:39 PM org.apache.coyote.http11.Http11Protocol start
INFO: Starting Coyote HTTP/1.1 on http-8080
Aug 6, 2013 4:56:39 PM org.apache.jk.common.ChannelSocket init
INFO: JK: ajp13 listening on /0.0.0.0:8009
Aug 6, 2013 4:56:39 PM org.apache.jk.server.JkMain start
INFO: Jk running ID=0 time=0/22  config=null
Aug 6, 2013 4:56:39 PM org.apache.catalina.startup.Catalina start
INFO: Server startup in 80503 ms
Aug 6, 2013 4:59:29 PM org.apache.catalina.startup.HostConfig checkResources
INFO: Reloading context [/management-high-school-portlet]
Aug 6, 2013 5:07:01 PM org.apache.catalina.startup.HostConfig checkResources
INFO: Reloading context [/management-high-school-portlet]
Aug 6, 2013 5:08:13 PM org.apache.catalina.startup.HostConfig checkResources
INFO: Reloading context [/management-high-school-portlet]
Aug 6, 2013 5:08:45 PM org.apache.catalina.startup.HostConfig checkResources
INFO: Reloading context [/management-high-school-portlet]
Aug 6, 2013 5:11:07 PM org.apache.catalina.startup.HostConfig checkResources
INFO: Reloading context [/management-high-school-portlet]
Aug 6, 2013 5:16:08 PM org.apache.catalina.startup.HostConfig checkResources
INFO: Reloading context [/management-high-school-portlet]
Aug 6, 2013 5:18:50 PM org.apache.catalina.startup.HostConfig checkResources
INFO: Reloading context [/management-high-school-portlet]
Aug 6, 2013 5:19:21 PM org.apache.catalina.startup.HostConfig checkResources
INFO: Reloading context [/management-high-school-portlet]
Aug 6, 2013 5:19:53 PM org.apache.catalina.startup.HostConfig checkResources
INFO: Reloading context [/management-high-school-portlet]
Aug 6, 2013 5:20:14 PM org.apache.catalina.startup.HostConfig checkResources
INFO: Reloading context [/management-high-school-portlet]
Aug 6, 2013 5:22:06 PM org.apache.catalina.startup.HostConfig checkResources
INFO: Reloading context [/management-high-school-portlet]
Aug 6, 2013 5:22:37 PM org.apache.catalina.startup.HostConfig checkResources
INFO: Reloading context [/management-high-school-portlet]
Aug 6, 2013 5:27:39 PM org.apache.catalina.startup.HostConfig checkResources
INFO: Reloading context [/management-high-school-portlet]
Aug 6, 2013 5:30:41 PM org.apache.catalina.startup.HostConfig checkResources
INFO: Reloading context [/management-high-school-portlet]
Aug 6, 2013 5:31:52 PM org.apache.catalina.startup.HostConfig checkResources
INFO: Reloading context [/management-high-school-portlet]
Aug 6, 2013 5:34:34 PM org.apache.catalina.startup.HostConfig checkResources
INFO: Reloading context [/management-high-school-portlet]
Aug 6, 2013 5:36:45 PM org.apache.catalina.startup.HostConfig checkResources
INFO: Reloading context [/management-high-school-portlet]
Aug 6, 2013 5:38:07 PM org.apache.catalina.startup.HostConfig checkResources
INFO: Reloading context [/management-high-school-portlet]
Aug 6, 2013 5:43:19 PM org.apache.catalina.startup.HostConfig checkResources
INFO: Reloading context [/management-high-school-portlet]
Aug 6, 2013 5:43:54 PM org.apache.catalina.core.StandardContext start
SEVERE: Error listenerStart
Aug 6, 2013 5:44:01 PM org.apache.catalina.core.StandardContext start
SEVERE: Context [/management-high-school-portlet] startup failed due to previous errors
Aug 6, 2013 5:44:22 PM org.apache.catalina.core.ContainerBase$ContainerBackgroundProcessor processChildren
SEVERE: Exception invoking periodic operation: 
java.lang.OutOfMemoryError: PermGen space
Aug 6, 2013 5:44:42 PM org.apache.catalina.startup.HostConfig checkResources
INFO: Reloading context [/management-high-school-portlet]
Aug 6, 2013 5:44:42 PM org.apache.catalina.core.ContainerBase stop
INFO: Container org.apache.catalina.core.ContainerBase.[Catalina].[localhost].[/management-high-school-portlet].[jsp] has not been started
Aug 6, 2013 5:44:42 PM org.apache.catalina.core.ContainerBase stop
INFO: Container org.apache.catalina.core.ContainerBase.[Catalina].[localhost].[/management-high-school-portlet].[subjectadmin] has not been started
Aug 6, 2013 5:44:42 PM org.apache.catalina.core.ContainerBase stop
INFO: Container org.apache.catalina.core.ContainerBase.[Catalina].[localhost].[/management-high-school-portlet].[carouselnavigator] has not been started
Aug 6, 2013 5:44:42 PM org.apache.catalina.core.ContainerBase stop
INFO: Container org.apache.catalina.core.ContainerBase.[Catalina].[localhost].[/management-high-school-portlet].[Axis Servlet] has not been started
Aug 6, 2013 5:44:42 PM org.apache.catalina.core.ContainerBase stop
INFO: Container org.apache.catalina.core.ContainerBase.[Catalina].[localhost].[/management-high-school-portlet].[Set Portlet Class Loader Servlet] has not been started
Aug 6, 2013 5:44:42 PM org.apache.catalina.core.ContainerBase stop
INFO: Container org.apache.catalina.core.ContainerBase.[Catalina].[localhost].[/management-high-school-portlet].[tvdstudentstatisticsportlet] has not been started
Aug 6, 2013 5:44:42 PM org.apache.catalina.core.ContainerBase stop
INFO: Container org.apache.catalina.core.ContainerBase.[Catalina].[localhost].[/management-high-school-portlet].[studentpublic] has not been started
Aug 6, 2013 5:44:42 PM org.apache.catalina.core.ContainerBase stop
INFO: Container org.apache.catalina.core.ContainerBase.[Catalina].[localhost].[/management-high-school-portlet].[default] has not been started
Aug 6, 2013 5:44:42 PM org.apache.catalina.core.ContainerBase stop
INFO: Container org.apache.catalina.core.ContainerBase.[Catalina].[localhost].[/management-high-school-portlet].[managementclass] has not been started
Aug 6, 2013 5:44:42 PM org.apache.catalina.core.ContainerBase stop
INFO: Container org.apache.catalina.core.ContainerBase.[Catalina].[localhost].[/management-high-school-portlet].[clockflashportlet] has not been started
Aug 6, 2013 5:44:42 PM org.apache.catalina.core.ContainerBase stop
INFO: Container org.apache.catalina.core.ContainerBase.[Catalina].[localhost].[/management-high-school-portlet].[teacheradmin] has not been started
Aug 6, 2013 5:44:42 PM org.apache.catalina.core.ContainerBase stop
INFO: Container org.apache.catalina.core.ContainerBase.[Catalina].[localhost].[/management-high-school-portlet].[tvdstudentloginportlet] has not been started
Aug 6, 2013 5:44:42 PM org.apache.catalina.core.ContainerBase stop
INFO: Container org.apache.catalina.core.ContainerBase.[Catalina].[localhost].[/management-high-school-portlet].[JSON Servlet] has not been started
Aug 6, 2013 5:44:42 PM org.apache.catalina.core.ContainerBase stop
INFO: Container org.apache.catalina.core.ContainerBase.[Catalina].[localhost].[/management-high-school-portlet].[tvdchartsportlet] has not been started
Aug 6, 2013 5:44:42 PM org.apache.catalina.startup.HostConfig checkResources
WARNING: Error during context [/management-high-school-portlet] restart
LifecycleException:  Manager has not yet been started
	at org.apache.catalina.session.StandardManager.stop(StandardManager.java:666)
	at org.apache.catalina.core.StandardContext.stop(StandardContext.java:4774)
	at org.apache.catalina.startup.HostConfig.checkResources(HostConfig.java:1236)
	at org.apache.catalina.startup.HostConfig.check(HostConfig.java:1342)
	at org.apache.catalina.startup.HostConfig.lifecycleEvent(HostConfig.java:303)
	at org.apache.catalina.util.LifecycleSupport.fireLifecycleEvent(LifecycleSupport.java:119)
	at org.apache.catalina.core.ContainerBase.backgroundProcess(ContainerBase.java:1337)
	at org.apache.catalina.core.ContainerBase$ContainerBackgroundProcessor.processChildren(ContainerBase.java:1601)
	at org.apache.catalina.core.ContainerBase$ContainerBackgroundProcessor.processChildren(ContainerBase.java:1610)
	at org.apache.catalina.core.ContainerBase$ContainerBackgroundProcessor.run(ContainerBase.java:1590)
	at java.lang.Thread.run(Thread.java:679)
Aug 6, 2013 5:44:44 PM org.apache.catalina.core.StandardContext start
INFO: Container org.apache.catalina.core.ContainerBase.[Catalina].[localhost].[/management-high-school-portlet] has already been started
Aug 6, 2013 5:52:42 PM org.apache.catalina.core.AprLifecycleListener init
INFO: The APR based Apache Tomcat Native library which allows optimal performance in production environments was not found on the java.library.path: /usr/lib/jvm/java-6-openjdk/jre/lib/amd64/server:/usr/lib/jvm/java-6-openjdk/jre/lib/amd64:/usr/lib/jvm/java-6-openjdk/jre/../lib/amd64:/usr/java/packages/lib/amd64:/usr/lib/jni:/lib:/usr/lib
Aug 6, 2013 5:52:43 PM org.apache.coyote.http11.Http11Protocol init
INFO: Initializing Coyote HTTP/1.1 on http-8080
Aug 6, 2013 5:52:43 PM org.apache.catalina.startup.Catalina load
INFO: Initialization processed in 1102 ms
Aug 6, 2013 5:52:43 PM org.apache.catalina.core.StandardService start
INFO: Starting service Catalina
Aug 6, 2013 5:52:43 PM org.apache.catalina.core.StandardEngine start
INFO: Starting Servlet Engine: Apache Tomcat/6.0.29
Aug 6, 2013 5:52:43 PM org.apache.catalina.startup.HostConfig deployDescriptor
INFO: Deploying configuration descriptor ROOT.xml
Aug 6, 2013 5:53:21 PM org.apache.catalina.startup.HostConfig deployDescriptor
INFO: Deploying configuration descriptor tvd-slogan-contest-portlet.xml
Aug 6, 2013 5:53:21 PM org.apache.catalina.startup.HostConfig deployDescriptor
WARNING: A docBase /home/tvd/liferay/bundles/liferay-portal-6.0.6/tomcat-6.0.29/webapps/D:\liferay\bundles\liferay-portal-6.0.6\tomcat-6.0.29\webapps\tvd-slogan-contest-portlet inside the host appBase has been specified, and will be ignored
Aug 6, 2013 5:53:25 PM org.apache.catalina.startup.HostConfig deployDescriptor
INFO: Deploying configuration descriptor send-receive-message-portlet.xml
Aug 6, 2013 5:53:25 PM org.apache.catalina.startup.HostConfig deployDescriptor
WARNING: A docBase /home/tvd/liferay/bundles/liferay-portal-6.0.6/tomcat-6.0.29/webapps/D:\liferay\bundles\liferay-portal-6.0.6\tomcat-6.0.29\webapps\send-receive-message-portlet inside the host appBase has been specified, and will be ignored
Aug 6, 2013 5:53:26 PM org.apache.catalina.startup.HostConfig deployDirectory
INFO: Deploying web application directory opensocial-portlet
Aug 6, 2013 5:53:31 PM org.apache.catalina.startup.HostConfig deployDirectory
INFO: Deploying web application directory default-site-templates-hook
Aug 6, 2013 5:53:32 PM org.apache.catalina.startup.HostConfig deployDirectory
INFO: Deploying web application directory kaleo-web
Aug 6, 2013 5:53:36 PM org.apache.catalina.startup.HostConfig deployDirectory
INFO: Deploying web application directory html5-initializr-theme
Aug 6, 2013 5:53:36 PM org.apache.catalina.startup.HostConfig deployDirectory
INFO: Deploying web application directory management-high-school-portlet
Aug 6, 2013 5:53:38 PM org.apache.catalina.startup.HostConfig deployDirectory
INFO: Deploying web application directory product-registration-portlet
Aug 6, 2013 5:53:39 PM org.apache.catalina.startup.HostConfig deployDirectory
INFO: Deploying web application directory google-maps-portlet
Aug 6, 2013 5:53:40 PM org.apache.catalina.startup.HostConfig deployDirectory
INFO: Deploying web application directory chat-portlet
Aug 6, 2013 5:53:41 PM org.apache.catalina.startup.HostConfig deployDirectory
INFO: Deploying web application directory web-form-portlet
Aug 6, 2013 5:53:42 PM org.apache.catalina.startup.HostConfig deployDirectory
INFO: Deploying web application directory sevencogs-theme
Aug 6, 2013 5:53:42 PM org.apache.catalina.startup.HostConfig deployDirectory
INFO: Deploying web application directory social-networking-portlet
Aug 6, 2013 5:53:43 PM org.apache.catalina.startup.HostConfig deployDirectory
INFO: Deploying web application directory sevencogs-mobile-theme
Aug 6, 2013 5:53:44 PM org.apache.catalina.startup.HostConfig deployDirectory
INFO: Deploying web application directory inkwell-internet-theme
Aug 6, 2013 5:53:47 PM org.apache.catalina.startup.HostConfig deployDirectory
INFO: Deploying web application directory mail-portlet
Aug 6, 2013 5:53:49 PM org.apache.catalina.startup.HostConfig deployDirectory
INFO: Deploying web application directory wsrp-portlet
Aug 6, 2013 5:53:51 PM org.apache.catalina.startup.HostConfig deployDirectory
INFO: Deploying web application directory slogan-contest-portlet
Aug 6, 2013 5:53:52 PM org.apache.catalina.startup.HostConfig deployDirectory
INFO: Deploying web application directory tunnel-web
Aug 6, 2013 5:53:54 PM org.apache.catalina.startup.HostConfig deployDirectory
INFO: Deploying web application directory sevencogs-hook
Aug 6, 2013 5:53:54 PM org.apache.coyote.http11.Http11Protocol start
INFO: Starting Coyote HTTP/1.1 on http-8080
Aug 6, 2013 5:53:54 PM org.apache.jk.common.ChannelSocket init
INFO: JK: ajp13 listening on /0.0.0.0:8009
Aug 6, 2013 5:53:54 PM org.apache.jk.server.JkMain start
INFO: Jk running ID=0 time=0/50  config=null
Aug 6, 2013 5:53:54 PM org.apache.catalina.startup.Catalina start
INFO: Server startup in 71371 ms
Aug 6, 2013 5:56:24 PM org.apache.catalina.startup.HostConfig checkResources
INFO: Reloading context [/management-high-school-portlet]
Aug 6, 2013 5:59:06 PM org.apache.catalina.startup.HostConfig checkResources
INFO: Reloading context [/management-high-school-portlet]
Aug 6, 2013 6:03:58 PM org.apache.catalina.startup.HostConfig checkResources
INFO: Reloading context [/management-high-school-portlet]
Aug 6, 2013 6:05:20 PM org.apache.catalina.startup.HostConfig checkResources
INFO: Reloading context [/management-high-school-portlet]
Aug 6, 2013 6:08:22 PM org.apache.catalina.startup.HostConfig checkResources
INFO: Reloading context [/management-high-school-portlet]
Aug 6, 2013 6:09:54 PM org.apache.catalina.startup.HostConfig checkResources
INFO: Reloading context [/management-high-school-portlet]
Aug 6, 2013 6:11:55 PM org.apache.catalina.startup.HostConfig checkResources
INFO: Reloading context [/management-high-school-portlet]
Aug 6, 2013 6:13:07 PM org.apache.catalina.startup.HostConfig checkResources
INFO: Reloading context [/management-high-school-portlet]
Aug 6, 2013 6:14:18 PM org.apache.catalina.startup.HostConfig checkResources
INFO: Reloading context [/management-high-school-portlet]
Aug 6, 2013 6:15:47 PM org.apache.coyote.http11.Http11Protocol pause
INFO: Pausing Coyote HTTP/1.1 on http-8080
Aug 6, 2013 6:15:48 PM org.apache.catalina.core.StandardService stop
INFO: Stopping service Catalina
Aug 6, 2013 6:15:52 PM org.apache.catalina.loader.WebappClassLoader clearThreadLocalMap
SEVERE: The web application [/wsrp-portlet] created a ThreadLocal with key of type [org.apache.axis.utils.XMLUtils.ThreadLocalDocumentBuilder] (value [org.apache.axis.utils.XMLUtils$ThreadLocalDocumentBuilder@4bbcbd5a]) and a value of type [com.sun.org.apache.xerces.internal.jaxp.DocumentBuilderImpl] (value [com.sun.org.apache.xerces.internal.jaxp.DocumentBuilderImpl@5433868e]) but failed to remove it when the web application was stopped. This is very likely to create a memory leak.
Aug 6, 2013 6:15:52 PM org.apache.catalina.loader.WebappClassLoader clearReferencesThreads
SEVERE: The web application [/opensocial-portlet] appears to have started a thread named [com.google.inject.internal.Finalizer] but has failed to stop it. This is very likely to create a memory leak.
Aug 6, 2013 6:15:52 PM org.apache.catalina.loader.WebappClassLoader clearThreadLocalMap
SEVERE: The web application [/opensocial-portlet] created a ThreadLocal with key of type [null] (value [org.apache.shindig.common.xml.XmlUtil$2@1bf8c49e]) and a value of type [org.apache.xerces.jaxp.DocumentBuilderImpl] (value [org.apache.xerces.jaxp.DocumentBuilderImpl@69346f6a]) but failed to remove it when the web application was stopped. This is very likely to create a memory leak.
Aug 6, 2013 6:15:52 PM org.apache.catalina.loader.WebappClassLoader clearThreadLocalMap
SEVERE: The web application [/opensocial-portlet] created a ThreadLocal with key of type [null] (value [com.google.inject.InjectorImpl$1@717ece1b]) and a value of type [java.lang.Object[]] (value [[Ljava.lang.Object;@3c0d88d3]) but failed to remove it when the web application was stopped. This is very likely to create a memory leak.
Aug 6, 2013 6:15:52 PM org.apache.coyote.http11.Http11Protocol destroy
INFO: Stopping Coyote HTTP/1.1 on http-8080
