Jul 13, 2013 4:39:55 AM org.apache.catalina.startup.HostConfig checkResources
INFO: Reloading context [/html5-initializr-theme]
Jul 13, 2013 4:40:17 AM org.apache.catalina.startup.HostConfig checkResources
INFO: Reloading context [/management-high-school-portlet]
Jul 13, 2013 4:42:41 AM org.apache.catalina.startup.HostConfig checkResources
INFO: Reloading context [/management-high-school-portlet]
Jul 13, 2013 4:45:13 AM org.apache.catalina.startup.HostConfig checkResources
INFO: Reloading context [/management-high-school-portlet]
Jul 13, 2013 4:58:59 AM org.apache.catalina.startup.HostConfig checkResources
INFO: Reloading context [/management-high-school-portlet]
Jul 13, 2013 5:03:23 AM org.apache.catalina.startup.HostConfig checkResources
INFO: Reloading context [/management-high-school-portlet]
Jul 13, 2013 5:05:26 AM org.apache.catalina.startup.HostConfig checkResources
INFO: Reloading context [/management-high-school-portlet]
Jul 13, 2013 5:08:59 AM org.apache.catalina.startup.HostConfig checkResources
INFO: Reloading context [/management-high-school-portlet]
Jul 13, 2013 5:09:32 AM org.apache.catalina.startup.HostConfig checkResources
INFO: Reloading context [/management-high-school-portlet]
Jul 13, 2013 5:10:23 AM org.apache.catalina.startup.HostConfig checkResources
INFO: Reloading context [/management-high-school-portlet]
Jul 13, 2013 5:12:36 AM org.apache.catalina.startup.HostConfig checkResources
INFO: Reloading context [/management-high-school-portlet]
Jul 13, 2013 5:17:08 AM org.apache.catalina.startup.HostConfig checkResources
INFO: Reloading context [/management-high-school-portlet]
Jul 13, 2013 5:19:11 AM org.apache.catalina.startup.HostConfig checkResources
INFO: Reloading context [/management-high-school-portlet]
Jul 13, 2013 5:20:23 AM org.apache.catalina.startup.HostConfig checkResources
INFO: Reloading context [/management-high-school-portlet]
Jul 13, 2013 5:25:08 AM org.apache.catalina.startup.HostConfig checkResources
INFO: Reloading context [/management-high-school-portlet]
Jul 13, 2013 5:26:20 AM org.apache.catalina.startup.HostConfig checkResources
INFO: Reloading context [/management-high-school-portlet]
Jul 13, 2013 5:31:14 AM org.apache.catalina.startup.HostConfig checkResources
INFO: Reloading context [/management-high-school-portlet]
Jul 13, 2013 5:36:17 AM org.apache.catalina.startup.HostConfig checkResources
INFO: Reloading context [/management-high-school-portlet]
Jul 13, 2013 5:37:49 AM org.apache.catalina.startup.HostConfig checkResources
INFO: Reloading context [/management-high-school-portlet]
Jul 13, 2013 5:39:52 AM org.apache.catalina.startup.HostConfig checkResources
INFO: Reloading context [/management-high-school-portlet]
Jul 13, 2013 5:42:04 AM org.apache.catalina.startup.HostConfig checkResources
INFO: Reloading context [/management-high-school-portlet]
Jul 13, 2013 5:42:47 AM org.apache.catalina.startup.HostConfig checkResources
INFO: Reloading context [/management-high-school-portlet]
Jul 13, 2013 5:44:08 AM org.apache.catalina.startup.HostConfig checkResources
INFO: Reloading context [/management-high-school-portlet]
Jul 13, 2013 5:46:41 AM org.apache.catalina.startup.HostConfig checkResources
INFO: Reloading context [/management-high-school-portlet]
Jul 13, 2013 5:48:43 AM org.apache.catalina.startup.HostConfig checkResources
INFO: Reloading context [/management-high-school-portlet]
Jul 13, 2013 6:12:21 AM org.apache.catalina.startup.HostConfig checkResources
INFO: Reloading context [/management-high-school-portlet]
Jul 13, 2013 6:14:43 AM org.apache.catalina.startup.HostConfig checkResources
INFO: Reloading context [/management-high-school-portlet]
Jul 13, 2013 6:15:14 AM org.apache.catalina.startup.HostConfig checkResources
INFO: Reloading context [/management-high-school-portlet]
Jul 13, 2013 6:19:58 AM org.apache.catalina.startup.HostConfig checkResources
INFO: Reloading context [/management-high-school-portlet]
Jul 13, 2013 6:20:19 AM org.apache.catalina.startup.HostConfig checkResources
INFO: Reloading context [/html5-initializr-theme]
Jul 13, 2013 6:21:30 AM org.apache.catalina.startup.HostConfig checkResources
INFO: Reloading context [/html5-initializr-theme]
Jul 13, 2013 6:24:01 AM org.apache.catalina.startup.HostConfig checkResources
INFO: Reloading context [/html5-initializr-theme]
Jul 13, 2013 6:25:03 AM org.apache.catalina.startup.HostConfig checkResources
INFO: Reloading context [/html5-initializr-theme]
Jul 13, 2013 6:26:54 AM org.apache.catalina.startup.HostConfig checkResources
INFO: Reloading context [/html5-initializr-theme]
Jul 13, 2013 6:31:25 AM org.apache.catalina.startup.HostConfig checkResources
INFO: Reloading context [/html5-initializr-theme]
Jul 13, 2013 6:33:06 AM org.apache.catalina.startup.HostConfig checkResources
INFO: Reloading context [/html5-initializr-theme]
Jul 13, 2013 6:34:07 AM org.apache.catalina.startup.HostConfig checkResources
INFO: Reloading context [/html5-initializr-theme]
Jul 13, 2013 6:35:07 AM org.apache.catalina.startup.HostConfig checkResources
INFO: Reloading context [/html5-initializr-theme]
Jul 13, 2013 7:04:07 AM org.apache.catalina.startup.HostConfig checkResources
INFO: Reloading context [/html5-initializr-theme]
Jul 13, 2013 8:30:20 AM org.apache.catalina.startup.HostConfig checkResources
INFO: Reloading context [/management-high-school-portlet]
Jul 13, 2013 8:31:05 AM org.apache.catalina.startup.HostConfig checkResources
INFO: Reloading context [/management-high-school-portlet]
Jul 13, 2013 8:32:37 AM org.apache.catalina.startup.HostConfig checkResources
INFO: Reloading context [/management-high-school-portlet]
Jul 13, 2013 8:34:30 AM org.apache.catalina.startup.HostConfig checkResources
INFO: Reloading context [/management-high-school-portlet]
Jul 13, 2013 8:41:53 AM org.apache.catalina.startup.HostConfig checkResources
INFO: Reloading context [/management-high-school-portlet]
Jul 13, 2013 9:00:00 AM org.apache.catalina.startup.HostConfig checkResources
INFO: Reloading context [/management-high-school-portlet]
Jul 13, 2013 9:01:02 AM org.apache.catalina.startup.HostConfig checkResources
INFO: Reloading context [/management-high-school-portlet]
Jul 13, 2013 9:01:55 AM org.apache.catalina.startup.HostConfig checkResources
INFO: Reloading context [/management-high-school-portlet]
Jul 13, 2013 9:03:06 AM org.apache.catalina.startup.HostConfig checkResources
INFO: Reloading context [/management-high-school-portlet]
Jul 13, 2013 9:03:58 AM org.apache.catalina.startup.HostConfig checkResources
INFO: Reloading context [/management-high-school-portlet]
Jul 13, 2013 9:05:51 AM org.apache.catalina.startup.HostConfig checkResources
INFO: Reloading context [/management-high-school-portlet]
Jul 13, 2013 9:09:44 AM org.apache.catalina.startup.HostConfig checkResources
INFO: Reloading context [/management-high-school-portlet]
Jul 13, 2013 9:11:57 AM org.apache.catalina.startup.HostConfig checkResources
INFO: Reloading context [/management-high-school-portlet]
Jul 13, 2013 9:15:59 AM org.apache.catalina.startup.HostConfig checkResources
INFO: Reloading context [/management-high-school-portlet]
Jul 13, 2013 9:19:53 AM org.apache.catalina.startup.HostConfig checkResources
INFO: Reloading context [/management-high-school-portlet]
Jul 13, 2013 9:24:26 AM org.apache.catalina.startup.HostConfig checkResources
INFO: Reloading context [/management-high-school-portlet]
Jul 13, 2013 9:31:10 AM org.apache.catalina.startup.HostConfig checkResources
INFO: Reloading context [/management-high-school-portlet]
Jul 13, 2013 9:33:02 AM org.apache.catalina.startup.HostConfig checkResources
INFO: Reloading context [/management-high-school-portlet]
Jul 13, 2013 9:35:36 AM org.apache.catalina.startup.HostConfig checkResources
INFO: Reloading context [/management-high-school-portlet]
Jul 13, 2013 9:36:17 AM org.apache.catalina.startup.HostConfig checkResources
INFO: Reloading context [/management-high-school-portlet]
Jul 13, 2013 9:40:20 AM org.apache.catalina.startup.HostConfig checkResources
INFO: Reloading context [/management-high-school-portlet]
Jul 13, 2013 9:42:03 AM org.apache.catalina.startup.HostConfig checkResources
INFO: Reloading context [/management-high-school-portlet]
Jul 13, 2013 9:43:35 AM org.apache.catalina.startup.HostConfig checkResources
INFO: Reloading context [/management-high-school-portlet]
Jul 13, 2013 9:45:58 AM org.apache.catalina.startup.HostConfig checkResources
INFO: Reloading context [/management-high-school-portlet]
Jul 13, 2013 9:46:39 AM org.apache.catalina.startup.HostConfig checkResources
INFO: Reloading context [/management-high-school-portlet]
Jul 13, 2013 9:47:32 AM org.apache.catalina.startup.HostConfig checkResources
INFO: Reloading context [/management-high-school-portlet]
Jul 13, 2013 9:48:54 AM org.apache.catalina.startup.HostConfig checkResources
INFO: Reloading context [/management-high-school-portlet]
Jul 13, 2013 9:55:57 AM org.apache.catalina.startup.HostConfig checkResources
INFO: Reloading context [/management-high-school-portlet]
Jul 13, 2013 9:59:30 AM org.apache.catalina.startup.HostConfig checkResources
INFO: Reloading context [/management-high-school-portlet]
Jul 13, 2013 10:13:35 AM org.apache.catalina.startup.HostConfig checkResources
INFO: Reloading context [/management-high-school-portlet]
Jul 13, 2013 10:21:10 AM org.apache.catalina.startup.HostConfig checkResources
INFO: Reloading context [/management-high-school-portlet]
Jul 13, 2013 10:24:02 AM org.apache.catalina.startup.HostConfig checkResources
INFO: Reloading context [/management-high-school-portlet]
Jul 13, 2013 10:25:45 AM org.apache.catalina.startup.HostConfig checkResources
INFO: Reloading context [/management-high-school-portlet]
Jul 13, 2013 10:29:08 AM org.apache.catalina.startup.HostConfig checkResources
INFO: Reloading context [/management-high-school-portlet]
Jul 13, 2013 10:42:04 AM org.apache.catalina.startup.HostConfig checkResources
INFO: Reloading context [/management-high-school-portlet]
Jul 13, 2013 10:46:57 AM org.apache.catalina.startup.HostConfig checkResources
INFO: Reloading context [/management-high-school-portlet]
Jul 13, 2013 10:48:19 AM org.apache.catalina.startup.HostConfig checkResources
INFO: Reloading context [/management-high-school-portlet]
Jul 13, 2013 10:49:02 AM org.apache.catalina.startup.HostConfig checkResources
INFO: Reloading context [/management-high-school-portlet]
Jul 13, 2013 10:50:04 AM org.apache.catalina.startup.HostConfig checkResources
INFO: Reloading context [/management-high-school-portlet]
Jul 13, 2013 10:52:27 AM org.apache.catalina.startup.HostConfig checkResources
INFO: Reloading context [/management-high-school-portlet]
Jul 13, 2013 10:54:09 AM org.apache.catalina.startup.HostConfig checkResources
INFO: Reloading context [/management-high-school-portlet]
Jul 13, 2013 10:55:11 AM org.apache.catalina.startup.HostConfig checkResources
INFO: Reloading context [/management-high-school-portlet]
Jul 13, 2013 10:56:43 AM org.apache.catalina.startup.HostConfig checkResources
INFO: Reloading context [/management-high-school-portlet]
Jul 13, 2013 11:06:26 AM org.apache.catalina.startup.HostConfig checkResources
INFO: Reloading context [/management-high-school-portlet]
Jul 13, 2013 11:08:00 AM org.apache.catalina.startup.HostConfig checkResources
INFO: Reloading context [/management-high-school-portlet]
Jul 13, 2013 11:12:03 AM org.apache.catalina.startup.HostConfig checkResources
INFO: Reloading context [/management-high-school-portlet]
Jul 13, 2013 2:10:09 PM org.apache.catalina.startup.HostConfig checkResources
INFO: Reloading context [/management-high-school-portlet]
Jul 13, 2013 2:12:17 PM org.apache.catalina.startup.HostConfig checkResources
INFO: Reloading context [/management-high-school-portlet]
Jul 13, 2013 2:13:38 PM org.apache.catalina.startup.HostConfig checkResources
INFO: Reloading context [/management-high-school-portlet]
Jul 13, 2013 5:47:02 PM org.apache.catalina.startup.HostConfig checkResources
INFO: Reloading context [/management-high-school-portlet]
Jul 13, 2013 5:48:47 PM org.apache.catalina.startup.HostConfig checkResources
INFO: Reloading context [/html5-initializr-theme]
Jul 13, 2013 5:51:28 PM org.apache.catalina.startup.HostConfig checkResources
INFO: Reloading context [/html5-initializr-theme]
Jul 13, 2013 5:51:49 PM org.apache.catalina.startup.HostConfig checkResources
INFO: Reloading context [/management-high-school-portlet]
Jul 13, 2013 5:54:03 PM org.apache.catalina.startup.HostConfig checkResources
INFO: Reloading context [/html5-initializr-theme]
Jul 13, 2013 5:59:44 PM org.apache.catalina.startup.HostConfig checkResources
INFO: Reloading context [/html5-initializr-theme]
Jul 13, 2013 6:01:39 PM org.apache.catalina.startup.HostConfig checkResources
INFO: Reloading context [/html5-initializr-theme]
Jul 13, 2013 6:02:50 PM org.apache.catalina.startup.HostConfig checkResources
INFO: Reloading context [/html5-initializr-theme]
Jul 13, 2013 6:03:50 PM org.apache.catalina.startup.HostConfig checkResources
INFO: Reloading context [/html5-initializr-theme]
Jul 13, 2013 6:08:12 PM org.apache.catalina.startup.HostConfig checkResources
INFO: Reloading context [/html5-initializr-theme]
Jul 13, 2013 6:09:23 PM org.apache.catalina.startup.HostConfig checkResources
INFO: Reloading context [/html5-initializr-theme]
Jul 13, 2013 6:11:34 PM org.apache.catalina.startup.HostConfig checkResources
INFO: Reloading context [/html5-initializr-theme]
Jul 13, 2013 6:13:35 PM org.apache.catalina.startup.HostConfig checkResources
INFO: Reloading context [/html5-initializr-theme]
Jul 13, 2013 7:49:49 PM org.apache.catalina.startup.HostConfig checkResources
INFO: Reloading context [/management-high-school-portlet]
Jul 13, 2013 7:51:53 PM org.apache.catalina.startup.HostConfig checkResources
INFO: Reloading context [/management-high-school-portlet]
Jul 13, 2013 7:55:15 PM org.apache.catalina.startup.HostConfig checkResources
INFO: Reloading context [/management-high-school-portlet]
Jul 13, 2013 7:55:53 PM org.apache.catalina.connector.MapperListener handleNotification
WARNING: Error registering Wrapper Catalina:j2eeType=Servlet,name=carouselnavigator,WebModule=//localhost/management-high-school-portlet,J2EEApplication=none,J2EEServer=none
javax.management.RuntimeErrorException: java.lang.OutOfMemoryError: PermGen space
	at com.sun.jmx.interceptor.DefaultMBeanServerInterceptor.rethrow(DefaultMBeanServerInterceptor.java:858)
	at com.sun.jmx.interceptor.DefaultMBeanServerInterceptor.rethrowMaybeMBeanException(DefaultMBeanServerInterceptor.java:869)
	at com.sun.jmx.interceptor.DefaultMBeanServerInterceptor.invoke(DefaultMBeanServerInterceptor.java:838)
	at com.sun.jmx.mbeanserver.JmxMBeanServer.invoke(JmxMBeanServer.java:761)
	at org.apache.catalina.connector.MapperListener.registerWrapper(MapperListener.java:539)
	at org.apache.catalina.connector.MapperListener.handleNotification(MapperListener.java:236)
	at com.sun.jmx.interceptor.DefaultMBeanServerInterceptor$ListenerWrapper.handleNotification(DefaultMBeanServerInterceptor.java:1732)
	at javax.management.NotificationBroadcasterSupport.handleNotification(NotificationBroadcasterSupport.java:257)
	at javax.management.NotificationBroadcasterSupport$SendNotifJob.run(NotificationBroadcasterSupport.java:322)
	at javax.management.NotificationBroadcasterSupport$1.execute(NotificationBroadcasterSupport.java:307)
	at javax.management.NotificationBroadcasterSupport.sendNotification(NotificationBroadcasterSupport.java:229)
	at javax.management.MBeanServerDelegate.sendNotification(MBeanServerDelegate.java:193)
	at com.sun.jmx.interceptor.DefaultMBeanServerInterceptor.sendNotification(DefaultMBeanServerInterceptor.java:1524)
	at com.sun.jmx.interceptor.DefaultMBeanServerInterceptor.internal_addObject(DefaultMBeanServerInterceptor.java:1501)
	at com.sun.jmx.interceptor.DefaultMBeanServerInterceptor.registerDynamicMBean(DefaultMBeanServerInterceptor.java:963)
	at com.sun.jmx.interceptor.DefaultMBeanServerInterceptor.registerObject(DefaultMBeanServerInterceptor.java:917)
	at com.sun.jmx.interceptor.DefaultMBeanServerInterceptor.registerMBean(DefaultMBeanServerInterceptor.java:312)
	at com.sun.jmx.mbeanserver.JmxMBeanServer.registerMBean(JmxMBeanServer.java:482)
	at org.apache.tomcat.util.modeler.Registry.registerComponent(Registry.java:806)
	at org.apache.catalina.core.StandardWrapper.registerJMX(StandardWrapper.java:1790)
	at org.apache.catalina.core.StandardContext.registerJMX(StandardContext.java:5499)
	at org.apache.catalina.core.StandardContext.start(StandardContext.java:4683)
	at org.apache.catalina.startup.HostConfig.checkResources(HostConfig.java:1244)
	at org.apache.catalina.startup.HostConfig.check(HostConfig.java:1342)
	at org.apache.catalina.startup.HostConfig.lifecycleEvent(HostConfig.java:303)
	at org.apache.catalina.util.LifecycleSupport.fireLifecycleEvent(LifecycleSupport.java:119)
	at org.apache.catalina.core.ContainerBase.backgroundProcess(ContainerBase.java:1337)
	at org.apache.catalina.core.ContainerBase$ContainerBackgroundProcessor.processChildren(ContainerBase.java:1601)
	at org.apache.catalina.core.ContainerBase$ContainerBackgroundProcessor.processChildren(ContainerBase.java:1610)
	at org.apache.catalina.core.ContainerBase$ContainerBackgroundProcessor.run(ContainerBase.java:1590)
	at java.lang.Thread.run(Thread.java:619)
Caused by: java.lang.OutOfMemoryError: PermGen space
Jul 13, 2013 7:55:53 PM org.apache.coyote.http11.Http11Protocol pause
INFO: Pausing Coyote HTTP/1.1 on http-8080
Jul 13, 2013 7:55:54 PM org.apache.catalina.core.StandardService stop
INFO: Stopping service Catalina
Jul 13, 2013 7:56:17 PM org.apache.catalina.loader.WebappClassLoader clearReferencesThreads
SEVERE: The web application [] appears to have started a thread named [AWT-Windows] but has failed to stop it. This is very likely to create a memory leak.
Jul 13, 2013 7:56:17 PM org.apache.catalina.loader.WebappClassLoader clearThreadLocalMap
SEVERE: The web application [/wsrp-portlet] created a ThreadLocal with key of type [org.apache.axis.utils.XMLUtils.ThreadLocalDocumentBuilder] (value [org.apache.axis.utils.XMLUtils$ThreadLocalDocumentBuilder@40c404]) and a value of type [com.sun.org.apache.xerces.internal.jaxp.DocumentBuilderImpl] (value [com.sun.org.apache.xerces.internal.jaxp.DocumentBuilderImpl@5059d]) but failed to remove it when the web application was stopped. This is very likely to create a memory leak.
Jul 13, 2013 7:56:19 PM org.apache.catalina.loader.WebappClassLoader clearReferencesThreads
SEVERE: The web application [/opensocial-portlet] appears to have started a thread named [com.google.inject.internal.Finalizer] but has failed to stop it. This is very likely to create a memory leak.
Jul 13, 2013 7:56:19 PM org.apache.catalina.loader.WebappClassLoader clearThreadLocalMap
SEVERE: The web application [/opensocial-portlet] created a ThreadLocal with key of type [null] (value [com.google.inject.InjectorImpl$1@232b5a]) and a value of type [java.lang.Object[]] (value [[Ljava.lang.Object;@f33545]) but failed to remove it when the web application was stopped. This is very likely to create a memory leak.
Jul 13, 2013 7:56:19 PM org.apache.catalina.loader.WebappClassLoader clearThreadLocalMap
SEVERE: The web application [/opensocial-portlet] created a ThreadLocal with key of type [null] (value [org.apache.shindig.common.xml.XmlUtil$2@12e6d81]) and a value of type [org.apache.xerces.jaxp.DocumentBuilderImpl] (value [org.apache.xerces.jaxp.DocumentBuilderImpl@1175195]) but failed to remove it when the web application was stopped. This is very likely to create a memory leak.
Jul 13, 2013 7:56:19 PM org.apache.coyote.http11.Http11Protocol destroy
INFO: Stopping Coyote HTTP/1.1 on http-8080
Jul 13, 2013 7:56:21 PM org.apache.catalina.core.AprLifecycleListener init
INFO: The APR based Apache Tomcat Native library which allows optimal performance in production environments was not found on the java.library.path: D:\liferay\bundles\liferay-portal-6.0.6\tomcat-6.0.29\jre1.6.0_20\win\bin;.;C:\Windows\Sun\Java\bin;C:\Windows\system32;C:\Windows;C:\Windows\system32;C:\Windows;C:\Windows\System32\Wbem;C:\Windows\System32\WindowsPowerShell\v1.0\;D:\liferay\apache-ant-1.8.4\bin;C:\Program Files\Java\jre7\bin;D:\velocity\velocity-1.7\build;D:\Program Files\QuickTime\QTSystem\;D:\Sax\lib;C:\Program Files\Microsoft SQL Server\110\Tools\Binn\;C:\Program Files (x86)\Microsoft SQL Server\110\Tools\Binn\;C:\Program Files\Microsoft SQL Server\110\DTS\Binn\;C:\Program Files (x86)\Microsoft SQL Server\110\Tools\Binn\ManagementStudio\;C:\Program Files (x86)\Microsoft Visual Studio 10.0\Common7\IDE\PrivateAssemblies\;C:\Program Files (x86)\Microsoft SQL Server\110\DTS\Binn\;D:\Dev-Cpp\bin;C:\Program Files (x86)\Microsoft Visual Studio\VC98\Bin;C:\Program Files (x86)\OpenOffice.org 3\program;C:\Program Files (x86)\Microsoft Visual Studio\Common\Tools\WinNT;C:\Program Files (x86)\Microsoft Visual Studio\Common\MSDev98\Bin;C:\Program Files (x86)\Microsoft Visual Studio\Common\Tools;C:\Program Files (x86)\Microsoft Visual Studio\VC98\bin;D:\Program Files\VC98\Tools\WinNT;D:\Program Files\VC98\MSDev98\Bin;D:\Program Files\VC98\Tools;D:\Program Files\VB\Tools\WinNT;D:\Program Files\VB\MSDev98\Bin;D:\Program Files\VB\Tools;D:\Program Files\VC98\bin;D:\Program Files\AppServ\Apache2.2\bin;D:\Program Files\AppServ\php5;D:\Program Files\AppServ\MySQL\bin
Jul 13, 2013 7:56:22 PM org.apache.coyote.http11.Http11Protocol init
INFO: Initializing Coyote HTTP/1.1 on http-8080
Jul 13, 2013 7:56:22 PM org.apache.catalina.startup.Catalina load
INFO: Initialization processed in 860 ms
Jul 13, 2013 7:56:22 PM org.apache.catalina.core.StandardService start
INFO: Starting service Catalina
Jul 13, 2013 7:56:22 PM org.apache.catalina.core.StandardEngine start
INFO: Starting Servlet Engine: Apache Tomcat/6.0.29
Jul 13, 2013 7:56:22 PM org.apache.catalina.startup.HostConfig deployDescriptor
INFO: Deploying configuration descriptor ROOT.xml
Jul 13, 2013 7:57:10 PM org.apache.catalina.startup.HostConfig deployDescriptor
INFO: Deploying configuration descriptor send-receive-message-portlet.xml
Jul 13, 2013 7:57:10 PM org.apache.catalina.startup.HostConfig deployDescriptor
WARNING: A docBase D:\liferay\bundles\liferay-portal-6.0.6\tomcat-6.0.29\webapps\send-receive-message-portlet inside the host appBase has been specified, and will be ignored
Jul 13, 2013 7:57:14 PM org.apache.catalina.startup.HostConfig deployDescriptor
INFO: Deploying configuration descriptor tvd-slogan-contest-portlet.xml
Jul 13, 2013 7:57:14 PM org.apache.catalina.startup.HostConfig deployDescriptor
WARNING: A docBase D:\liferay\bundles\liferay-portal-6.0.6\tomcat-6.0.29\webapps\tvd-slogan-contest-portlet inside the host appBase has been specified, and will be ignored
Jul 13, 2013 7:57:17 PM org.apache.catalina.startup.HostConfig deployDirectory
INFO: Deploying web application directory chat-portlet
Jul 13, 2013 7:57:18 PM org.apache.catalina.startup.HostConfig deployDirectory
INFO: Deploying web application directory default-site-templates-hook
Jul 13, 2013 7:57:18 PM org.apache.catalina.startup.HostConfig deployDirectory
INFO: Deploying web application directory google-maps-portlet
Jul 13, 2013 7:57:19 PM org.apache.catalina.startup.HostConfig deployDirectory
INFO: Deploying web application directory kaleo-web
Jul 13, 2013 7:57:24 PM org.apache.catalina.startup.HostConfig deployDirectory
INFO: Deploying web application directory mail-portlet
Jul 13, 2013 7:57:27 PM org.apache.catalina.startup.HostConfig deployDirectory
INFO: Deploying web application directory opensocial-portlet
Jul 13, 2013 7:57:34 PM org.apache.catalina.startup.HostConfig deployDirectory
INFO: Deploying web application directory sevencogs-hook
Jul 13, 2013 7:57:34 PM org.apache.catalina.startup.HostConfig deployDirectory
INFO: Deploying web application directory sevencogs-mobile-theme
Jul 13, 2013 7:57:35 PM org.apache.catalina.startup.HostConfig deployDirectory
INFO: Deploying web application directory sevencogs-theme
Jul 13, 2013 7:57:36 PM org.apache.catalina.startup.HostConfig deployDirectory
INFO: Deploying web application directory social-networking-portlet
Jul 13, 2013 7:57:37 PM org.apache.catalina.startup.HostConfig deployDirectory
INFO: Deploying web application directory tunnel-web
Jul 13, 2013 7:57:39 PM org.apache.catalina.startup.HostConfig deployDirectory
INFO: Deploying web application directory web-form-portlet
Jul 13, 2013 7:57:40 PM org.apache.catalina.startup.HostConfig deployDirectory
INFO: Deploying web application directory wsrp-portlet
Jul 13, 2013 7:57:44 PM org.apache.catalina.startup.HostConfig deployDirectory
INFO: Deploying web application directory product-registration-portlet
Jul 13, 2013 7:57:46 PM org.apache.catalina.startup.HostConfig deployDirectory
INFO: Deploying web application directory slogan-contest-portlet
Jul 13, 2013 7:57:49 PM org.apache.catalina.startup.HostConfig deployDirectory
INFO: Deploying web application directory management-high-school-portlet
Jul 13, 2013 7:57:51 PM org.apache.catalina.startup.HostConfig deployDirectory
INFO: Deploying web application directory inkwell-internet-theme
Jul 13, 2013 7:58:00 PM org.apache.catalina.startup.HostConfig deployDirectory
INFO: Deploying web application directory html5-initializr-theme
Jul 13, 2013 7:58:01 PM org.apache.coyote.http11.Http11Protocol start
INFO: Starting Coyote HTTP/1.1 on http-8080
Jul 13, 2013 7:58:01 PM org.apache.jk.common.ChannelSocket init
INFO: JK: ajp13 listening on /0.0.0.0:8009
Jul 13, 2013 7:58:01 PM org.apache.jk.server.JkMain start
INFO: Jk running ID=0 time=0/27  config=null
Jul 13, 2013 7:58:01 PM org.apache.catalina.startup.Catalina start
INFO: Server startup in 99149 ms
Jul 13, 2013 8:03:32 PM org.apache.catalina.startup.HostConfig checkResources
INFO: Reloading context [/management-high-school-portlet]
Jul 13, 2013 8:04:24 PM org.apache.catalina.startup.HostConfig checkResources
INFO: Reloading context [/management-high-school-portlet]
Jul 13, 2013 8:05:56 PM org.apache.catalina.startup.HostConfig checkResources
INFO: Reloading context [/management-high-school-portlet]
Jul 13, 2013 8:07:08 PM org.apache.catalina.startup.HostConfig checkResources
INFO: Reloading context [/management-high-school-portlet]
