May 20, 2013 11:01:14 AM org.apache.catalina.core.AprLifecycleListener init
INFO: The APR based Apache Tomcat Native library which allows optimal performance in production environments was not found on the java.library.path: D:\liferay\bundles\liferay-portal-6.0.6\tomcat-6.0.29\jre1.6.0_20\win\bin;.;C:\Windows\Sun\Java\bin;C:\Windows\system32;C:\Windows;C:\Windows\system32;C:\Windows;C:\Windows\System32\Wbem;C:\Windows\System32\WindowsPowerShell\v1.0\;D:\liferay\apache-ant-1.8.4\bin;C:\Program Files\Java\jre7\bin;D:\velocity\velocity-1.7\build;D:\Program Files\QuickTime\QTSystem\;D:\Sax\lib;C:\Program Files\Microsoft SQL Server\110\Tools\Binn\;C:\Program Files (x86)\Microsoft SQL Server\110\Tools\Binn\;C:\Program Files\Microsoft SQL Server\110\DTS\Binn\;C:\Program Files (x86)\Microsoft SQL Server\110\Tools\Binn\ManagementStudio\;C:\Program Files (x86)\Microsoft Visual Studio 10.0\Common7\IDE\PrivateAssemblies\;C:\Program Files (x86)\Microsoft SQL Server\110\DTS\Binn\;D:\Dev-Cpp\bin;C:\Program Files (x86)\Microsoft Visual Studio\VC98\Bin;C:\Program Files (x86)\Microsoft Visual Studio\Common\Tools\WinNT;C:\Program Files (x86)\Microsoft Visual Studio\Common\MSDev98\Bin;C:\Program Files (x86)\Microsoft Visual Studio\Common\Tools;C:\Program Files (x86)\Microsoft Visual Studio\VC98\bin;D:\Program Files\VC98\Tools\WinNT;D:\Program Files\VC98\MSDev98\Bin;D:\Program Files\VC98\Tools;D:\Program Files\VB\Tools\WinNT;D:\Program Files\VB\MSDev98\Bin;D:\Program Files\VB\Tools;D:\Program Files\VC98\bin;D:\Program Files\AppServ\Apache2.2\bin;D:\Program Files\AppServ\php5;D:\Program Files\AppServ\MySQL\bin
May 20, 2013 11:01:15 AM org.apache.coyote.http11.Http11Protocol init
INFO: Initializing Coyote HTTP/1.1 on http-8080
May 20, 2013 11:01:15 AM org.apache.catalina.startup.Catalina load
INFO: Initialization processed in 1621 ms
May 20, 2013 11:01:15 AM org.apache.catalina.core.StandardService start
INFO: Starting service Catalina
May 20, 2013 11:01:15 AM org.apache.catalina.core.StandardEngine start
INFO: Starting Servlet Engine: Apache Tomcat/6.0.29
May 20, 2013 11:01:15 AM org.apache.catalina.startup.HostConfig deployDescriptor
INFO: Deploying configuration descriptor ROOT.xml
May 20, 2013 11:02:18 AM org.apache.catalina.startup.HostConfig deployDirectory
INFO: Deploying web application directory chat-portlet
May 20, 2013 11:02:21 AM org.apache.catalina.startup.HostConfig deployDirectory
INFO: Deploying web application directory default-site-templates-hook
May 20, 2013 11:02:22 AM org.apache.catalina.startup.HostConfig deployDirectory
INFO: Deploying web application directory google-maps-portlet
May 20, 2013 11:02:23 AM org.apache.catalina.startup.HostConfig deployDirectory
INFO: Deploying web application directory kaleo-web
May 20, 2013 11:02:30 AM org.apache.catalina.startup.HostConfig deployDirectory
INFO: Deploying web application directory mail-portlet
May 20, 2013 11:02:34 AM org.apache.catalina.startup.HostConfig deployDirectory
INFO: Deploying web application directory opensocial-portlet
May 20, 2013 11:02:42 AM org.apache.catalina.startup.HostConfig deployDirectory
INFO: Deploying web application directory sevencogs-hook
May 20, 2013 11:02:42 AM org.apache.catalina.startup.HostConfig deployDirectory
INFO: Deploying web application directory sevencogs-mobile-theme
May 20, 2013 11:02:43 AM org.apache.catalina.startup.HostConfig deployDirectory
INFO: Deploying web application directory sevencogs-theme
May 20, 2013 11:02:45 AM org.apache.catalina.startup.HostConfig deployDirectory
INFO: Deploying web application directory social-networking-portlet
May 20, 2013 11:02:47 AM org.apache.catalina.startup.HostConfig deployDirectory
INFO: Deploying web application directory tunnel-web
May 20, 2013 11:02:50 AM org.apache.catalina.startup.HostConfig deployDirectory
INFO: Deploying web application directory web-form-portlet
May 20, 2013 11:02:52 AM org.apache.catalina.startup.HostConfig deployDirectory
INFO: Deploying web application directory wsrp-portlet
May 20, 2013 11:02:55 AM org.apache.catalina.startup.HostConfig deployDirectory
INFO: Deploying web application directory liferay-in-action-portlet
May 20, 2013 11:02:56 AM org.apache.catalina.startup.HostConfig deployDirectory
INFO: Deploying web application directory product-registration-portlet
May 20, 2013 11:02:59 AM org.apache.coyote.http11.Http11Protocol start
INFO: Starting Coyote HTTP/1.1 on http-8080
May 20, 2013 11:02:59 AM org.apache.jk.common.ChannelSocket init
INFO: JK: ajp13 listening on /0.0.0.0:8009
May 20, 2013 11:02:59 AM org.apache.jk.server.JkMain start
INFO: Jk running ID=0 time=0/43  config=null
May 20, 2013 11:02:59 AM org.apache.catalina.startup.Catalina start
INFO: Server startup in 104685 ms
May 20, 2013 11:47:12 AM org.apache.catalina.startup.HostConfig checkResources
INFO: Reloading context [/product-registration-portlet]
May 20, 2013 11:49:15 AM org.apache.catalina.startup.HostConfig checkResources
INFO: Reloading context [/product-registration-portlet]
May 20, 2013 12:00:17 PM org.apache.catalina.startup.HostConfig checkResources
INFO: Reloading context [/product-registration-portlet]
May 20, 2013 12:02:07 PM org.apache.catalina.startup.HostConfig checkResources
INFO: Reloading context [/product-registration-portlet]
May 20, 2013 12:03:49 PM org.apache.catalina.startup.HostConfig checkResources
INFO: Reloading context [/product-registration-portlet]
May 20, 2013 12:09:41 PM org.apache.catalina.startup.HostConfig checkResources
INFO: Reloading context [/product-registration-portlet]
May 20, 2013 12:11:22 PM org.apache.catalina.startup.HostConfig checkResources
INFO: Reloading context [/product-registration-portlet]
May 20, 2013 12:12:13 PM org.apache.catalina.startup.HostConfig checkResources
INFO: Reloading context [/product-registration-portlet]
May 20, 2013 12:13:14 PM org.apache.catalina.startup.HostConfig checkResources
INFO: Reloading context [/product-registration-portlet]
May 20, 2013 12:13:55 PM org.apache.catalina.startup.HostConfig checkResources
INFO: Reloading context [/product-registration-portlet]
May 20, 2013 12:37:37 PM org.apache.catalina.startup.HostConfig checkResources
INFO: Reloading context [/product-registration-portlet]
May 20, 2013 2:30:06 PM org.apache.catalina.startup.HostConfig checkResources
INFO: Reloading context [/product-registration-portlet]
May 20, 2013 2:49:58 PM org.apache.catalina.startup.HostConfig checkResources
INFO: Reloading context [/product-registration-portlet]
May 20, 2013 2:55:09 PM org.apache.catalina.startup.HostConfig checkResources
INFO: Reloading context [/product-registration-portlet]
May 20, 2013 3:47:13 PM org.apache.catalina.startup.HostConfig checkResources
INFO: Reloading context [/product-registration-portlet]
May 20, 2013 3:53:04 PM org.apache.catalina.startup.HostConfig checkResources
INFO: Reloading context [/product-registration-portlet]
May 20, 2013 3:56:35 PM org.apache.catalina.startup.HostConfig checkResources
INFO: Reloading context [/product-registration-portlet]
