May 23, 2013 4:09:42 AM org.apache.catalina.startup.HostConfig checkResources
INFO: Reloading context [/liferay-in-action-portlet]
May 23, 2013 4:30:11 AM org.apache.catalina.core.AprLifecycleListener init
INFO: The APR based Apache Tomcat Native library which allows optimal performance in production environments was not found on the java.library.path: D:\liferay\bundles\liferay-portal-6.0.6\tomcat-6.0.29\jre1.6.0_20\win\bin;.;C:\Windows\Sun\Java\bin;C:\Windows\system32;C:\Windows;C:\Windows\system32;C:\Windows;C:\Windows\System32\Wbem;C:\Windows\System32\WindowsPowerShell\v1.0\;D:\liferay\apache-ant-1.8.4\bin;C:\Program Files\Java\jre7\bin;D:\velocity\velocity-1.7\build;D:\Program Files\QuickTime\QTSystem\;D:\Sax\lib;C:\Program Files\Microsoft SQL Server\110\Tools\Binn\;C:\Program Files (x86)\Microsoft SQL Server\110\Tools\Binn\;C:\Program Files\Microsoft SQL Server\110\DTS\Binn\;C:\Program Files (x86)\Microsoft SQL Server\110\Tools\Binn\ManagementStudio\;C:\Program Files (x86)\Microsoft Visual Studio 10.0\Common7\IDE\PrivateAssemblies\;C:\Program Files (x86)\Microsoft SQL Server\110\DTS\Binn\;D:\Dev-Cpp\bin;C:\Program Files (x86)\Microsoft Visual Studio\VC98\Bin;C:\Program Files (x86)\Microsoft Visual Studio\Common\Tools\WinNT;C:\Program Files (x86)\Microsoft Visual Studio\Common\MSDev98\Bin;C:\Program Files (x86)\Microsoft Visual Studio\Common\Tools;C:\Program Files (x86)\Microsoft Visual Studio\VC98\bin;D:\Program Files\VC98\Tools\WinNT;D:\Program Files\VC98\MSDev98\Bin;D:\Program Files\VC98\Tools;D:\Program Files\VB\Tools\WinNT;D:\Program Files\VB\MSDev98\Bin;D:\Program Files\VB\Tools;D:\Program Files\VC98\bin;D:\Program Files\AppServ\Apache2.2\bin;D:\Program Files\AppServ\php5;D:\Program Files\AppServ\MySQL\bin
May 23, 2013 4:30:12 AM org.apache.coyote.http11.Http11Protocol init
INFO: Initializing Coyote HTTP/1.1 on http-8080
May 23, 2013 4:30:12 AM org.apache.catalina.startup.Catalina load
INFO: Initialization processed in 977 ms
May 23, 2013 4:30:12 AM org.apache.catalina.core.StandardService start
INFO: Starting service Catalina
May 23, 2013 4:30:12 AM org.apache.catalina.core.StandardEngine start
INFO: Starting Servlet Engine: Apache Tomcat/6.0.29
May 23, 2013 4:30:12 AM org.apache.catalina.startup.HostConfig deployDescriptor
INFO: Deploying configuration descriptor ROOT.xml
May 23, 2013 4:31:03 AM org.apache.catalina.startup.HostConfig deployDirectory
INFO: Deploying web application directory chat-portlet
May 23, 2013 4:31:04 AM org.apache.catalina.startup.HostConfig deployDirectory
INFO: Deploying web application directory default-site-templates-hook
May 23, 2013 4:31:05 AM org.apache.catalina.startup.HostConfig deployDirectory
INFO: Deploying web application directory google-maps-portlet
May 23, 2013 4:31:06 AM org.apache.catalina.startup.HostConfig deployDirectory
INFO: Deploying web application directory kaleo-web
May 23, 2013 4:31:10 AM org.apache.catalina.startup.HostConfig deployDirectory
INFO: Deploying web application directory mail-portlet
May 23, 2013 4:31:12 AM org.apache.catalina.startup.HostConfig deployDirectory
INFO: Deploying web application directory opensocial-portlet
May 23, 2013 4:31:19 AM org.apache.catalina.startup.HostConfig deployDirectory
INFO: Deploying web application directory sevencogs-hook
May 23, 2013 4:31:19 AM org.apache.catalina.startup.HostConfig deployDirectory
INFO: Deploying web application directory sevencogs-mobile-theme
May 23, 2013 4:31:20 AM org.apache.catalina.startup.HostConfig deployDirectory
INFO: Deploying web application directory sevencogs-theme
May 23, 2013 4:31:21 AM org.apache.catalina.startup.HostConfig deployDirectory
INFO: Deploying web application directory social-networking-portlet
May 23, 2013 4:31:23 AM org.apache.catalina.startup.HostConfig deployDirectory
INFO: Deploying web application directory tunnel-web
May 23, 2013 4:31:25 AM org.apache.catalina.startup.HostConfig deployDirectory
INFO: Deploying web application directory web-form-portlet
May 23, 2013 4:31:27 AM org.apache.catalina.startup.HostConfig deployDirectory
INFO: Deploying web application directory wsrp-portlet
May 23, 2013 4:31:29 AM org.apache.catalina.startup.HostConfig deployDirectory
INFO: Deploying web application directory liferay-in-action-portlet
May 23, 2013 4:31:31 AM org.apache.catalina.startup.HostConfig deployDirectory
INFO: Deploying web application directory product-registration-portlet
May 23, 2013 4:31:34 AM org.apache.catalina.startup.HostConfig deployDirectory
INFO: Deploying web application directory inkwell-internet-theme
May 23, 2013 4:31:46 AM org.apache.coyote.http11.Http11Protocol start
INFO: Starting Coyote HTTP/1.1 on http-8080
May 23, 2013 4:31:46 AM org.apache.jk.common.ChannelSocket init
INFO: JK: ajp13 listening on /0.0.0.0:8009
May 23, 2013 4:31:46 AM org.apache.jk.server.JkMain start
INFO: Jk running ID=0 time=0/42  config=null
May 23, 2013 4:31:46 AM org.apache.catalina.startup.Catalina start
INFO: Server startup in 94462 ms
May 23, 2013 4:39:06 AM org.apache.catalina.startup.HostConfig checkResources
INFO: Reloading context [/product-registration-portlet]
May 23, 2013 4:39:07 AM org.apache.catalina.startup.HostConfig checkResources
INFO: Reloading context [/liferay-in-action-portlet]
May 23, 2013 4:42:28 AM org.apache.catalina.startup.HostConfig checkResources
INFO: Reloading context [/product-registration-portlet]
May 23, 2013 4:45:39 AM org.apache.catalina.startup.HostConfig checkResources
INFO: Reloading context [/product-registration-portlet]
May 23, 2013 4:47:21 AM org.apache.catalina.startup.HostConfig checkResources
INFO: Reloading context [/product-registration-portlet]
May 23, 2013 4:49:12 AM org.apache.catalina.startup.HostConfig checkResources
INFO: Reloading context [/product-registration-portlet]
May 23, 2013 4:52:43 AM org.apache.catalina.startup.HostConfig checkResources
INFO: Reloading context [/product-registration-portlet]
May 23, 2013 4:54:54 AM org.apache.catalina.startup.HostConfig checkResources
INFO: Reloading context [/product-registration-portlet]
May 23, 2013 4:58:15 AM org.apache.catalina.startup.HostConfig checkResources
INFO: Reloading context [/product-registration-portlet]
May 23, 2013 4:58:47 AM org.apache.catalina.startup.HostConfig checkResources
INFO: Reloading context [/product-registration-portlet]
May 23, 2013 4:59:17 AM org.apache.catalina.startup.HostConfig checkResources
INFO: Reloading context [/product-registration-portlet]
May 23, 2013 5:13:38 AM org.apache.catalina.startup.HostConfig checkResources
INFO: Reloading context [/product-registration-portlet]
May 23, 2013 5:13:46 AM org.apache.coyote.http11.Http11Protocol pause
INFO: Pausing Coyote HTTP/1.1 on http-8080
May 23, 2013 5:13:47 AM org.apache.catalina.core.StandardService stop
INFO: Stopping service Catalina
May 23, 2013 5:13:49 AM org.apache.catalina.loader.WebappClassLoader clearThreadLocalMap
SEVERE: The web application [/wsrp-portlet] created a ThreadLocal with key of type [org.apache.axis.utils.XMLUtils.ThreadLocalDocumentBuilder] (value [org.apache.axis.utils.XMLUtils$ThreadLocalDocumentBuilder@1f91301]) and a value of type [com.sun.org.apache.xerces.internal.jaxp.DocumentBuilderImpl] (value [com.sun.org.apache.xerces.internal.jaxp.DocumentBuilderImpl@14eb91a]) but failed to remove it when the web application was stopped. This is very likely to create a memory leak.
May 23, 2013 5:13:49 AM org.apache.catalina.loader.WebappClassLoader clearReferencesThreads
SEVERE: The web application [/opensocial-portlet] appears to have started a thread named [com.google.inject.internal.Finalizer] but has failed to stop it. This is very likely to create a memory leak.
May 23, 2013 5:13:49 AM org.apache.catalina.loader.WebappClassLoader clearThreadLocalMap
SEVERE: The web application [/opensocial-portlet] created a ThreadLocal with key of type [null] (value [org.apache.shindig.common.xml.XmlUtil$2@93d837]) and a value of type [org.apache.xerces.jaxp.DocumentBuilderImpl] (value [org.apache.xerces.jaxp.DocumentBuilderImpl@58053a]) but failed to remove it when the web application was stopped. This is very likely to create a memory leak.
May 23, 2013 5:13:49 AM org.apache.catalina.loader.WebappClassLoader clearThreadLocalMap
SEVERE: The web application [/opensocial-portlet] created a ThreadLocal with key of type [null] (value [com.google.inject.InjectorImpl$1@bf2616]) and a value of type [java.lang.Object[]] (value [[Ljava.lang.Object;@15dae55]) but failed to remove it when the web application was stopped. This is very likely to create a memory leak.
May 23, 2013 5:13:49 AM org.apache.coyote.http11.Http11Protocol destroy
INFO: Stopping Coyote HTTP/1.1 on http-8080
May 23, 2013 5:14:06 AM org.apache.catalina.core.AprLifecycleListener init
INFO: The APR based Apache Tomcat Native library which allows optimal performance in production environments was not found on the java.library.path: D:\liferay\bundles\liferay-portal-6.0.6\tomcat-6.0.29\jre1.6.0_20\win\bin;.;C:\Windows\Sun\Java\bin;C:\Windows\system32;C:\Windows;C:\Windows\system32;C:\Windows;C:\Windows\System32\Wbem;C:\Windows\System32\WindowsPowerShell\v1.0\;D:\liferay\apache-ant-1.8.4\bin;C:\Program Files\Java\jre7\bin;D:\velocity\velocity-1.7\build;D:\Program Files\QuickTime\QTSystem\;D:\Sax\lib;C:\Program Files\Microsoft SQL Server\110\Tools\Binn\;C:\Program Files (x86)\Microsoft SQL Server\110\Tools\Binn\;C:\Program Files\Microsoft SQL Server\110\DTS\Binn\;C:\Program Files (x86)\Microsoft SQL Server\110\Tools\Binn\ManagementStudio\;C:\Program Files (x86)\Microsoft Visual Studio 10.0\Common7\IDE\PrivateAssemblies\;C:\Program Files (x86)\Microsoft SQL Server\110\DTS\Binn\;D:\Dev-Cpp\bin;C:\Program Files (x86)\Microsoft Visual Studio\VC98\Bin;C:\Program Files (x86)\Microsoft Visual Studio\Common\Tools\WinNT;C:\Program Files (x86)\Microsoft Visual Studio\Common\MSDev98\Bin;C:\Program Files (x86)\Microsoft Visual Studio\Common\Tools;C:\Program Files (x86)\Microsoft Visual Studio\VC98\bin;D:\Program Files\VC98\Tools\WinNT;D:\Program Files\VC98\MSDev98\Bin;D:\Program Files\VC98\Tools;D:\Program Files\VB\Tools\WinNT;D:\Program Files\VB\MSDev98\Bin;D:\Program Files\VB\Tools;D:\Program Files\VC98\bin;D:\Program Files\AppServ\Apache2.2\bin;D:\Program Files\AppServ\php5;D:\Program Files\AppServ\MySQL\bin
May 23, 2013 5:14:06 AM org.apache.coyote.http11.Http11Protocol init
INFO: Initializing Coyote HTTP/1.1 on http-8080
May 23, 2013 5:14:06 AM org.apache.catalina.startup.Catalina load
INFO: Initialization processed in 414 ms
May 23, 2013 5:14:06 AM org.apache.catalina.core.StandardService start
INFO: Starting service Catalina
May 23, 2013 5:14:06 AM org.apache.catalina.core.StandardEngine start
INFO: Starting Servlet Engine: Apache Tomcat/6.0.29
May 23, 2013 5:14:06 AM org.apache.catalina.startup.HostConfig deployDescriptor
INFO: Deploying configuration descriptor ROOT.xml
May 23, 2013 5:14:37 AM org.apache.catalina.startup.HostConfig deployDirectory
INFO: Deploying web application directory chat-portlet
May 23, 2013 5:14:38 AM org.apache.catalina.startup.HostConfig deployDirectory
INFO: Deploying web application directory default-site-templates-hook
May 23, 2013 5:14:39 AM org.apache.catalina.startup.HostConfig deployDirectory
INFO: Deploying web application directory google-maps-portlet
May 23, 2013 5:14:39 AM org.apache.catalina.startup.HostConfig deployDirectory
INFO: Deploying web application directory kaleo-web
May 23, 2013 5:14:42 AM org.apache.catalina.startup.HostConfig deployDirectory
INFO: Deploying web application directory mail-portlet
May 23, 2013 5:14:43 AM org.apache.catalina.startup.HostConfig deployDirectory
INFO: Deploying web application directory opensocial-portlet
May 23, 2013 5:14:49 AM org.apache.catalina.startup.HostConfig deployDirectory
INFO: Deploying web application directory sevencogs-hook
May 23, 2013 5:14:49 AM org.apache.catalina.startup.HostConfig deployDirectory
INFO: Deploying web application directory sevencogs-mobile-theme
May 23, 2013 5:14:49 AM org.apache.catalina.startup.HostConfig deployDirectory
INFO: Deploying web application directory sevencogs-theme
May 23, 2013 5:14:49 AM org.apache.catalina.startup.HostConfig deployDirectory
INFO: Deploying web application directory social-networking-portlet
May 23, 2013 5:14:51 AM org.apache.catalina.startup.HostConfig deployDirectory
INFO: Deploying web application directory tunnel-web
May 23, 2013 5:14:52 AM org.apache.catalina.startup.HostConfig deployDirectory
INFO: Deploying web application directory web-form-portlet
May 23, 2013 5:14:53 AM org.apache.catalina.startup.HostConfig deployDirectory
INFO: Deploying web application directory wsrp-portlet
May 23, 2013 5:14:55 AM org.apache.catalina.startup.HostConfig deployDirectory
INFO: Deploying web application directory liferay-in-action-portlet
May 23, 2013 5:14:57 AM org.apache.catalina.startup.HostConfig deployDirectory
INFO: Deploying web application directory inkwell-internet-theme
May 23, 2013 5:14:58 AM org.apache.coyote.http11.Http11Protocol start
INFO: Starting Coyote HTTP/1.1 on http-8080
May 23, 2013 5:14:59 AM org.apache.jk.common.ChannelSocket init
INFO: JK: ajp13 listening on /0.0.0.0:8009
May 23, 2013 5:14:59 AM org.apache.jk.server.JkMain start
INFO: Jk running ID=0 time=0/102  config=null
May 23, 2013 5:14:59 AM org.apache.catalina.startup.Catalina start
INFO: Server startup in 52676 ms
May 23, 2013 5:15:28 AM org.apache.catalina.startup.HostConfig deployDirectory
INFO: Deploying web application directory product-registration-portlet
May 23, 2013 5:16:39 AM org.apache.catalina.startup.HostConfig checkResources
INFO: Reloading context [/product-registration-portlet]
May 23, 2013 5:21:20 AM org.apache.catalina.startup.HostConfig checkResources
INFO: Reloading context [/liferay-in-action-portlet]
May 23, 2013 5:42:32 AM org.apache.catalina.startup.HostConfig checkResources
INFO: Reloading context [/liferay-in-action-portlet]
May 23, 2013 5:43:13 AM org.apache.catalina.startup.HostConfig checkResources
INFO: Reloading context [/liferay-in-action-portlet]
May 23, 2013 5:44:44 AM org.apache.catalina.startup.HostConfig checkResources
INFO: Reloading context [/liferay-in-action-portlet]
May 23, 2013 5:46:15 AM org.apache.catalina.startup.HostConfig checkResources
INFO: Reloading context [/liferay-in-action-portlet]
May 23, 2013 9:50:32 AM org.apache.catalina.startup.HostConfig checkResources
INFO: Reloading context [/liferay-in-action-portlet]
May 23, 2013 9:52:49 AM org.apache.catalina.startup.HostConfig checkResources
INFO: Reloading context [/liferay-in-action-portlet]
May 23, 2013 10:09:31 AM org.apache.catalina.startup.HostConfig checkResources
INFO: Reloading context [/liferay-in-action-portlet]
May 23, 2013 10:15:12 AM org.apache.catalina.startup.HostConfig checkResources
INFO: Reloading context [/liferay-in-action-portlet]
May 23, 2013 10:23:24 AM org.apache.catalina.startup.HostConfig checkResources
INFO: Reloading context [/liferay-in-action-portlet]
May 23, 2013 10:51:46 AM org.apache.catalina.startup.HostConfig checkResources
INFO: Reloading context [/liferay-in-action-portlet]
May 23, 2013 11:00:08 AM org.apache.catalina.startup.HostConfig checkResources
INFO: Reloading context [/liferay-in-action-portlet]
May 23, 2013 11:07:09 AM org.apache.catalina.startup.HostConfig checkResources
INFO: Reloading context [/liferay-in-action-portlet]
May 23, 2013 11:18:21 AM org.apache.catalina.startup.HostConfig checkResources
INFO: Reloading context [/liferay-in-action-portlet]
May 23, 2013 11:19:42 AM org.apache.catalina.startup.HostConfig checkResources
INFO: Reloading context [/liferay-in-action-portlet]
May 23, 2013 12:16:56 PM org.apache.catalina.startup.HostConfig checkResources
INFO: Reloading context [/liferay-in-action-portlet]
May 23, 2013 12:38:58 PM org.apache.catalina.startup.HostConfig checkResources
INFO: Reloading context [/liferay-in-action-portlet]
May 23, 2013 12:39:59 PM org.apache.catalina.startup.HostConfig checkResources
INFO: Reloading context [/liferay-in-action-portlet]
May 23, 2013 4:47:45 PM org.apache.catalina.startup.HostConfig checkResources
INFO: Reloading context [/liferay-in-action-portlet]
May 23, 2013 5:00:50 PM org.apache.catalina.startup.HostConfig checkResources
INFO: Reloading context [/liferay-in-action-portlet]
May 23, 2013 5:02:51 PM org.apache.catalina.startup.HostConfig checkResources
INFO: Reloading context [/liferay-in-action-portlet]
May 23, 2013 5:06:42 PM org.apache.catalina.startup.HostConfig checkResources
INFO: Reloading context [/liferay-in-action-portlet]
