Jun 8, 2014 4:03:11 PM org.apache.catalina.core.AprLifecycleListener init
INFO: The APR based Apache Tomcat Native library which allows optimal performance in production environments was not found on the java.library.path: .:/Library/Java/Extensions:/System/Library/Java/Extensions:/usr/lib/java
Jun 8, 2014 4:03:11 PM org.apache.coyote.http11.Http11Protocol init
INFO: Initializing Coyote HTTP/1.1 on http-8080
Jun 8, 2014 4:03:11 PM org.apache.catalina.startup.Catalina load
INFO: Initialization processed in 1149 ms
Jun 8, 2014 4:03:12 PM org.apache.catalina.core.StandardService start
INFO: Starting service Catalina
Jun 8, 2014 4:03:12 PM org.apache.catalina.core.StandardEngine start
INFO: Starting Servlet Engine: Apache Tomcat/6.0.29
Jun 8, 2014 4:03:12 PM org.apache.catalina.startup.HostConfig deployDescriptor
INFO: Deploying configuration descriptor ROOT.xml
Jun 8, 2014 4:04:18 PM org.apache.catalina.core.AprLifecycleListener init
INFO: The APR based Apache Tomcat Native library which allows optimal performance in production environments was not found on the java.library.path: .:/Library/Java/Extensions:/System/Library/Java/Extensions:/usr/lib/java
Jun 8, 2014 4:04:19 PM org.apache.coyote.http11.Http11Protocol init
INFO: Initializing Coyote HTTP/1.1 on http-8080
Jun 8, 2014 4:04:19 PM org.apache.catalina.startup.Catalina load
INFO: Initialization processed in 597 ms
Jun 8, 2014 4:04:19 PM org.apache.catalina.core.StandardService start
INFO: Starting service Catalina
Jun 8, 2014 4:04:19 PM org.apache.catalina.core.StandardEngine start
INFO: Starting Servlet Engine: Apache Tomcat/6.0.29
Jun 8, 2014 4:04:19 PM org.apache.catalina.startup.HostConfig deployDescriptor
INFO: Deploying configuration descriptor ROOT.xml
Jun 8, 2014 4:04:58 PM org.apache.catalina.startup.HostConfig deployDescriptor
INFO: Deploying configuration descriptor send-receive-message-portlet.xml
Jun 8, 2014 4:04:58 PM org.apache.catalina.startup.HostConfig deployDescriptor
WARNING: A docBase /Volumes/Working/Workspace/Web/liferay/liferay/bundles/liferay-portal-6.0.6/tomcat-6.0.29/webapps/D:\liferay\bundles\liferay-portal-6.0.6\tomcat-6.0.29\webapps\send-receive-message-portlet inside the host appBase has been specified, and will be ignored
Jun 8, 2014 4:05:00 PM org.apache.catalina.startup.HostConfig deployDescriptor
INFO: Deploying configuration descriptor tvd-slogan-contest-portlet.xml
Jun 8, 2014 4:05:00 PM org.apache.catalina.startup.HostConfig deployDescriptor
WARNING: A docBase /Volumes/Working/Workspace/Web/liferay/liferay/bundles/liferay-portal-6.0.6/tomcat-6.0.29/webapps/D:\liferay\bundles\liferay-portal-6.0.6\tomcat-6.0.29\webapps\tvd-slogan-contest-portlet inside the host appBase has been specified, and will be ignored
Jun 8, 2014 4:05:01 PM org.apache.catalina.startup.HostConfig deployDirectory
INFO: Deploying web application directory chat-portlet
Jun 8, 2014 4:05:02 PM org.apache.catalina.startup.HostConfig deployDirectory
INFO: Deploying web application directory default-site-templates-hook
Jun 8, 2014 4:05:03 PM org.apache.catalina.startup.HostConfig deployDirectory
INFO: Deploying web application directory google-maps-portlet
Jun 8, 2014 4:05:03 PM org.apache.catalina.startup.HostConfig deployDirectory
INFO: Deploying web application directory html5-initializr-theme
Jun 8, 2014 4:05:03 PM org.apache.catalina.startup.HostConfig deployDirectory
INFO: Deploying web application directory inkwell-internet-theme
Jun 8, 2014 4:05:07 PM org.apache.catalina.startup.HostConfig deployDirectory
INFO: Deploying web application directory kaleo-web
Jun 8, 2014 4:05:10 PM org.apache.catalina.startup.HostConfig deployDirectory
INFO: Deploying web application directory mail-portlet
Jun 8, 2014 4:05:12 PM org.apache.catalina.startup.HostConfig deployDirectory
INFO: Deploying web application directory management-high-school-portlet
Jun 8, 2014 4:05:14 PM org.apache.catalina.startup.HostConfig deployDirectory
INFO: Deploying web application directory opensocial-portlet
Jun 8, 2014 4:05:20 PM org.apache.catalina.startup.HostConfig deployDirectory
INFO: Deploying web application directory product-registration-portlet
Jun 8, 2014 4:05:21 PM org.apache.catalina.startup.HostConfig deployDirectory
INFO: Deploying web application directory sevencogs-hook
Jun 8, 2014 4:05:21 PM org.apache.catalina.startup.HostConfig deployDirectory
INFO: Deploying web application directory sevencogs-mobile-theme
Jun 8, 2014 4:05:21 PM org.apache.catalina.startup.HostConfig deployDirectory
INFO: Deploying web application directory sevencogs-theme
Jun 8, 2014 4:05:22 PM org.apache.catalina.startup.HostConfig deployDirectory
INFO: Deploying web application directory slogan-contest-portlet
Jun 8, 2014 4:05:23 PM org.apache.catalina.startup.HostConfig deployDirectory
INFO: Deploying web application directory social-networking-portlet
Jun 8, 2014 4:05:24 PM org.apache.catalina.startup.HostConfig deployDirectory
INFO: Deploying web application directory tunnel-web
Jun 8, 2014 4:05:26 PM org.apache.catalina.startup.HostConfig deployDirectory
INFO: Deploying web application directory web-form-portlet
Jun 8, 2014 4:05:26 PM org.apache.catalina.startup.HostConfig deployDirectory
INFO: Deploying web application directory wsrp-portlet
Jun 8, 2014 4:05:28 PM org.apache.coyote.http11.Http11Protocol start
INFO: Starting Coyote HTTP/1.1 on http-8080
Jun 8, 2014 4:05:29 PM org.apache.jk.common.ChannelSocket init
INFO: JK: ajp13 listening on /0.0.0.0:8009
Jun 8, 2014 4:05:29 PM org.apache.jk.server.JkMain start
INFO: Jk running ID=0 time=0/19  config=null
Jun 8, 2014 4:05:29 PM org.apache.catalina.startup.Catalina start
INFO: Server startup in 69830 ms
Jun 8, 2014 4:08:59 PM org.apache.catalina.startup.HostConfig checkResources
INFO: Reloading context [/management-high-school-portlet]
Jun 8, 2014 4:09:51 PM org.apache.catalina.startup.HostConfig checkResources
INFO: Reloading context [/management-high-school-portlet]
Jun 8, 2014 4:10:16 PM org.apache.coyote.http11.Http11Protocol pause
INFO: Pausing Coyote HTTP/1.1 on http-8080
Jun 8, 2014 4:10:17 PM org.apache.catalina.core.StandardService stop
INFO: Stopping service Catalina
Jun 8, 2014 4:10:18 PM org.apache.catalina.loader.WebappClassLoader clearReferencesThreads
SEVERE: The web application [] appears to have started a thread named [Abandoned connection cleanup thread] but has failed to stop it. This is very likely to create a memory leak.
Jun 8, 2014 4:10:18 PM org.apache.catalina.loader.WebappClassLoader clearThreadLocalMap
SEVERE: The web application [/wsrp-portlet] created a ThreadLocal with key of type [org.apache.axis.utils.XMLUtils.ThreadLocalDocumentBuilder] (value [org.apache.axis.utils.XMLUtils$ThreadLocalDocumentBuilder@641a6f0]) and a value of type [com.sun.org.apache.xerces.internal.jaxp.DocumentBuilderImpl] (value [com.sun.org.apache.xerces.internal.jaxp.DocumentBuilderImpl@4036d9c5]) but failed to remove it when the web application was stopped. This is very likely to create a memory leak.
Jun 8, 2014 4:10:19 PM org.apache.catalina.loader.WebappClassLoader clearReferencesThreads
SEVERE: The web application [/opensocial-portlet] appears to have started a thread named [com.google.inject.internal.Finalizer] but has failed to stop it. This is very likely to create a memory leak.
Jun 8, 2014 4:10:19 PM org.apache.catalina.loader.WebappClassLoader clearThreadLocalMap
SEVERE: The web application [/opensocial-portlet] created a ThreadLocal with key of type [null] (value [com.google.inject.InjectorImpl$1@276c9124]) and a value of type [java.lang.Object[]] (value [[Ljava.lang.Object;@48ace6b4]) but failed to remove it when the web application was stopped. This is very likely to create a memory leak.
Jun 8, 2014 4:10:19 PM org.apache.catalina.loader.WebappClassLoader clearThreadLocalMap
SEVERE: The web application [/opensocial-portlet] created a ThreadLocal with key of type [null] (value [org.apache.shindig.common.xml.XmlUtil$2@4f5e58b2]) and a value of type [org.apache.xerces.jaxp.DocumentBuilderImpl] (value [org.apache.xerces.jaxp.DocumentBuilderImpl@3b1136d3]) but failed to remove it when the web application was stopped. This is very likely to create a memory leak.
Jun 8, 2014 4:10:19 PM org.apache.coyote.http11.Http11Protocol destroy
INFO: Stopping Coyote HTTP/1.1 on http-8080
Jun 8, 2014 4:10:20 PM org.apache.catalina.core.AprLifecycleListener init
INFO: The APR based Apache Tomcat Native library which allows optimal performance in production environments was not found on the java.library.path: .:/Library/Java/Extensions:/System/Library/Java/Extensions:/usr/lib/java
Jun 8, 2014 4:10:20 PM org.apache.coyote.http11.Http11Protocol init
INFO: Initializing Coyote HTTP/1.1 on http-8080
Jun 8, 2014 4:10:20 PM org.apache.catalina.startup.Catalina load
INFO: Initialization processed in 521 ms
Jun 8, 2014 4:10:20 PM org.apache.catalina.core.StandardService start
INFO: Starting service Catalina
Jun 8, 2014 4:10:20 PM org.apache.catalina.core.StandardEngine start
INFO: Starting Servlet Engine: Apache Tomcat/6.0.29
Jun 8, 2014 4:10:20 PM org.apache.catalina.startup.HostConfig deployDescriptor
INFO: Deploying configuration descriptor ROOT.xml
Jun 8, 2014 4:10:47 PM org.apache.catalina.startup.HostConfig deployDescriptor
INFO: Deploying configuration descriptor send-receive-message-portlet.xml
Jun 8, 2014 4:10:47 PM org.apache.catalina.startup.HostConfig deployDescriptor
WARNING: A docBase /Volumes/Working/Workspace/Web/liferay/liferay/bundles/liferay-portal-6.0.6/tomcat-6.0.29/webapps/D:\liferay\bundles\liferay-portal-6.0.6\tomcat-6.0.29\webapps\send-receive-message-portlet inside the host appBase has been specified, and will be ignored
Jun 8, 2014 4:10:48 PM org.apache.catalina.startup.HostConfig deployDescriptor
INFO: Deploying configuration descriptor tvd-slogan-contest-portlet.xml
Jun 8, 2014 4:10:48 PM org.apache.catalina.startup.HostConfig deployDescriptor
WARNING: A docBase /Volumes/Working/Workspace/Web/liferay/liferay/bundles/liferay-portal-6.0.6/tomcat-6.0.29/webapps/D:\liferay\bundles\liferay-portal-6.0.6\tomcat-6.0.29\webapps\tvd-slogan-contest-portlet inside the host appBase has been specified, and will be ignored
Jun 8, 2014 4:10:49 PM org.apache.catalina.startup.HostConfig deployDirectory
INFO: Deploying web application directory chat-portlet
Jun 8, 2014 4:10:50 PM org.apache.catalina.startup.HostConfig deployDirectory
INFO: Deploying web application directory default-site-templates-hook
Jun 8, 2014 4:10:50 PM org.apache.catalina.startup.HostConfig deployDirectory
INFO: Deploying web application directory google-maps-portlet
Jun 8, 2014 4:10:51 PM org.apache.catalina.startup.HostConfig deployDirectory
INFO: Deploying web application directory html5-initializr-theme
Jun 8, 2014 4:10:51 PM org.apache.catalina.startup.HostConfig deployDirectory
INFO: Deploying web application directory inkwell-internet-theme
Jun 8, 2014 4:10:53 PM org.apache.catalina.startup.HostConfig deployDirectory
INFO: Deploying web application directory kaleo-web
Jun 8, 2014 4:10:55 PM org.apache.catalina.startup.HostConfig deployDirectory
INFO: Deploying web application directory mail-portlet
Jun 8, 2014 4:10:56 PM org.apache.catalina.startup.HostConfig deployDirectory
INFO: Deploying web application directory management-high-school-portlet
Jun 8, 2014 4:10:57 PM org.apache.catalina.startup.HostConfig deployDirectory
INFO: Deploying web application directory opensocial-portlet
Jun 8, 2014 4:11:02 PM org.apache.catalina.startup.HostConfig deployDirectory
INFO: Deploying web application directory product-registration-portlet
Jun 8, 2014 4:11:02 PM org.apache.catalina.startup.HostConfig deployDirectory
INFO: Deploying web application directory sevencogs-hook
Jun 8, 2014 4:11:02 PM org.apache.catalina.startup.HostConfig deployDirectory
INFO: Deploying web application directory sevencogs-mobile-theme
Jun 8, 2014 4:11:02 PM org.apache.catalina.startup.HostConfig deployDirectory
INFO: Deploying web application directory sevencogs-theme
Jun 8, 2014 4:11:03 PM org.apache.catalina.startup.HostConfig deployDirectory
INFO: Deploying web application directory slogan-contest-portlet
Jun 8, 2014 4:11:03 PM org.apache.catalina.startup.HostConfig deployDirectory
INFO: Deploying web application directory social-networking-portlet
Jun 8, 2014 4:11:04 PM org.apache.catalina.startup.HostConfig deployDirectory
INFO: Deploying web application directory tunnel-web
Jun 8, 2014 4:11:06 PM org.apache.catalina.startup.HostConfig deployDirectory
INFO: Deploying web application directory web-form-portlet
Jun 8, 2014 4:11:06 PM org.apache.catalina.startup.HostConfig deployDirectory
INFO: Deploying web application directory wsrp-portlet
Jun 8, 2014 4:11:08 PM org.apache.coyote.http11.Http11Protocol start
INFO: Starting Coyote HTTP/1.1 on http-8080
Jun 8, 2014 4:11:08 PM org.apache.jk.common.ChannelSocket init
INFO: JK: ajp13 listening on /0.0.0.0:8009
Jun 8, 2014 4:11:08 PM org.apache.jk.server.JkMain start
INFO: Jk running ID=0 time=0/17  config=null
Jun 8, 2014 4:11:08 PM org.apache.catalina.startup.Catalina start
INFO: Server startup in 47782 ms
Jun 8, 2014 4:11:38 PM org.apache.catalina.startup.HostConfig checkResources
INFO: Reloading context [/management-high-school-portlet]
Jun 8, 2014 4:12:20 PM org.apache.catalina.startup.HostConfig checkResources
INFO: Reloading context [/management-high-school-portlet]
Jun 8, 2014 4:14:27 PM org.apache.coyote.http11.Http11Protocol pause
INFO: Pausing Coyote HTTP/1.1 on http-8080
Jun 8, 2014 4:14:28 PM org.apache.catalina.core.StandardService stop
INFO: Stopping service Catalina
Jun 8, 2014 4:14:29 PM org.apache.catalina.loader.WebappClassLoader clearReferencesThreads
SEVERE: The web application [] appears to have started a thread named [Abandoned connection cleanup thread] but has failed to stop it. This is very likely to create a memory leak.
Jun 8, 2014 4:14:29 PM org.apache.catalina.loader.WebappClassLoader clearThreadLocalMap
SEVERE: The web application [/wsrp-portlet] created a ThreadLocal with key of type [org.apache.axis.utils.XMLUtils.ThreadLocalDocumentBuilder] (value [org.apache.axis.utils.XMLUtils$ThreadLocalDocumentBuilder@40ae67cc]) and a value of type [com.sun.org.apache.xerces.internal.jaxp.DocumentBuilderImpl] (value [com.sun.org.apache.xerces.internal.jaxp.DocumentBuilderImpl@7a20a340]) but failed to remove it when the web application was stopped. This is very likely to create a memory leak.
Jun 8, 2014 4:14:29 PM org.apache.catalina.loader.WebappClassLoader clearReferencesThreads
SEVERE: The web application [/opensocial-portlet] appears to have started a thread named [com.google.inject.internal.Finalizer] but has failed to stop it. This is very likely to create a memory leak.
Jun 8, 2014 4:14:29 PM org.apache.catalina.loader.WebappClassLoader clearThreadLocalMap
SEVERE: The web application [/opensocial-portlet] created a ThreadLocal with key of type [null] (value [com.google.inject.InjectorImpl$1@d975daa]) and a value of type [java.lang.Object[]] (value [[Ljava.lang.Object;@4c864ade]) but failed to remove it when the web application was stopped. This is very likely to create a memory leak.
Jun 8, 2014 4:14:30 PM org.apache.catalina.loader.WebappClassLoader clearThreadLocalMap
SEVERE: The web application [/opensocial-portlet] created a ThreadLocal with key of type [null] (value [org.apache.shindig.common.xml.XmlUtil$2@49d5c12]) and a value of type [org.apache.xerces.jaxp.DocumentBuilderImpl] (value [org.apache.xerces.jaxp.DocumentBuilderImpl@7707a41b]) but failed to remove it when the web application was stopped. This is very likely to create a memory leak.
Jun 8, 2014 4:14:30 PM org.apache.coyote.http11.Http11Protocol destroy
INFO: Stopping Coyote HTTP/1.1 on http-8080
Jun 8, 2014 4:14:31 PM org.apache.catalina.core.AprLifecycleListener init
INFO: The APR based Apache Tomcat Native library which allows optimal performance in production environments was not found on the java.library.path: .:/Library/Java/Extensions:/System/Library/Java/Extensions:/usr/lib/java
Jun 8, 2014 4:14:31 PM org.apache.coyote.http11.Http11Protocol init
INFO: Initializing Coyote HTTP/1.1 on http-8080
Jun 8, 2014 4:14:31 PM org.apache.catalina.startup.Catalina load
INFO: Initialization processed in 518 ms
Jun 8, 2014 4:14:31 PM org.apache.catalina.core.StandardService start
INFO: Starting service Catalina
Jun 8, 2014 4:14:31 PM org.apache.catalina.core.StandardEngine start
INFO: Starting Servlet Engine: Apache Tomcat/6.0.29
Jun 8, 2014 4:14:31 PM org.apache.catalina.startup.HostConfig deployDescriptor
INFO: Deploying configuration descriptor ROOT.xml
Jun 8, 2014 4:14:56 PM org.apache.catalina.startup.HostConfig deployDescriptor
INFO: Deploying configuration descriptor send-receive-message-portlet.xml
Jun 8, 2014 4:14:56 PM org.apache.catalina.startup.HostConfig deployDescriptor
WARNING: A docBase /Volumes/Working/Workspace/Web/liferay/liferay/bundles/liferay-portal-6.0.6/tomcat-6.0.29/webapps/D:\liferay\bundles\liferay-portal-6.0.6\tomcat-6.0.29\webapps\send-receive-message-portlet inside the host appBase has been specified, and will be ignored
Jun 8, 2014 4:14:58 PM org.apache.catalina.startup.HostConfig deployDescriptor
INFO: Deploying configuration descriptor tvd-slogan-contest-portlet.xml
Jun 8, 2014 4:14:58 PM org.apache.catalina.startup.HostConfig deployDescriptor
WARNING: A docBase /Volumes/Working/Workspace/Web/liferay/liferay/bundles/liferay-portal-6.0.6/tomcat-6.0.29/webapps/D:\liferay\bundles\liferay-portal-6.0.6\tomcat-6.0.29\webapps\tvd-slogan-contest-portlet inside the host appBase has been specified, and will be ignored
Jun 8, 2014 4:14:59 PM org.apache.catalina.startup.HostConfig deployDirectory
INFO: Deploying web application directory chat-portlet
Jun 8, 2014 4:15:00 PM org.apache.catalina.startup.HostConfig deployDirectory
INFO: Deploying web application directory default-site-templates-hook
Jun 8, 2014 4:15:00 PM org.apache.catalina.startup.HostConfig deployDirectory
INFO: Deploying web application directory google-maps-portlet
Jun 8, 2014 4:15:00 PM org.apache.catalina.startup.HostConfig deployDirectory
INFO: Deploying web application directory html5-initializr-theme
Jun 8, 2014 4:15:00 PM org.apache.catalina.startup.HostConfig deployDirectory
INFO: Deploying web application directory inkwell-internet-theme
Jun 8, 2014 4:15:02 PM org.apache.catalina.startup.HostConfig deployDirectory
INFO: Deploying web application directory kaleo-web
Jun 8, 2014 4:15:04 PM org.apache.catalina.startup.HostConfig deployDirectory
INFO: Deploying web application directory mail-portlet
Jun 8, 2014 4:15:05 PM org.apache.catalina.startup.HostConfig deployDirectory
INFO: Deploying web application directory management-high-school-portlet
Jun 8, 2014 4:15:07 PM org.apache.catalina.startup.HostConfig deployDirectory
INFO: Deploying web application directory opensocial-portlet
Jun 8, 2014 4:15:11 PM org.apache.catalina.startup.HostConfig deployDirectory
INFO: Deploying web application directory product-registration-portlet
Jun 8, 2014 4:15:12 PM org.apache.catalina.startup.HostConfig deployDirectory
INFO: Deploying web application directory sevencogs-hook
Jun 8, 2014 4:15:12 PM org.apache.catalina.startup.HostConfig deployDirectory
INFO: Deploying web application directory sevencogs-mobile-theme
Jun 8, 2014 4:15:12 PM org.apache.catalina.startup.HostConfig deployDirectory
INFO: Deploying web application directory sevencogs-theme
Jun 8, 2014 4:15:12 PM org.apache.catalina.startup.HostConfig deployDirectory
INFO: Deploying web application directory slogan-contest-portlet
Jun 8, 2014 4:15:13 PM org.apache.catalina.startup.HostConfig deployDirectory
INFO: Deploying web application directory social-networking-portlet
Jun 8, 2014 4:15:13 PM org.apache.catalina.startup.HostConfig deployDirectory
INFO: Deploying web application directory tunnel-web
Jun 8, 2014 4:15:15 PM org.apache.catalina.startup.HostConfig deployDirectory
INFO: Deploying web application directory web-form-portlet
Jun 8, 2014 4:15:15 PM org.apache.catalina.startup.HostConfig deployDirectory
INFO: Deploying web application directory wsrp-portlet
Jun 8, 2014 4:15:16 PM org.apache.coyote.http11.Http11Protocol start
INFO: Starting Coyote HTTP/1.1 on http-8080
Jun 8, 2014 4:15:17 PM org.apache.jk.common.ChannelSocket init
INFO: JK: ajp13 listening on /0.0.0.0:8009
Jun 8, 2014 4:15:17 PM org.apache.jk.server.JkMain start
INFO: Jk running ID=0 time=0/19  config=null
Jun 8, 2014 4:15:17 PM org.apache.catalina.startup.Catalina start
INFO: Server startup in 45456 ms
Jun 8, 2014 4:16:17 PM org.apache.catalina.startup.HostConfig checkResources
INFO: Reloading context [/management-high-school-portlet]
Jun 8, 2014 4:17:28 PM org.apache.catalina.startup.HostConfig checkResources
INFO: Reloading context [/management-high-school-portlet]
Jun 8, 2014 4:17:52 PM org.apache.coyote.http11.Http11Protocol pause
INFO: Pausing Coyote HTTP/1.1 on http-8080
Jun 8, 2014 4:17:53 PM org.apache.catalina.core.StandardService stop
INFO: Stopping service Catalina
Jun 8, 2014 4:17:55 PM org.apache.catalina.loader.WebappClassLoader clearReferencesThreads
SEVERE: The web application [] appears to have started a thread named [Abandoned connection cleanup thread] but has failed to stop it. This is very likely to create a memory leak.
Jun 8, 2014 4:17:55 PM org.apache.catalina.loader.WebappClassLoader clearThreadLocalMap
SEVERE: The web application [/wsrp-portlet] created a ThreadLocal with key of type [org.apache.axis.utils.XMLUtils.ThreadLocalDocumentBuilder] (value [org.apache.axis.utils.XMLUtils$ThreadLocalDocumentBuilder@50218c57]) and a value of type [com.sun.org.apache.xerces.internal.jaxp.DocumentBuilderImpl] (value [com.sun.org.apache.xerces.internal.jaxp.DocumentBuilderImpl@4a84ccda]) but failed to remove it when the web application was stopped. This is very likely to create a memory leak.
Jun 8, 2014 4:17:55 PM org.apache.catalina.loader.WebappClassLoader clearReferencesThreads
SEVERE: The web application [/opensocial-portlet] appears to have started a thread named [com.google.inject.internal.Finalizer] but has failed to stop it. This is very likely to create a memory leak.
Jun 8, 2014 4:17:55 PM org.apache.catalina.loader.WebappClassLoader clearThreadLocalMap
SEVERE: The web application [/opensocial-portlet] created a ThreadLocal with key of type [null] (value [com.google.inject.InjectorImpl$1@25a0504a]) and a value of type [java.lang.Object[]] (value [[Ljava.lang.Object;@3ff73d92]) but failed to remove it when the web application was stopped. This is very likely to create a memory leak.
Jun 8, 2014 4:17:55 PM org.apache.catalina.loader.WebappClassLoader clearThreadLocalMap
SEVERE: The web application [/opensocial-portlet] created a ThreadLocal with key of type [null] (value [org.apache.shindig.common.xml.XmlUtil$2@eb5d0d]) and a value of type [org.apache.xerces.jaxp.DocumentBuilderImpl] (value [org.apache.xerces.jaxp.DocumentBuilderImpl@5c2a00f3]) but failed to remove it when the web application was stopped. This is very likely to create a memory leak.
Jun 8, 2014 4:17:55 PM org.apache.coyote.http11.Http11Protocol destroy
INFO: Stopping Coyote HTTP/1.1 on http-8080
