Jun 12, 2013 7:16:46 AM org.apache.catalina.startup.HostConfig checkResources
INFO: Reloading context [/management-high-school-portlet]
Jun 12, 2013 7:31:40 AM org.apache.catalina.startup.HostConfig checkResources
INFO: Reloading context [/management-high-school-portlet]
Jun 12, 2013 7:33:02 AM org.apache.catalina.startup.HostConfig checkResources
INFO: Reloading context [/management-high-school-portlet]
Jun 12, 2013 7:35:05 AM org.apache.catalina.startup.HostConfig checkResources
INFO: Reloading context [/management-high-school-portlet]
Jun 12, 2013 7:37:06 AM org.apache.catalina.startup.HostConfig checkResources
INFO: Reloading context [/management-high-school-portlet]
Jun 12, 2013 7:37:59 AM org.apache.catalina.startup.HostConfig checkResources
INFO: Reloading context [/management-high-school-portlet]
Jun 12, 2013 7:38:40 AM org.apache.catalina.startup.HostConfig checkResources
INFO: Reloading context [/management-high-school-portlet]
Jun 12, 2013 7:40:12 AM org.apache.catalina.startup.HostConfig checkResources
INFO: Reloading context [/management-high-school-portlet]
Jun 12, 2013 10:18:25 AM org.apache.catalina.startup.HostConfig checkResources
INFO: Reloading context [/management-high-school-portlet]
Jun 12, 2013 1:51:14 PM org.apache.catalina.core.AprLifecycleListener init
INFO: The APR based Apache Tomcat Native library which allows optimal performance in production environments was not found on the java.library.path: D:\liferay\bundles\liferay-portal-6.0.6\tomcat-6.0.29\jre1.6.0_20\win\bin;.;C:\Windows\Sun\Java\bin;C:\Windows\system32;C:\Windows;C:\Windows\system32;C:\Windows;C:\Windows\System32\Wbem;C:\Windows\System32\WindowsPowerShell\v1.0\;D:\liferay\apache-ant-1.8.4\bin;C:\Program Files\Java\jre7\bin;D:\velocity\velocity-1.7\build;D:\Program Files\QuickTime\QTSystem\;D:\Sax\lib;C:\Program Files\Microsoft SQL Server\110\Tools\Binn\;C:\Program Files (x86)\Microsoft SQL Server\110\Tools\Binn\;C:\Program Files\Microsoft SQL Server\110\DTS\Binn\;C:\Program Files (x86)\Microsoft SQL Server\110\Tools\Binn\ManagementStudio\;C:\Program Files (x86)\Microsoft Visual Studio 10.0\Common7\IDE\PrivateAssemblies\;C:\Program Files (x86)\Microsoft SQL Server\110\DTS\Binn\;D:\Dev-Cpp\bin;C:\Program Files (x86)\Microsoft Visual Studio\VC98\Bin;C:\Program Files (x86)\Microsoft Visual Studio\Common\Tools\WinNT;C:\Program Files (x86)\Microsoft Visual Studio\Common\MSDev98\Bin;C:\Program Files (x86)\Microsoft Visual Studio\Common\Tools;C:\Program Files (x86)\Microsoft Visual Studio\VC98\bin;D:\Program Files\VC98\Tools\WinNT;D:\Program Files\VC98\MSDev98\Bin;D:\Program Files\VC98\Tools;D:\Program Files\VB\Tools\WinNT;D:\Program Files\VB\MSDev98\Bin;D:\Program Files\VB\Tools;D:\Program Files\VC98\bin;D:\Program Files\AppServ\Apache2.2\bin;D:\Program Files\AppServ\php5;D:\Program Files\AppServ\MySQL\bin
Jun 12, 2013 1:51:14 PM org.apache.coyote.http11.Http11Protocol init
INFO: Initializing Coyote HTTP/1.1 on http-8080
Jun 12, 2013 1:51:14 PM org.apache.catalina.startup.Catalina load
INFO: Initialization processed in 965 ms
Jun 12, 2013 1:51:15 PM org.apache.catalina.core.StandardService start
INFO: Starting service Catalina
Jun 12, 2013 1:51:15 PM org.apache.catalina.core.StandardEngine start
INFO: Starting Servlet Engine: Apache Tomcat/6.0.29
Jun 12, 2013 1:51:15 PM org.apache.catalina.startup.HostConfig deployDescriptor
INFO: Deploying configuration descriptor ROOT.xml
Jun 12, 2013 1:52:13 PM org.apache.catalina.startup.HostConfig deployDescriptor
INFO: Deploying configuration descriptor send-receive-message-portlet.xml
Jun 12, 2013 1:52:13 PM org.apache.catalina.startup.HostConfig deployDescriptor
WARNING: A docBase D:\liferay\bundles\liferay-portal-6.0.6\tomcat-6.0.29\webapps\send-receive-message-portlet inside the host appBase has been specified, and will be ignored
Jun 12, 2013 1:52:16 PM org.apache.catalina.startup.HostConfig deployDirectory
INFO: Deploying web application directory chat-portlet
Jun 12, 2013 1:52:18 PM org.apache.catalina.startup.HostConfig deployDirectory
INFO: Deploying web application directory default-site-templates-hook
Jun 12, 2013 1:52:18 PM org.apache.catalina.startup.HostConfig deployDirectory
INFO: Deploying web application directory google-maps-portlet
Jun 12, 2013 1:52:19 PM org.apache.catalina.startup.HostConfig deployDirectory
INFO: Deploying web application directory kaleo-web
Jun 12, 2013 1:52:23 PM org.apache.catalina.startup.HostConfig deployDirectory
INFO: Deploying web application directory mail-portlet
Jun 12, 2013 1:52:27 PM org.apache.catalina.startup.HostConfig deployDirectory
INFO: Deploying web application directory opensocial-portlet
Jun 12, 2013 1:52:37 PM org.apache.catalina.startup.HostConfig deployDirectory
INFO: Deploying web application directory sevencogs-hook
Jun 12, 2013 1:52:37 PM org.apache.catalina.startup.HostConfig deployDirectory
INFO: Deploying web application directory sevencogs-mobile-theme
Jun 12, 2013 1:52:38 PM org.apache.catalina.startup.HostConfig deployDirectory
INFO: Deploying web application directory sevencogs-theme
Jun 12, 2013 1:52:39 PM org.apache.catalina.startup.HostConfig deployDirectory
INFO: Deploying web application directory social-networking-portlet
Jun 12, 2013 1:52:41 PM org.apache.catalina.startup.HostConfig deployDirectory
INFO: Deploying web application directory tunnel-web
Jun 12, 2013 1:52:43 PM org.apache.catalina.startup.HostConfig deployDirectory
INFO: Deploying web application directory web-form-portlet
Jun 12, 2013 1:52:44 PM org.apache.catalina.startup.HostConfig deployDirectory
INFO: Deploying web application directory wsrp-portlet
Jun 12, 2013 1:52:47 PM org.apache.catalina.startup.HostConfig deployDirectory
INFO: Deploying web application directory inkwell-internet-theme
Jun 12, 2013 1:52:59 PM org.apache.catalina.startup.HostConfig deployDirectory
INFO: Deploying web application directory product-registration-portlet
Jun 12, 2013 1:53:03 PM org.apache.catalina.startup.HostConfig deployDirectory
INFO: Deploying web application directory slogan-contest-portlet
Jun 12, 2013 1:53:07 PM org.apache.catalina.startup.HostConfig deployDirectory
INFO: Deploying web application directory management-high-school-portlet
Jun 12, 2013 1:53:09 PM org.apache.coyote.http11.Http11Protocol start
INFO: Starting Coyote HTTP/1.1 on http-8080
Jun 12, 2013 1:53:09 PM org.apache.jk.common.ChannelSocket init
INFO: JK: ajp13 listening on /0.0.0.0:8009
Jun 12, 2013 1:53:09 PM org.apache.jk.server.JkMain start
INFO: Jk running ID=0 time=0/35  config=null
Jun 12, 2013 1:53:09 PM org.apache.catalina.startup.Catalina start
INFO: Server startup in 114849 ms
Jun 12, 2013 2:41:45 PM org.apache.catalina.startup.HostConfig checkResources
INFO: Reloading context [/management-high-school-portlet]
Jun 12, 2013 2:45:17 PM org.apache.catalina.startup.HostConfig checkResources
INFO: Reloading context [/management-high-school-portlet]
Jun 12, 2013 2:45:58 PM org.apache.catalina.startup.HostConfig checkResources
INFO: Reloading context [/management-high-school-portlet]
Jun 12, 2013 2:47:00 PM org.apache.catalina.startup.HostConfig checkResources
INFO: Reloading context [/management-high-school-portlet]
Jun 12, 2013 2:51:42 PM org.apache.catalina.startup.HostConfig checkResources
INFO: Reloading context [/management-high-school-portlet]
Jun 12, 2013 3:03:45 PM org.apache.catalina.startup.HostConfig checkResources
INFO: Reloading context [/management-high-school-portlet]
Jun 12, 2013 3:04:47 PM org.apache.catalina.startup.HostConfig checkResources
INFO: Reloading context [/management-high-school-portlet]
Jun 12, 2013 3:45:43 PM org.apache.catalina.startup.HostConfig checkResources
INFO: Reloading context [/management-high-school-portlet]
Jun 12, 2013 4:00:06 PM org.apache.catalina.startup.HostConfig checkResources
INFO: Reloading context [/management-high-school-portlet]
Jun 12, 2013 4:14:19 PM org.apache.catalina.startup.HostConfig checkResources
INFO: Reloading context [/management-high-school-portlet]
Jun 12, 2013 4:46:54 PM org.apache.catalina.startup.HostConfig checkResources
INFO: Reloading context [/management-high-school-portlet]
Jun 12, 2013 4:47:56 PM org.apache.catalina.startup.HostConfig checkResources
INFO: Reloading context [/management-high-school-portlet]
Jun 12, 2013 4:52:38 PM org.apache.catalina.startup.HostConfig checkResources
INFO: Reloading context [/management-high-school-portlet]
Jun 12, 2013 4:58:10 PM org.apache.catalina.startup.HostConfig checkResources
INFO: Reloading context [/management-high-school-portlet]
Jun 12, 2013 5:00:21 PM org.apache.catalina.startup.HostConfig checkResources
INFO: Reloading context [/management-high-school-portlet]
Jun 12, 2013 5:01:33 PM org.apache.catalina.startup.HostConfig checkResources
INFO: Reloading context [/management-high-school-portlet]
Jun 12, 2013 5:02:14 PM org.apache.catalina.startup.HostConfig checkResources
INFO: Reloading context [/management-high-school-portlet]
Jun 12, 2013 5:03:36 PM org.apache.catalina.startup.HostConfig checkResources
INFO: Reloading context [/management-high-school-portlet]
Jun 12, 2013 5:05:48 PM org.apache.catalina.startup.HostConfig checkResources
INFO: Reloading context [/management-high-school-portlet]
Jun 12, 2013 5:07:19 PM org.apache.catalina.startup.HostConfig checkResources
INFO: Reloading context [/management-high-school-portlet]
Jun 12, 2013 5:07:40 PM org.apache.catalina.startup.HostConfig checkResources
INFO: Reloading context [/management-high-school-portlet]
Jun 12, 2013 5:08:33 PM org.apache.catalina.startup.HostConfig checkResources
INFO: Reloading context [/management-high-school-portlet]
Jun 12, 2013 5:09:54 PM org.apache.catalina.startup.HostConfig checkResources
INFO: Reloading context [/management-high-school-portlet]
