Mar 3, 2014 10:41:33 AM org.apache.catalina.core.AprLifecycleListener init
INFO: The APR based Apache Tomcat Native library which allows optimal performance in production environments was not found on the java.library.path: .:/Library/Java/Extensions:/System/Library/Java/Extensions:/usr/lib/java
Mar 3, 2014 10:41:33 AM org.apache.coyote.http11.Http11Protocol init
INFO: Initializing Coyote HTTP/1.1 on http-8080
Mar 3, 2014 10:41:33 AM org.apache.catalina.startup.Catalina load
INFO: Initialization processed in 1444 ms
Mar 3, 2014 10:41:33 AM org.apache.catalina.core.StandardService start
INFO: Starting service Catalina
Mar 3, 2014 10:41:33 AM org.apache.catalina.core.StandardEngine start
INFO: Starting Servlet Engine: Apache Tomcat/6.0.29
Mar 3, 2014 10:41:33 AM org.apache.catalina.startup.HostConfig deployDescriptor
INFO: Deploying configuration descriptor ROOT.xml
Mar 3, 2014 10:42:09 AM org.apache.catalina.startup.HostConfig deployDescriptor
INFO: Deploying configuration descriptor send-receive-message-portlet.xml
Mar 3, 2014 10:42:09 AM org.apache.catalina.startup.HostConfig deployDescriptor
WARNING: A docBase /Volumes/Working/Workspace/Web/liferay/liferay/bundles/liferay-portal-6.0.6/tomcat-6.0.29/webapps/D:\liferay\bundles\liferay-portal-6.0.6\tomcat-6.0.29\webapps\send-receive-message-portlet inside the host appBase has been specified, and will be ignored
Mar 3, 2014 10:42:11 AM org.apache.catalina.startup.HostConfig deployDescriptor
INFO: Deploying configuration descriptor tvd-slogan-contest-portlet.xml
Mar 3, 2014 10:42:11 AM org.apache.catalina.startup.HostConfig deployDescriptor
WARNING: A docBase /Volumes/Working/Workspace/Web/liferay/liferay/bundles/liferay-portal-6.0.6/tomcat-6.0.29/webapps/D:\liferay\bundles\liferay-portal-6.0.6\tomcat-6.0.29\webapps\tvd-slogan-contest-portlet inside the host appBase has been specified, and will be ignored
Mar 3, 2014 10:42:13 AM org.apache.catalina.startup.HostConfig deployDirectory
INFO: Deploying web application directory chat-portlet
Mar 3, 2014 10:42:13 AM org.apache.catalina.startup.HostConfig deployDirectory
INFO: Deploying web application directory default-site-templates-hook
Mar 3, 2014 10:42:14 AM org.apache.catalina.startup.HostConfig deployDirectory
INFO: Deploying web application directory google-maps-portlet
Mar 3, 2014 10:42:14 AM org.apache.catalina.startup.HostConfig deployDirectory
INFO: Deploying web application directory html5-initializr-theme
Mar 3, 2014 10:42:14 AM org.apache.catalina.startup.HostConfig deployDirectory
INFO: Deploying web application directory inkwell-internet-theme
Mar 3, 2014 10:42:18 AM org.apache.catalina.startup.HostConfig deployDirectory
INFO: Deploying web application directory kaleo-web
Mar 3, 2014 10:42:20 AM org.apache.catalina.startup.HostConfig deployDirectory
INFO: Deploying web application directory mail-portlet
Mar 3, 2014 10:42:21 AM org.apache.catalina.startup.HostConfig deployDirectory
INFO: Deploying web application directory management-high-school-portlet
Mar 3, 2014 10:42:23 AM org.apache.catalina.startup.HostConfig deployDirectory
INFO: Deploying web application directory opensocial-portlet
Mar 3, 2014 10:42:29 AM org.apache.catalina.startup.HostConfig deployDirectory
INFO: Deploying web application directory product-registration-portlet
Mar 3, 2014 10:42:29 AM org.apache.catalina.startup.HostConfig deployDirectory
INFO: Deploying web application directory sevencogs-hook
Mar 3, 2014 10:42:30 AM org.apache.catalina.startup.HostConfig deployDirectory
INFO: Deploying web application directory sevencogs-mobile-theme
Mar 3, 2014 10:42:30 AM org.apache.catalina.startup.HostConfig deployDirectory
INFO: Deploying web application directory sevencogs-theme
Mar 3, 2014 10:42:30 AM org.apache.catalina.startup.HostConfig deployDirectory
INFO: Deploying web application directory slogan-contest-portlet
Mar 3, 2014 10:42:31 AM org.apache.catalina.startup.HostConfig deployDirectory
INFO: Deploying web application directory social-networking-portlet
Mar 3, 2014 10:42:32 AM org.apache.catalina.startup.HostConfig deployDirectory
INFO: Deploying web application directory tunnel-web
Mar 3, 2014 10:42:34 AM org.apache.catalina.startup.HostConfig deployDirectory
INFO: Deploying web application directory web-form-portlet
Mar 3, 2014 10:42:34 AM org.apache.catalina.startup.HostConfig deployDirectory
INFO: Deploying web application directory wsrp-portlet
Mar 3, 2014 10:42:36 AM org.apache.coyote.http11.Http11Protocol start
INFO: Starting Coyote HTTP/1.1 on http-8080
Mar 3, 2014 10:42:37 AM org.apache.jk.common.ChannelSocket init
INFO: JK: ajp13 listening on /0.0.0.0:8009
Mar 3, 2014 10:42:37 AM org.apache.jk.server.JkMain start
INFO: Jk running ID=0 time=0/19  config=null
Mar 3, 2014 10:42:37 AM org.apache.catalina.startup.Catalina start
INFO: Server startup in 63261 ms
Mar 3, 2014 10:45:28 AM org.apache.coyote.http11.Http11Protocol pause
INFO: Pausing Coyote HTTP/1.1 on http-8080
Mar 3, 2014 10:45:29 AM org.apache.catalina.core.StandardService stop
INFO: Stopping service Catalina
Mar 3, 2014 10:45:31 AM org.apache.catalina.loader.WebappClassLoader clearReferencesThreads
SEVERE: The web application [] appears to have started a thread named [Abandoned connection cleanup thread] but has failed to stop it. This is very likely to create a memory leak.
Mar 3, 2014 10:45:31 AM org.apache.catalina.loader.WebappClassLoader clearThreadLocalMap
SEVERE: The web application [] created a ThreadLocal with key of type [org.apache.axis.utils.XMLUtils.ThreadLocalDocumentBuilder] (value [org.apache.axis.utils.XMLUtils$ThreadLocalDocumentBuilder@1769e8e3]) and a value of type [com.sun.org.apache.xerces.internal.jaxp.DocumentBuilderImpl] (value [com.sun.org.apache.xerces.internal.jaxp.DocumentBuilderImpl@2a389b17]) but failed to remove it when the web application was stopped. This is very likely to create a memory leak.
Mar 3, 2014 10:45:31 AM org.apache.catalina.loader.WebappClassLoader clearThreadLocalMap
SEVERE: The web application [/wsrp-portlet] created a ThreadLocal with key of type [org.apache.axis.utils.XMLUtils.ThreadLocalDocumentBuilder] (value [org.apache.axis.utils.XMLUtils$ThreadLocalDocumentBuilder@6bebefac]) and a value of type [com.sun.org.apache.xerces.internal.jaxp.DocumentBuilderImpl] (value [com.sun.org.apache.xerces.internal.jaxp.DocumentBuilderImpl@4ec43c8e]) but failed to remove it when the web application was stopped. This is very likely to create a memory leak.
Mar 3, 2014 10:45:31 AM org.apache.catalina.loader.WebappClassLoader clearReferencesThreads
SEVERE: The web application [/opensocial-portlet] appears to have started a thread named [com.google.inject.internal.Finalizer] but has failed to stop it. This is very likely to create a memory leak.
Mar 3, 2014 10:45:31 AM org.apache.catalina.loader.WebappClassLoader clearThreadLocalMap
SEVERE: The web application [/opensocial-portlet] created a ThreadLocal with key of type [null] (value [com.google.inject.InjectorImpl$1@74b072ac]) and a value of type [java.lang.Object[]] (value [[Ljava.lang.Object;@6c38b60d]) but failed to remove it when the web application was stopped. This is very likely to create a memory leak.
Mar 3, 2014 10:45:31 AM org.apache.catalina.loader.WebappClassLoader clearThreadLocalMap
SEVERE: The web application [/opensocial-portlet] created a ThreadLocal with key of type [null] (value [org.apache.shindig.common.xml.XmlUtil$2@7f3846fc]) and a value of type [org.apache.xerces.jaxp.DocumentBuilderImpl] (value [org.apache.xerces.jaxp.DocumentBuilderImpl@47bc8ba4]) but failed to remove it when the web application was stopped. This is very likely to create a memory leak.
Mar 3, 2014 10:45:31 AM org.apache.coyote.http11.Http11Protocol destroy
INFO: Stopping Coyote HTTP/1.1 on http-8080
