Dec 13, 2013 9:59:42 AM org.apache.catalina.core.AprLifecycleListener init
INFO: The APR based Apache Tomcat Native library which allows optimal performance in production environments was not found on the java.library.path: /usr/lib/jvm/java-6-openjdk/jre/lib/amd64/server:/usr/lib/jvm/java-6-openjdk/jre/lib/amd64:/usr/lib/jvm/java-6-openjdk/jre/../lib/amd64:/usr/java/packages/lib/amd64:/usr/lib/jni:/lib:/usr/lib
Dec 13, 2013 9:59:42 AM org.apache.coyote.http11.Http11Protocol init
INFO: Initializing Coyote HTTP/1.1 on http-8080
Dec 13, 2013 9:59:42 AM org.apache.catalina.startup.Catalina load
INFO: Initialization processed in 1221 ms
Dec 13, 2013 9:59:42 AM org.apache.catalina.core.StandardService start
INFO: Starting service Catalina
Dec 13, 2013 9:59:42 AM org.apache.catalina.core.StandardEngine start
INFO: Starting Servlet Engine: Apache Tomcat/6.0.29
Dec 13, 2013 9:59:42 AM org.apache.catalina.startup.HostConfig deployDescriptor
INFO: Deploying configuration descriptor ROOT.xml
Dec 13, 2013 10:00:19 AM org.apache.catalina.startup.HostConfig deployDescriptor
INFO: Deploying configuration descriptor tvd-slogan-contest-portlet.xml
Dec 13, 2013 10:00:19 AM org.apache.catalina.startup.HostConfig deployDescriptor
WARNING: A docBase /home/tvd/liferay/bundles/liferay-portal-6.0.6/tomcat-6.0.29/webapps/D:\liferay\bundles\liferay-portal-6.0.6\tomcat-6.0.29\webapps\tvd-slogan-contest-portlet inside the host appBase has been specified, and will be ignored
Dec 13, 2013 10:00:22 AM org.apache.catalina.startup.HostConfig deployDescriptor
INFO: Deploying configuration descriptor send-receive-message-portlet.xml
Dec 13, 2013 10:00:22 AM org.apache.catalina.startup.HostConfig deployDescriptor
WARNING: A docBase /home/tvd/liferay/bundles/liferay-portal-6.0.6/tomcat-6.0.29/webapps/D:\liferay\bundles\liferay-portal-6.0.6\tomcat-6.0.29\webapps\send-receive-message-portlet inside the host appBase has been specified, and will be ignored
Dec 13, 2013 10:00:23 AM org.apache.catalina.startup.HostConfig deployDirectory
INFO: Deploying web application directory opensocial-portlet
Dec 13, 2013 10:00:29 AM org.apache.catalina.startup.HostConfig deployDirectory
INFO: Deploying web application directory default-site-templates-hook
Dec 13, 2013 10:00:29 AM org.apache.catalina.startup.HostConfig deployDirectory
INFO: Deploying web application directory kaleo-web
Dec 13, 2013 10:00:32 AM org.apache.catalina.startup.HostConfig deployDirectory
INFO: Deploying web application directory html5-initializr-theme
Dec 13, 2013 10:00:33 AM org.apache.catalina.startup.HostConfig deployDirectory
INFO: Deploying web application directory management-high-school-portlet
Dec 13, 2013 10:00:36 AM org.apache.catalina.startup.HostConfig deployDirectory
INFO: Deploying web application directory product-registration-portlet
Dec 13, 2013 10:00:37 AM org.apache.catalina.startup.HostConfig deployDirectory
INFO: Deploying web application directory google-maps-portlet
Dec 13, 2013 10:00:38 AM org.apache.catalina.startup.HostConfig deployDirectory
INFO: Deploying web application directory chat-portlet
Dec 13, 2013 10:00:39 AM org.apache.catalina.startup.HostConfig deployDirectory
INFO: Deploying web application directory web-form-portlet
Dec 13, 2013 10:00:40 AM org.apache.catalina.startup.HostConfig deployDirectory
INFO: Deploying web application directory sevencogs-theme
Dec 13, 2013 10:00:40 AM org.apache.catalina.startup.HostConfig deployDirectory
INFO: Deploying web application directory social-networking-portlet
Dec 13, 2013 10:00:41 AM org.apache.catalina.startup.HostConfig deployDirectory
INFO: Deploying web application directory sevencogs-mobile-theme
Dec 13, 2013 10:00:42 AM org.apache.catalina.startup.HostConfig deployDirectory
INFO: Deploying web application directory inkwell-internet-theme
Dec 13, 2013 10:00:45 AM org.apache.catalina.startup.HostConfig deployDirectory
INFO: Deploying web application directory mail-portlet
Dec 13, 2013 10:00:47 AM org.apache.catalina.startup.HostConfig deployDirectory
INFO: Deploying web application directory wsrp-portlet
Dec 13, 2013 10:00:50 AM org.apache.catalina.startup.HostConfig deployDirectory
INFO: Deploying web application directory slogan-contest-portlet
Dec 13, 2013 10:00:51 AM org.apache.catalina.startup.HostConfig deployDirectory
INFO: Deploying web application directory tunnel-web
Dec 13, 2013 10:00:53 AM org.apache.catalina.startup.HostConfig deployDirectory
INFO: Deploying web application directory sevencogs-hook
Dec 13, 2013 10:00:54 AM org.apache.coyote.http11.Http11Protocol start
INFO: Starting Coyote HTTP/1.1 on http-8080
Dec 13, 2013 10:00:54 AM org.apache.jk.common.ChannelSocket init
INFO: JK: ajp13 listening on /0.0.0.0:8009
Dec 13, 2013 10:00:54 AM org.apache.jk.server.JkMain start
INFO: Jk running ID=0 time=0/26  config=null
Dec 13, 2013 10:00:54 AM org.apache.catalina.startup.Catalina start
INFO: Server startup in 71429 ms
Dec 13, 2013 4:44:25 AM org.apache.coyote.http11.Http11Protocol pause
INFO: Pausing Coyote HTTP/1.1 on http-8080
Dec 13, 2013 4:44:26 AM org.apache.catalina.core.StandardService stop
INFO: Stopping service Catalina
Dec 13, 2013 4:44:28 AM org.apache.catalina.loader.WebappClassLoader clearReferencesThreads
SEVERE: The web application [] appears to have started a thread named [QuartzSchedulerEngineInstance_Worker-1] but has failed to stop it. This is very likely to create a memory leak.
Dec 13, 2013 4:44:28 AM org.apache.catalina.loader.WebappClassLoader clearReferencesThreads
SEVERE: The web application [] appears to have started a thread named [QuartzSchedulerEngineInstance_Worker-2] but has failed to stop it. This is very likely to create a memory leak.
Dec 13, 2013 4:44:28 AM org.apache.catalina.loader.WebappClassLoader clearReferencesThreads
SEVERE: The web application [] appears to have started a thread named [QuartzSchedulerEngineInstance_Worker-3] but has failed to stop it. This is very likely to create a memory leak.
Dec 13, 2013 4:44:28 AM org.apache.catalina.loader.WebappClassLoader clearReferencesThreads
SEVERE: The web application [] appears to have started a thread named [QuartzSchedulerEngineInstance_Worker-4] but has failed to stop it. This is very likely to create a memory leak.
Dec 13, 2013 4:44:28 AM org.apache.catalina.loader.WebappClassLoader clearReferencesThreads
SEVERE: The web application [] appears to have started a thread named [QuartzSchedulerEngineInstance_Worker-5] but has failed to stop it. This is very likely to create a memory leak.
Dec 13, 2013 4:44:29 AM org.apache.catalina.loader.WebappClassLoader clearThreadLocalMap
SEVERE: The web application [/wsrp-portlet] created a ThreadLocal with key of type [org.apache.axis.utils.XMLUtils.ThreadLocalDocumentBuilder] (value [org.apache.axis.utils.XMLUtils$ThreadLocalDocumentBuilder@3f07bf66]) and a value of type [com.sun.org.apache.xerces.internal.jaxp.DocumentBuilderImpl] (value [com.sun.org.apache.xerces.internal.jaxp.DocumentBuilderImpl@15a6e1de]) but failed to remove it when the web application was stopped. This is very likely to create a memory leak.
Dec 13, 2013 4:44:30 AM org.apache.catalina.loader.WebappClassLoader clearReferencesThreads
SEVERE: The web application [/opensocial-portlet] appears to have started a thread named [com.google.inject.internal.Finalizer] but has failed to stop it. This is very likely to create a memory leak.
Dec 13, 2013 4:44:30 AM org.apache.catalina.loader.WebappClassLoader clearThreadLocalMap
SEVERE: The web application [/opensocial-portlet] created a ThreadLocal with key of type [null] (value [org.apache.shindig.common.xml.XmlUtil$2@56dac742]) and a value of type [org.apache.xerces.jaxp.DocumentBuilderImpl] (value [org.apache.xerces.jaxp.DocumentBuilderImpl@354fea9a]) but failed to remove it when the web application was stopped. This is very likely to create a memory leak.
Dec 13, 2013 4:44:30 AM org.apache.catalina.loader.WebappClassLoader clearThreadLocalMap
SEVERE: The web application [/opensocial-portlet] created a ThreadLocal with key of type [null] (value [com.google.inject.InjectorImpl$1@11b33fce]) and a value of type [java.lang.Object[]] (value [[Ljava.lang.Object;@f21f676]) but failed to remove it when the web application was stopped. This is very likely to create a memory leak.
Dec 13, 2013 4:44:30 AM org.apache.coyote.http11.Http11Protocol destroy
INFO: Stopping Coyote HTTP/1.1 on http-8080
