May 27, 2013 7:27:04 AM org.apache.catalina.startup.HostConfig deployDirectory
INFO: Deploying web application directory send-receive-message-portlet
May 27, 2013 7:33:59 AM org.apache.catalina.startup.HostConfig checkResources
INFO: Reloading context [/send-receive-message-portlet]
May 27, 2013 7:37:11 AM org.apache.catalina.startup.HostConfig checkResources
INFO: Undeploying context [/send-receive-message-portlet]
May 27, 2013 7:56:22 AM org.apache.catalina.startup.HostConfig deployDirectory
INFO: Deploying web application directory send-receive-message-portlet
May 27, 2013 7:57:43 AM org.apache.catalina.startup.HostConfig checkResources
INFO: Reloading context [/send-receive-message-portlet]
May 27, 2013 8:01:14 AM org.apache.catalina.startup.HostConfig checkResources
INFO: Undeploying context [/send-receive-message-portlet]
May 27, 2013 8:02:44 AM org.apache.catalina.startup.HostConfig deployDirectory
INFO: Deploying web application directory send-receive-message-portlet
May 27, 2013 8:04:25 AM org.apache.catalina.startup.HostConfig checkResources
INFO: Reloading context [/send-receive-message-portlet]
May 27, 2013 8:07:05 AM org.apache.catalina.startup.HostConfig checkResources
INFO: Reloading context [/send-receive-message-portlet]
May 27, 2013 8:11:46 AM org.apache.catalina.startup.HostConfig checkResources
INFO: Reloading context [/send-receive-message-portlet]
May 27, 2013 8:13:57 AM org.apache.catalina.startup.HostConfig checkResources
INFO: Reloading context [/send-receive-message-portlet]
May 27, 2013 8:14:58 AM org.apache.catalina.startup.HostConfig checkResources
INFO: Reloading context [/send-receive-message-portlet]
May 27, 2013 8:15:28 AM org.apache.catalina.startup.HostConfig checkResources
INFO: Reloading context [/liferay-in-action-portlet]
May 27, 2013 8:15:52 AM org.apache.catalina.startup.HostConfig checkResources
INFO: Reloading context [/liferay-in-action-portlet]
May 27, 2013 8:22:19 AM org.apache.coyote.http11.Http11Protocol pause
INFO: Pausing Coyote HTTP/1.1 on http-8080
May 27, 2013 8:22:20 AM org.apache.catalina.core.StandardService stop
INFO: Stopping service Catalina
May 27, 2013 8:22:24 AM org.apache.catalina.loader.WebappClassLoader clearReferencesThreads
SEVERE: The web application [] appears to have started a thread named [MySQL Statement Cancellation Timer] but has failed to stop it. This is very likely to create a memory leak.
May 27, 2013 8:22:25 AM org.apache.catalina.loader.WebappClassLoader clearThreadLocalMap
SEVERE: The web application [/wsrp-portlet] created a ThreadLocal with key of type [org.apache.axis.utils.XMLUtils.ThreadLocalDocumentBuilder] (value [org.apache.axis.utils.XMLUtils$ThreadLocalDocumentBuilder@a39be4]) and a value of type [com.sun.org.apache.xerces.internal.jaxp.DocumentBuilderImpl] (value [com.sun.org.apache.xerces.internal.jaxp.DocumentBuilderImpl@14fab9a]) but failed to remove it when the web application was stopped. This is very likely to create a memory leak.
May 27, 2013 8:22:25 AM org.apache.catalina.loader.WebappClassLoader clearReferencesThreads
SEVERE: The web application [/opensocial-portlet] appears to have started a thread named [com.google.inject.internal.Finalizer] but has failed to stop it. This is very likely to create a memory leak.
May 27, 2013 8:22:25 AM org.apache.catalina.loader.WebappClassLoader clearThreadLocalMap
SEVERE: The web application [/opensocial-portlet] created a ThreadLocal with key of type [null] (value [org.apache.shindig.common.xml.XmlUtil$2@4caa92]) and a value of type [org.apache.xerces.jaxp.DocumentBuilderImpl] (value [org.apache.xerces.jaxp.DocumentBuilderImpl@1528488]) but failed to remove it when the web application was stopped. This is very likely to create a memory leak.
May 27, 2013 8:22:25 AM org.apache.catalina.loader.WebappClassLoader clearThreadLocalMap
SEVERE: The web application [/opensocial-portlet] created a ThreadLocal with key of type [null] (value [com.google.inject.InjectorImpl$1@7b059a]) and a value of type [java.lang.Object[]] (value [[Ljava.lang.Object;@ace288]) but failed to remove it when the web application was stopped. This is very likely to create a memory leak.
May 27, 2013 8:22:25 AM org.apache.coyote.http11.Http11Protocol destroy
INFO: Stopping Coyote HTTP/1.1 on http-8080
May 27, 2013 8:22:27 AM org.apache.catalina.core.AprLifecycleListener init
INFO: The APR based Apache Tomcat Native library which allows optimal performance in production environments was not found on the java.library.path: D:\liferay\bundles\liferay-portal-6.0.6\tomcat-6.0.29\jre1.6.0_20\win\bin;.;C:\Windows\Sun\Java\bin;C:\Windows\system32;C:\Windows;C:\Windows\system32;C:\Windows;C:\Windows\System32\Wbem;C:\Windows\System32\WindowsPowerShell\v1.0\;D:\liferay\apache-ant-1.8.4\bin;C:\Program Files\Java\jre7\bin;D:\velocity\velocity-1.7\build;D:\Program Files\QuickTime\QTSystem\;D:\Sax\lib;C:\Program Files\Microsoft SQL Server\110\Tools\Binn\;C:\Program Files (x86)\Microsoft SQL Server\110\Tools\Binn\;C:\Program Files\Microsoft SQL Server\110\DTS\Binn\;C:\Program Files (x86)\Microsoft SQL Server\110\Tools\Binn\ManagementStudio\;C:\Program Files (x86)\Microsoft Visual Studio 10.0\Common7\IDE\PrivateAssemblies\;C:\Program Files (x86)\Microsoft SQL Server\110\DTS\Binn\;D:\Dev-Cpp\bin;C:\Program Files (x86)\Microsoft Visual Studio\VC98\Bin;C:\Program Files (x86)\Microsoft Visual Studio\Common\Tools\WinNT;C:\Program Files (x86)\Microsoft Visual Studio\Common\MSDev98\Bin;C:\Program Files (x86)\Microsoft Visual Studio\Common\Tools;C:\Program Files (x86)\Microsoft Visual Studio\VC98\bin;D:\Program Files\VC98\Tools\WinNT;D:\Program Files\VC98\MSDev98\Bin;D:\Program Files\VC98\Tools;D:\Program Files\VB\Tools\WinNT;D:\Program Files\VB\MSDev98\Bin;D:\Program Files\VB\Tools;D:\Program Files\VC98\bin;D:\Program Files\AppServ\Apache2.2\bin;D:\Program Files\AppServ\php5;D:\Program Files\AppServ\MySQL\bin
May 27, 2013 8:22:28 AM org.apache.coyote.http11.Http11Protocol init
INFO: Initializing Coyote HTTP/1.1 on http-8080
May 27, 2013 8:22:28 AM org.apache.catalina.startup.Catalina load
INFO: Initialization processed in 1157 ms
May 27, 2013 8:22:28 AM org.apache.catalina.core.StandardService start
INFO: Starting service Catalina
May 27, 2013 8:22:28 AM org.apache.catalina.core.StandardEngine start
INFO: Starting Servlet Engine: Apache Tomcat/6.0.29
May 27, 2013 8:22:28 AM org.apache.catalina.startup.HostConfig deployDescriptor
INFO: Deploying configuration descriptor ROOT.xml
May 27, 2013 8:23:13 AM org.apache.catalina.startup.HostConfig deployDirectory
INFO: Deploying web application directory chat-portlet
May 27, 2013 8:23:15 AM org.apache.catalina.startup.HostConfig deployDirectory
INFO: Deploying web application directory default-site-templates-hook
May 27, 2013 8:23:16 AM org.apache.catalina.startup.HostConfig deployDirectory
INFO: Deploying web application directory google-maps-portlet
May 27, 2013 8:23:16 AM org.apache.catalina.startup.HostConfig deployDirectory
INFO: Deploying web application directory kaleo-web
May 27, 2013 8:23:20 AM org.apache.catalina.startup.HostConfig deployDirectory
INFO: Deploying web application directory mail-portlet
May 27, 2013 8:23:22 AM org.apache.catalina.startup.HostConfig deployDirectory
INFO: Deploying web application directory opensocial-portlet
May 27, 2013 8:23:29 AM org.apache.catalina.startup.HostConfig deployDirectory
INFO: Deploying web application directory sevencogs-hook
May 27, 2013 8:23:29 AM org.apache.catalina.startup.HostConfig deployDirectory
INFO: Deploying web application directory sevencogs-mobile-theme
May 27, 2013 8:23:29 AM org.apache.catalina.startup.HostConfig deployDirectory
INFO: Deploying web application directory sevencogs-theme
May 27, 2013 8:23:30 AM org.apache.catalina.startup.HostConfig deployDirectory
INFO: Deploying web application directory social-networking-portlet
May 27, 2013 8:23:32 AM org.apache.catalina.startup.HostConfig deployDirectory
INFO: Deploying web application directory tunnel-web
May 27, 2013 8:23:34 AM org.apache.catalina.startup.HostConfig deployDirectory
INFO: Deploying web application directory web-form-portlet
May 27, 2013 8:23:36 AM org.apache.catalina.startup.HostConfig deployDirectory
INFO: Deploying web application directory wsrp-portlet
May 27, 2013 8:23:39 AM org.apache.catalina.startup.HostConfig deployDirectory
INFO: Deploying web application directory liferay-in-action-portlet
May 27, 2013 8:23:41 AM org.apache.catalina.startup.HostConfig deployDirectory
INFO: Deploying web application directory inkwell-internet-theme
May 27, 2013 8:23:52 AM org.apache.catalina.startup.HostConfig deployDirectory
INFO: Deploying web application directory product-registration-portlet
May 27, 2013 8:23:54 AM org.apache.catalina.startup.HostConfig deployDirectory
INFO: Deploying web application directory send-receive-message-portlet
May 27, 2013 8:23:57 AM org.apache.coyote.http11.Http11Protocol start
INFO: Starting Coyote HTTP/1.1 on http-8080
May 27, 2013 8:23:57 AM org.apache.jk.common.ChannelSocket init
INFO: JK: ajp13 listening on /0.0.0.0:8009
May 27, 2013 8:23:57 AM org.apache.jk.server.JkMain start
INFO: Jk running ID=0 time=0/22  config=null
May 27, 2013 8:23:57 AM org.apache.catalina.startup.Catalina start
INFO: Server startup in 89306 ms
May 27, 2013 8:24:17 AM org.apache.catalina.startup.HostConfig checkResources
INFO: Reloading context [/liferay-in-action-portlet]
May 27, 2013 8:25:22 AM org.apache.coyote.http11.Http11Protocol pause
INFO: Pausing Coyote HTTP/1.1 on http-8080
May 27, 2013 8:25:23 AM org.apache.catalina.core.StandardService stop
INFO: Stopping service Catalina
May 27, 2013 8:25:24 AM org.apache.catalina.loader.WebappClassLoader clearThreadLocalMap
SEVERE: The web application [/wsrp-portlet] created a ThreadLocal with key of type [org.apache.axis.utils.XMLUtils.ThreadLocalDocumentBuilder] (value [org.apache.axis.utils.XMLUtils$ThreadLocalDocumentBuilder@103015b]) and a value of type [com.sun.org.apache.xerces.internal.jaxp.DocumentBuilderImpl] (value [com.sun.org.apache.xerces.internal.jaxp.DocumentBuilderImpl@4e2d11]) but failed to remove it when the web application was stopped. This is very likely to create a memory leak.
May 27, 2013 8:25:24 AM org.apache.catalina.loader.WebappClassLoader clearReferencesThreads
SEVERE: The web application [/opensocial-portlet] appears to have started a thread named [com.google.inject.internal.Finalizer] but has failed to stop it. This is very likely to create a memory leak.
May 27, 2013 8:25:24 AM org.apache.catalina.loader.WebappClassLoader clearThreadLocalMap
SEVERE: The web application [/opensocial-portlet] created a ThreadLocal with key of type [null] (value [com.google.inject.InjectorImpl$1@1aaadc6]) and a value of type [java.lang.Object[]] (value [[Ljava.lang.Object;@76bfbd]) but failed to remove it when the web application was stopped. This is very likely to create a memory leak.
May 27, 2013 8:25:24 AM org.apache.catalina.loader.WebappClassLoader clearThreadLocalMap
SEVERE: The web application [/opensocial-portlet] created a ThreadLocal with key of type [null] (value [org.apache.shindig.common.xml.XmlUtil$2@264d07]) and a value of type [org.apache.xerces.jaxp.DocumentBuilderImpl] (value [org.apache.xerces.jaxp.DocumentBuilderImpl@8b170e]) but failed to remove it when the web application was stopped. This is very likely to create a memory leak.
May 27, 2013 8:25:24 AM org.apache.coyote.http11.Http11Protocol destroy
INFO: Stopping Coyote HTTP/1.1 on http-8080
May 27, 2013 8:25:49 AM org.apache.catalina.core.AprLifecycleListener init
INFO: The APR based Apache Tomcat Native library which allows optimal performance in production environments was not found on the java.library.path: D:\liferay\bundles\liferay-portal-6.0.6\tomcat-6.0.29\jre1.6.0_20\win\bin;.;C:\Windows\Sun\Java\bin;C:\Windows\system32;C:\Windows;C:\Windows\system32;C:\Windows;C:\Windows\System32\Wbem;C:\Windows\System32\WindowsPowerShell\v1.0\;D:\liferay\apache-ant-1.8.4\bin;C:\Program Files\Java\jre7\bin;D:\velocity\velocity-1.7\build;D:\Program Files\QuickTime\QTSystem\;D:\Sax\lib;C:\Program Files\Microsoft SQL Server\110\Tools\Binn\;C:\Program Files (x86)\Microsoft SQL Server\110\Tools\Binn\;C:\Program Files\Microsoft SQL Server\110\DTS\Binn\;C:\Program Files (x86)\Microsoft SQL Server\110\Tools\Binn\ManagementStudio\;C:\Program Files (x86)\Microsoft Visual Studio 10.0\Common7\IDE\PrivateAssemblies\;C:\Program Files (x86)\Microsoft SQL Server\110\DTS\Binn\;D:\Dev-Cpp\bin;C:\Program Files (x86)\Microsoft Visual Studio\VC98\Bin;C:\Program Files (x86)\Microsoft Visual Studio\Common\Tools\WinNT;C:\Program Files (x86)\Microsoft Visual Studio\Common\MSDev98\Bin;C:\Program Files (x86)\Microsoft Visual Studio\Common\Tools;C:\Program Files (x86)\Microsoft Visual Studio\VC98\bin;D:\Program Files\VC98\Tools\WinNT;D:\Program Files\VC98\MSDev98\Bin;D:\Program Files\VC98\Tools;D:\Program Files\VB\Tools\WinNT;D:\Program Files\VB\MSDev98\Bin;D:\Program Files\VB\Tools;D:\Program Files\VC98\bin;D:\Program Files\AppServ\Apache2.2\bin;D:\Program Files\AppServ\php5;D:\Program Files\AppServ\MySQL\bin
May 27, 2013 8:25:49 AM org.apache.coyote.http11.Http11Protocol init
INFO: Initializing Coyote HTTP/1.1 on http-8080
May 27, 2013 8:25:49 AM org.apache.catalina.startup.Catalina load
INFO: Initialization processed in 343 ms
May 27, 2013 8:25:49 AM org.apache.catalina.core.StandardService start
INFO: Starting service Catalina
May 27, 2013 8:25:49 AM org.apache.catalina.core.StandardEngine start
INFO: Starting Servlet Engine: Apache Tomcat/6.0.29
May 27, 2013 8:25:49 AM org.apache.catalina.startup.HostConfig deployDescriptor
INFO: Deploying configuration descriptor ROOT.xml
May 27, 2013 8:26:20 AM org.apache.catalina.startup.HostConfig deployDirectory
INFO: Deploying web application directory chat-portlet
May 27, 2013 8:26:21 AM org.apache.catalina.startup.HostConfig deployDirectory
INFO: Deploying web application directory default-site-templates-hook
May 27, 2013 8:26:21 AM org.apache.catalina.startup.HostConfig deployDirectory
INFO: Deploying web application directory google-maps-portlet
May 27, 2013 8:26:21 AM org.apache.catalina.startup.HostConfig deployDirectory
INFO: Deploying web application directory kaleo-web
May 27, 2013 8:26:24 AM org.apache.catalina.startup.HostConfig deployDirectory
INFO: Deploying web application directory mail-portlet
May 27, 2013 8:26:25 AM org.apache.catalina.startup.HostConfig deployDirectory
INFO: Deploying web application directory opensocial-portlet
May 27, 2013 8:26:31 AM org.apache.catalina.startup.HostConfig deployDirectory
INFO: Deploying web application directory sevencogs-hook
May 27, 2013 8:26:31 AM org.apache.catalina.startup.HostConfig deployDirectory
INFO: Deploying web application directory sevencogs-mobile-theme
May 27, 2013 8:26:31 AM org.apache.catalina.startup.HostConfig deployDirectory
INFO: Deploying web application directory sevencogs-theme
May 27, 2013 8:26:31 AM org.apache.catalina.startup.HostConfig deployDirectory
INFO: Deploying web application directory social-networking-portlet
May 27, 2013 8:26:33 AM org.apache.catalina.startup.HostConfig deployDirectory
INFO: Deploying web application directory tunnel-web
May 27, 2013 8:26:34 AM org.apache.catalina.startup.HostConfig deployDirectory
INFO: Deploying web application directory web-form-portlet
May 27, 2013 8:26:35 AM org.apache.catalina.startup.HostConfig deployDirectory
INFO: Deploying web application directory wsrp-portlet
May 27, 2013 8:26:37 AM org.apache.catalina.startup.HostConfig deployDirectory
INFO: Deploying web application directory inkwell-internet-theme
May 27, 2013 8:26:39 AM org.apache.catalina.startup.HostConfig deployDirectory
INFO: Deploying web application directory product-registration-portlet
May 27, 2013 8:26:40 AM org.apache.catalina.startup.HostConfig deployDirectory
INFO: Deploying web application directory send-receive-message-portlet
May 27, 2013 8:26:40 AM org.apache.coyote.http11.Http11Protocol start
INFO: Starting Coyote HTTP/1.1 on http-8080
May 27, 2013 8:26:40 AM org.apache.jk.common.ChannelSocket init
INFO: JK: ajp13 listening on /0.0.0.0:8009
May 27, 2013 8:26:40 AM org.apache.jk.server.JkMain start
INFO: Jk running ID=0 time=0/25  config=null
May 27, 2013 8:26:40 AM org.apache.catalina.startup.Catalina start
INFO: Server startup in 51789 ms
May 27, 2013 8:26:50 AM org.apache.catalina.startup.HostConfig checkResources
INFO: Reloading context [/send-receive-message-portlet]
May 27, 2013 8:33:32 AM org.apache.catalina.startup.HostConfig checkResources
INFO: Reloading context [/send-receive-message-portlet]
May 27, 2013 9:03:34 AM org.apache.catalina.startup.HostConfig checkResources
INFO: Reloading context [/send-receive-message-portlet]
May 27, 2013 9:04:05 AM org.apache.catalina.startup.HostConfig checkResources
INFO: Reloading context [/send-receive-message-portlet]
May 27, 2013 9:08:16 AM org.apache.catalina.startup.HostConfig checkResources
INFO: Reloading context [/send-receive-message-portlet]
May 27, 2013 9:21:07 AM org.apache.catalina.startup.HostConfig checkResources
INFO: Reloading context [/send-receive-message-portlet]
May 27, 2013 9:28:59 AM org.apache.catalina.startup.HostConfig checkResources
INFO: Reloading context [/send-receive-message-portlet]
May 27, 2013 9:33:29 AM org.apache.catalina.startup.HostConfig checkResources
INFO: Reloading context [/send-receive-message-portlet]
May 27, 2013 9:35:40 AM org.apache.catalina.startup.HostConfig checkResources
INFO: Reloading context [/send-receive-message-portlet]
May 27, 2013 9:45:41 AM org.apache.catalina.startup.HostConfig checkResources
INFO: Reloading context [/send-receive-message-portlet]
May 27, 2013 9:46:12 AM org.apache.catalina.startup.HostConfig checkResources
INFO: Reloading context [/send-receive-message-portlet]
May 27, 2013 9:47:13 AM org.apache.catalina.startup.HostConfig checkResources
INFO: Reloading context [/send-receive-message-portlet]
May 27, 2013 9:47:44 AM org.apache.catalina.startup.HostConfig checkResources
INFO: Reloading context [/send-receive-message-portlet]
May 27, 2013 9:54:05 AM org.apache.catalina.startup.HostConfig checkResources
INFO: Reloading context [/send-receive-message-portlet]
May 27, 2013 9:55:46 AM org.apache.catalina.startup.HostConfig checkResources
INFO: Reloading context [/send-receive-message-portlet]
May 27, 2013 9:56:56 AM org.apache.catalina.startup.HostConfig checkResources
INFO: Reloading context [/send-receive-message-portlet]
May 27, 2013 9:57:17 AM org.apache.catalina.startup.HostConfig checkResources
INFO: Reloading context [/send-receive-message-portlet]
May 27, 2013 9:58:17 AM org.apache.catalina.startup.HostConfig checkResources
INFO: Reloading context [/send-receive-message-portlet]
May 27, 2013 9:59:38 AM org.apache.catalina.startup.HostConfig checkResources
INFO: Reloading context [/send-receive-message-portlet]
May 27, 2013 10:00:09 AM org.apache.catalina.startup.HostConfig checkResources
INFO: Reloading context [/send-receive-message-portlet]
May 27, 2013 10:00:50 AM org.apache.catalina.startup.HostConfig checkResources
INFO: Reloading context [/send-receive-message-portlet]
May 27, 2013 11:03:14 AM org.apache.catalina.startup.HostConfig checkResources
INFO: Reloading context [/send-receive-message-portlet]
May 27, 2013 11:04:34 AM org.apache.catalina.startup.HostConfig checkResources
INFO: Reloading context [/send-receive-message-portlet]
May 27, 2013 11:05:45 AM org.apache.catalina.startup.HostConfig checkResources
INFO: Reloading context [/send-receive-message-portlet]
May 27, 2013 11:06:56 AM org.apache.catalina.startup.HostConfig checkResources
INFO: Reloading context [/send-receive-message-portlet]
May 27, 2013 11:08:06 AM org.apache.catalina.startup.HostConfig checkResources
INFO: Reloading context [/send-receive-message-portlet]
May 27, 2013 11:08:37 AM org.apache.catalina.startup.HostConfig checkResources
INFO: Reloading context [/send-receive-message-portlet]
May 27, 2013 11:10:38 AM org.apache.catalina.startup.HostConfig checkResources
INFO: Reloading context [/send-receive-message-portlet]
May 27, 2013 11:10:58 AM org.apache.catalina.startup.HostConfig checkResources
INFO: Reloading context [/send-receive-message-portlet]
May 27, 2013 11:12:49 AM org.apache.catalina.startup.HostConfig checkResources
INFO: Reloading context [/send-receive-message-portlet]
May 27, 2013 11:17:31 AM org.apache.catalina.startup.HostConfig checkResources
INFO: Reloading context [/send-receive-message-portlet]
May 27, 2013 11:18:01 AM org.apache.catalina.startup.HostConfig checkResources
INFO: Reloading context [/send-receive-message-portlet]
May 27, 2013 11:22:02 AM org.apache.catalina.startup.HostConfig checkResources
INFO: Reloading context [/send-receive-message-portlet]
May 27, 2013 11:24:53 AM org.apache.catalina.startup.HostConfig checkResources
INFO: Reloading context [/send-receive-message-portlet]
May 27, 2013 11:25:44 AM org.apache.catalina.startup.HostConfig checkResources
INFO: Reloading context [/send-receive-message-portlet]
May 27, 2013 11:27:44 AM org.apache.catalina.startup.HostConfig checkResources
INFO: Reloading context [/send-receive-message-portlet]
May 27, 2013 11:38:56 AM org.apache.catalina.startup.HostConfig checkResources
INFO: Reloading context [/send-receive-message-portlet]
May 27, 2013 3:36:58 PM org.apache.catalina.startup.HostConfig checkResources
INFO: Reloading context [/send-receive-message-portlet]
May 27, 2013 3:39:29 PM org.apache.catalina.startup.HostConfig checkResources
INFO: Reloading context [/send-receive-message-portlet]
May 27, 2013 3:41:20 PM org.apache.catalina.startup.HostConfig checkResources
INFO: Reloading context [/send-receive-message-portlet]
May 27, 2013 3:59:22 PM org.apache.catalina.startup.HostConfig checkResources
INFO: Reloading context [/send-receive-message-portlet]
May 27, 2013 4:21:44 PM org.apache.catalina.startup.HostConfig checkResources
INFO: Reloading context [/send-receive-message-portlet]
May 27, 2013 4:23:35 PM org.apache.catalina.startup.HostConfig checkResources
INFO: Reloading context [/send-receive-message-portlet]
May 27, 2013 5:39:00 PM org.apache.catalina.startup.HostConfig checkResources
INFO: Reloading context [/send-receive-message-portlet]
May 27, 2013 5:47:02 PM org.apache.catalina.startup.HostConfig checkResources
INFO: Reloading context [/send-receive-message-portlet]
May 27, 2013 5:52:43 PM org.apache.catalina.startup.HostConfig checkResources
INFO: Reloading context [/send-receive-message-portlet]
May 27, 2013 5:56:54 PM org.apache.catalina.startup.HostConfig checkResources
INFO: Reloading context [/send-receive-message-portlet]
May 27, 2013 5:57:14 PM org.apache.catalina.startup.HostConfig checkResources
INFO: Reloading context [/send-receive-message-portlet]
May 27, 2013 6:01:35 PM org.apache.catalina.startup.HostConfig checkResources
INFO: Reloading context [/send-receive-message-portlet]
May 27, 2013 6:18:57 PM org.apache.catalina.startup.HostConfig checkResources
INFO: Reloading context [/send-receive-message-portlet]
May 27, 2013 6:20:28 PM org.apache.catalina.startup.HostConfig checkResources
INFO: Reloading context [/send-receive-message-portlet]
May 27, 2013 6:24:58 PM org.apache.catalina.startup.HostConfig checkResources
INFO: Reloading context [/send-receive-message-portlet]
