Aug 1, 2013 1:04:48 AM org.apache.catalina.startup.HostConfig checkResources
INFO: Reloading context [/management-high-school-portlet]
Aug 1, 2013 1:05:29 AM org.apache.catalina.startup.HostConfig checkResources
INFO: Reloading context [/management-high-school-portlet]
Aug 1, 2013 1:06:21 AM org.apache.catalina.startup.HostConfig checkResources
INFO: Reloading context [/management-high-school-portlet]
Aug 1, 2013 1:48:45 AM org.apache.catalina.startup.HostConfig checkResources
INFO: Reloading context [/management-high-school-portlet]
Aug 1, 2013 6:03:04 AM org.apache.catalina.startup.HostConfig checkResources
INFO: Reloading context [/management-high-school-portlet]
Aug 1, 2013 6:09:27 AM org.apache.catalina.startup.HostConfig checkResources
INFO: Reloading context [/management-high-school-portlet]
Aug 1, 2013 6:11:38 AM org.apache.catalina.startup.HostConfig checkResources
INFO: Reloading context [/management-high-school-portlet]
Aug 1, 2013 6:13:40 AM org.apache.catalina.startup.HostConfig checkResources
INFO: Reloading context [/management-high-school-portlet]
Aug 1, 2013 6:18:42 AM org.apache.catalina.startup.HostConfig checkResources
INFO: Reloading context [/management-high-school-portlet]
Aug 1, 2013 6:22:23 AM org.apache.catalina.startup.HostConfig checkResources
INFO: Reloading context [/management-high-school-portlet]
Aug 1, 2013 6:22:45 AM org.apache.catalina.startup.HostConfig checkResources
INFO: Reloading context [/management-high-school-portlet]
Aug 1, 2013 6:27:07 AM org.apache.catalina.startup.HostConfig checkResources
INFO: Reloading context [/management-high-school-portlet]
Aug 1, 2013 6:28:48 AM org.apache.catalina.startup.HostConfig checkResources
INFO: Reloading context [/management-high-school-portlet]
Aug 1, 2013 9:44:41 AM org.apache.catalina.startup.HostConfig checkResources
INFO: Reloading context [/management-high-school-portlet]
Aug 1, 2013 9:50:13 AM org.apache.catalina.startup.HostConfig checkResources
INFO: Reloading context [/management-high-school-portlet]
Aug 1, 2013 9:51:54 AM org.apache.catalina.startup.HostConfig checkResources
INFO: Reloading context [/management-high-school-portlet]
Aug 1, 2013 9:56:06 AM org.apache.catalina.startup.HostConfig checkResources
INFO: Reloading context [/management-high-school-portlet]
Aug 1, 2013 1:13:10 PM org.apache.catalina.startup.HostConfig checkResources
INFO: Reloading context [/management-high-school-portlet]
Aug 1, 2013 1:13:43 PM org.apache.catalina.startup.HostConfig checkResources
INFO: Reloading context [/management-high-school-portlet]
Aug 1, 2013 1:15:34 PM org.apache.catalina.startup.HostConfig checkResources
INFO: Reloading context [/management-high-school-portlet]
Aug 1, 2013 1:16:06 PM org.apache.catalina.startup.HostConfig checkResources
INFO: Reloading context [/management-high-school-portlet]
Aug 1, 2013 1:19:48 PM org.apache.catalina.startup.HostConfig checkResources
INFO: Reloading context [/management-high-school-portlet]
Aug 1, 2013 1:20:41 PM org.apache.catalina.startup.HostConfig checkResources
INFO: Reloading context [/management-high-school-portlet]
Aug 1, 2013 1:21:25 PM org.apache.catalina.startup.HostConfig checkResources
INFO: Reloading context [/management-high-school-portlet]
Aug 1, 2013 1:21:57 PM org.apache.catalina.startup.HostConfig checkResources
INFO: Reloading context [/management-high-school-portlet]
Aug 1, 2013 2:23:04 PM org.apache.catalina.startup.HostConfig checkResources
INFO: Reloading context [/management-high-school-portlet]
Aug 1, 2013 2:32:29 PM org.apache.catalina.startup.HostConfig checkResources
INFO: Reloading context [/management-high-school-portlet]
Aug 1, 2013 2:33:11 PM org.apache.catalina.startup.HostConfig checkResources
INFO: Reloading context [/management-high-school-portlet]
Aug 1, 2013 2:34:23 PM org.apache.catalina.startup.HostConfig checkResources
INFO: Reloading context [/management-high-school-portlet]
Aug 1, 2013 2:35:04 PM org.apache.catalina.startup.HostConfig checkResources
INFO: Reloading context [/management-high-school-portlet]
Aug 1, 2013 2:36:10 PM org.apache.catalina.startup.HostConfig checkResources
INFO: Reloading context [/management-high-school-portlet]
Aug 1, 2013 2:59:33 PM org.apache.catalina.startup.HostConfig checkResources
INFO: Reloading context [/management-high-school-portlet]
Aug 1, 2013 3:00:56 PM org.apache.catalina.startup.HostConfig checkResources
INFO: Reloading context [/management-high-school-portlet]
Aug 1, 2013 3:04:50 PM org.apache.catalina.startup.HostConfig checkResources
INFO: Reloading context [/management-high-school-portlet]
Aug 1, 2013 3:06:23 PM org.apache.catalina.startup.HostConfig checkResources
INFO: Reloading context [/management-high-school-portlet]
Aug 1, 2013 3:07:45 PM org.apache.catalina.startup.HostConfig checkResources
INFO: Reloading context [/management-high-school-portlet]
Aug 1, 2013 3:09:56 PM org.apache.catalina.startup.HostConfig checkResources
INFO: Reloading context [/management-high-school-portlet]
Aug 1, 2013 3:10:40 PM org.apache.catalina.startup.HostConfig checkResources
INFO: Reloading context [/management-high-school-portlet]
Aug 1, 2013 3:42:05 PM org.apache.catalina.startup.HostConfig checkResources
INFO: Reloading context [/management-high-school-portlet]
Aug 1, 2013 5:43:50 PM org.apache.catalina.startup.HostConfig checkResources
INFO: Reloading context [/management-high-school-portlet]
Aug 1, 2013 5:45:42 PM org.apache.catalina.startup.HostConfig checkResources
INFO: Reloading context [/management-high-school-portlet]
Aug 1, 2013 5:46:15 PM org.apache.catalina.startup.HostConfig checkResources
INFO: Reloading context [/management-high-school-portlet]
Aug 1, 2013 5:48:57 PM org.apache.catalina.startup.HostConfig checkResources
INFO: Reloading context [/management-high-school-portlet]
Aug 1, 2013 5:51:48 PM org.apache.catalina.startup.HostConfig checkResources
INFO: Reloading context [/management-high-school-portlet]
Aug 1, 2013 5:52:11 PM org.apache.catalina.startup.HostConfig checkResources
INFO: Reloading context [/management-high-school-portlet]
Aug 1, 2013 5:52:38 PM org.apache.catalina.core.StandardContext start
SEVERE: Error listenerStart
Aug 1, 2013 5:52:45 PM org.apache.catalina.core.StandardContext start
SEVERE: Context [/management-high-school-portlet] startup failed due to previous errors
Aug 1, 2013 5:53:02 PM org.apache.coyote.http11.Http11Protocol pause
INFO: Pausing Coyote HTTP/1.1 on http-8080
Aug 1, 2013 5:53:07 PM org.apache.catalina.core.StandardService stop
INFO: Stopping service Catalina
Aug 1, 2013 5:53:16 PM org.apache.catalina.loader.WebappClassLoader clearThreadLocalMap
SEVERE: The web application [/wsrp-portlet] created a ThreadLocal with key of type [org.apache.axis.utils.XMLUtils.ThreadLocalDocumentBuilder] (value [org.apache.axis.utils.XMLUtils$ThreadLocalDocumentBuilder@65b9b8d3]) and a value of type [com.sun.org.apache.xerces.internal.jaxp.DocumentBuilderImpl] (value [com.sun.org.apache.xerces.internal.jaxp.DocumentBuilderImpl@41558d2]) but failed to remove it when the web application was stopped. This is very likely to create a memory leak.
Aug 1, 2013 5:53:17 PM org.apache.catalina.loader.WebappClassLoader clearReferencesThreads
SEVERE: The web application [/opensocial-portlet] appears to have started a thread named [com.google.inject.internal.Finalizer] but has failed to stop it. This is very likely to create a memory leak.
Aug 1, 2013 5:53:17 PM org.apache.catalina.loader.WebappClassLoader clearThreadLocalMap
SEVERE: The web application [/opensocial-portlet] created a ThreadLocal with key of type [null] (value [com.google.inject.InjectorImpl$1@754488]) and a value of type [java.lang.Object[]] (value [[Ljava.lang.Object;@12e63cf4]) but failed to remove it when the web application was stopped. This is very likely to create a memory leak.
Aug 1, 2013 5:53:17 PM org.apache.catalina.loader.WebappClassLoader clearThreadLocalMap
SEVERE: The web application [/opensocial-portlet] created a ThreadLocal with key of type [null] (value [org.apache.shindig.common.xml.XmlUtil$2@49abc0dd]) and a value of type [org.apache.xerces.jaxp.DocumentBuilderImpl] (value [org.apache.xerces.jaxp.DocumentBuilderImpl@2b0312f4]) but failed to remove it when the web application was stopped. This is very likely to create a memory leak.
Aug 1, 2013 5:53:17 PM org.apache.coyote.http11.Http11Protocol destroy
INFO: Stopping Coyote HTTP/1.1 on http-8080
Aug 1, 2013 5:53:18 PM org.apache.catalina.core.AprLifecycleListener init
INFO: The APR based Apache Tomcat Native library which allows optimal performance in production environments was not found on the java.library.path: /usr/lib/jvm/java-6-openjdk/jre/lib/amd64/server:/usr/lib/jvm/java-6-openjdk/jre/lib/amd64:/usr/lib/jvm/java-6-openjdk/jre/../lib/amd64:/usr/java/packages/lib/amd64:/usr/lib/jni:/lib:/usr/lib
Aug 1, 2013 5:53:19 PM org.apache.coyote.http11.Http11Protocol init
INFO: Initializing Coyote HTTP/1.1 on http-8080
Aug 1, 2013 5:53:19 PM org.apache.catalina.startup.Catalina load
INFO: Initialization processed in 1090 ms
Aug 1, 2013 5:53:19 PM org.apache.catalina.core.StandardService start
INFO: Starting service Catalina
Aug 1, 2013 5:53:19 PM org.apache.catalina.core.StandardEngine start
INFO: Starting Servlet Engine: Apache Tomcat/6.0.29
Aug 1, 2013 5:53:19 PM org.apache.catalina.startup.HostConfig deployDescriptor
INFO: Deploying configuration descriptor ROOT.xml
Aug 1, 2013 5:53:56 PM org.apache.catalina.startup.HostConfig deployDescriptor
INFO: Deploying configuration descriptor tvd-slogan-contest-portlet.xml
Aug 1, 2013 5:53:56 PM org.apache.catalina.startup.HostConfig deployDescriptor
WARNING: A docBase /home/tvd/liferay/bundles/liferay-portal-6.0.6/tomcat-6.0.29/webapps/D:\liferay\bundles\liferay-portal-6.0.6\tomcat-6.0.29\webapps\tvd-slogan-contest-portlet inside the host appBase has been specified, and will be ignored
Aug 1, 2013 5:54:00 PM org.apache.catalina.startup.HostConfig deployDescriptor
INFO: Deploying configuration descriptor send-receive-message-portlet.xml
Aug 1, 2013 5:54:00 PM org.apache.catalina.startup.HostConfig deployDescriptor
WARNING: A docBase /home/tvd/liferay/bundles/liferay-portal-6.0.6/tomcat-6.0.29/webapps/D:\liferay\bundles\liferay-portal-6.0.6\tomcat-6.0.29\webapps\send-receive-message-portlet inside the host appBase has been specified, and will be ignored
Aug 1, 2013 5:54:01 PM org.apache.catalina.startup.HostConfig deployDirectory
INFO: Deploying web application directory opensocial-portlet
Aug 1, 2013 5:54:07 PM org.apache.catalina.startup.HostConfig deployDirectory
INFO: Deploying web application directory default-site-templates-hook
Aug 1, 2013 5:54:08 PM org.apache.catalina.startup.HostConfig deployDirectory
INFO: Deploying web application directory kaleo-web
Aug 1, 2013 5:54:11 PM org.apache.catalina.startup.HostConfig deployDirectory
INFO: Deploying web application directory html5-initializr-theme
Aug 1, 2013 5:54:14 PM org.apache.catalina.startup.HostConfig deployDirectory
INFO: Deploying web application directory management-high-school-portlet
Aug 1, 2013 5:54:16 PM org.apache.catalina.startup.HostConfig deployDirectory
INFO: Deploying web application directory product-registration-portlet
Aug 1, 2013 5:54:17 PM org.apache.catalina.startup.HostConfig deployDirectory
INFO: Deploying web application directory google-maps-portlet
Aug 1, 2013 5:54:17 PM org.apache.catalina.startup.HostConfig deployDirectory
INFO: Deploying web application directory chat-portlet
Aug 1, 2013 5:54:18 PM org.apache.catalina.startup.HostConfig deployDirectory
INFO: Deploying web application directory web-form-portlet
Aug 1, 2013 5:54:19 PM org.apache.catalina.startup.HostConfig deployDirectory
INFO: Deploying web application directory sevencogs-theme
Aug 1, 2013 5:54:19 PM org.apache.catalina.startup.HostConfig deployDirectory
INFO: Deploying web application directory social-networking-portlet
Aug 1, 2013 5:54:21 PM org.apache.catalina.startup.HostConfig deployDirectory
INFO: Deploying web application directory sevencogs-mobile-theme
Aug 1, 2013 5:54:21 PM org.apache.catalina.startup.HostConfig deployDirectory
INFO: Deploying web application directory inkwell-internet-theme
Aug 1, 2013 5:54:23 PM org.apache.catalina.startup.HostConfig deployDirectory
INFO: Deploying web application directory mail-portlet
Aug 1, 2013 5:54:25 PM org.apache.catalina.startup.HostConfig deployDirectory
INFO: Deploying web application directory wsrp-portlet
Aug 1, 2013 5:54:27 PM org.apache.catalina.startup.HostConfig deployDirectory
INFO: Deploying web application directory slogan-contest-portlet
Aug 1, 2013 5:54:29 PM org.apache.catalina.startup.HostConfig deployDirectory
INFO: Deploying web application directory tunnel-web
Aug 1, 2013 5:54:31 PM org.apache.catalina.startup.HostConfig deployDirectory
INFO: Deploying web application directory sevencogs-hook
Aug 1, 2013 5:54:31 PM org.apache.coyote.http11.Http11Protocol start
INFO: Starting Coyote HTTP/1.1 on http-8080
Aug 1, 2013 5:54:31 PM org.apache.jk.common.ChannelSocket init
INFO: JK: ajp13 listening on /0.0.0.0:8009
Aug 1, 2013 5:54:31 PM org.apache.jk.server.JkMain start
INFO: Jk running ID=0 time=0/28  config=null
Aug 1, 2013 5:54:31 PM org.apache.catalina.startup.Catalina start
INFO: Server startup in 72446 ms
Aug 1, 2013 5:59:01 PM org.apache.catalina.startup.HostConfig checkResources
INFO: Reloading context [/management-high-school-portlet]
Aug 1, 2013 6:04:53 PM org.apache.catalina.startup.HostConfig checkResources
INFO: Reloading context [/management-high-school-portlet]
Aug 1, 2013 6:06:35 PM org.apache.catalina.startup.HostConfig checkResources
INFO: Reloading context [/management-high-school-portlet]
Aug 1, 2013 6:11:07 PM org.apache.catalina.startup.HostConfig checkResources
INFO: Reloading context [/management-high-school-portlet]
Aug 1, 2013 6:20:59 PM org.apache.catalina.startup.HostConfig checkResources
INFO: Reloading context [/management-high-school-portlet]
Aug 1, 2013 6:24:31 PM org.apache.catalina.startup.HostConfig checkResources
INFO: Reloading context [/management-high-school-portlet]
Aug 1, 2013 6:27:33 PM org.apache.catalina.startup.HostConfig checkResources
INFO: Reloading context [/management-high-school-portlet]
Aug 1, 2013 6:28:44 PM org.apache.catalina.startup.HostConfig checkResources
INFO: Reloading context [/management-high-school-portlet]
Aug 1, 2013 6:32:06 PM org.apache.catalina.startup.HostConfig checkResources
INFO: Reloading context [/management-high-school-portlet]
Aug 1, 2013 6:32:48 PM org.apache.catalina.startup.HostConfig checkResources
INFO: Reloading context [/management-high-school-portlet]
Aug 1, 2013 6:34:19 PM org.apache.catalina.startup.HostConfig checkResources
INFO: Reloading context [/management-high-school-portlet]
Aug 1, 2013 6:35:21 PM org.apache.catalina.startup.HostConfig checkResources
INFO: Reloading context [/management-high-school-portlet]
Aug 1, 2013 6:35:52 PM org.apache.catalina.startup.HostConfig checkResources
INFO: Reloading context [/management-high-school-portlet]
Aug 1, 2013 6:36:54 PM org.apache.catalina.startup.HostConfig checkResources
INFO: Reloading context [/management-high-school-portlet]
Aug 1, 2013 6:37:55 PM org.apache.catalina.startup.HostConfig checkResources
INFO: Reloading context [/management-high-school-portlet]
Aug 1, 2013 6:38:27 PM org.apache.catalina.startup.HostConfig checkResources
INFO: Reloading context [/management-high-school-portlet]
Aug 1, 2013 6:44:39 PM org.apache.catalina.startup.HostConfig checkResources
INFO: Reloading context [/management-high-school-portlet]
Aug 1, 2013 6:45:50 PM org.apache.catalina.startup.HostConfig checkResources
INFO: Reloading context [/management-high-school-portlet]
Aug 1, 2013 6:46:52 PM org.apache.catalina.startup.HostConfig checkResources
INFO: Reloading context [/management-high-school-portlet]
