Aug 5, 2013 2:08:32 PM org.apache.catalina.core.AprLifecycleListener init
INFO: The APR based Apache Tomcat Native library which allows optimal performance in production environments was not found on the java.library.path: /usr/lib/jvm/java-6-openjdk/jre/lib/amd64/server:/usr/lib/jvm/java-6-openjdk/jre/lib/amd64:/usr/lib/jvm/java-6-openjdk/jre/../lib/amd64:/usr/java/packages/lib/amd64:/usr/lib/jni:/lib:/usr/lib
Aug 5, 2013 2:08:32 PM org.apache.coyote.http11.Http11Protocol init
INFO: Initializing Coyote HTTP/1.1 on http-8080
Aug 5, 2013 2:08:32 PM org.apache.catalina.startup.Catalina load
INFO: Initialization processed in 1069 ms
Aug 5, 2013 2:08:32 PM org.apache.catalina.core.StandardService start
INFO: Starting service Catalina
Aug 5, 2013 2:08:32 PM org.apache.catalina.core.StandardEngine start
INFO: Starting Servlet Engine: Apache Tomcat/6.0.29
Aug 5, 2013 2:08:32 PM org.apache.catalina.startup.HostConfig deployDescriptor
INFO: Deploying configuration descriptor ROOT.xml
Aug 5, 2013 2:09:12 PM org.apache.catalina.startup.HostConfig deployDescriptor
INFO: Deploying configuration descriptor tvd-slogan-contest-portlet.xml
Aug 5, 2013 2:09:12 PM org.apache.catalina.startup.HostConfig deployDescriptor
WARNING: A docBase /home/tvd/liferay/bundles/liferay-portal-6.0.6/tomcat-6.0.29/webapps/D:\liferay\bundles\liferay-portal-6.0.6\tomcat-6.0.29\webapps\tvd-slogan-contest-portlet inside the host appBase has been specified, and will be ignored
Aug 5, 2013 2:09:16 PM org.apache.catalina.startup.HostConfig deployDescriptor
INFO: Deploying configuration descriptor send-receive-message-portlet.xml
Aug 5, 2013 2:09:16 PM org.apache.catalina.startup.HostConfig deployDescriptor
WARNING: A docBase /home/tvd/liferay/bundles/liferay-portal-6.0.6/tomcat-6.0.29/webapps/D:\liferay\bundles\liferay-portal-6.0.6\tomcat-6.0.29\webapps\send-receive-message-portlet inside the host appBase has been specified, and will be ignored
Aug 5, 2013 2:09:17 PM org.apache.catalina.startup.HostConfig deployDirectory
INFO: Deploying web application directory opensocial-portlet
Aug 5, 2013 2:09:24 PM org.apache.catalina.startup.HostConfig deployDirectory
INFO: Deploying web application directory default-site-templates-hook
Aug 5, 2013 2:09:25 PM org.apache.catalina.startup.HostConfig deployDirectory
INFO: Deploying web application directory kaleo-web
Aug 5, 2013 2:09:31 PM org.apache.catalina.startup.HostConfig deployDirectory
INFO: Deploying web application directory html5-initializr-theme
Aug 5, 2013 2:09:35 PM org.apache.catalina.startup.HostConfig deployDirectory
INFO: Deploying web application directory management-high-school-portlet
Aug 5, 2013 2:09:39 PM org.apache.catalina.startup.HostConfig deployDirectory
INFO: Deploying web application directory product-registration-portlet
Aug 5, 2013 2:09:40 PM org.apache.catalina.startup.HostConfig deployDirectory
INFO: Deploying web application directory google-maps-portlet
Aug 5, 2013 2:09:41 PM org.apache.catalina.startup.HostConfig deployDirectory
INFO: Deploying web application directory chat-portlet
Aug 5, 2013 2:09:42 PM org.apache.catalina.startup.HostConfig deployDirectory
INFO: Deploying web application directory web-form-portlet
Aug 5, 2013 2:09:43 PM org.apache.catalina.startup.HostConfig deployDirectory
INFO: Deploying web application directory sevencogs-theme
Aug 5, 2013 2:09:43 PM org.apache.catalina.startup.HostConfig deployDirectory
INFO: Deploying web application directory social-networking-portlet
Aug 5, 2013 2:09:45 PM org.apache.catalina.startup.HostConfig deployDirectory
INFO: Deploying web application directory sevencogs-mobile-theme
Aug 5, 2013 2:09:45 PM org.apache.catalina.startup.HostConfig deployDirectory
INFO: Deploying web application directory inkwell-internet-theme
Aug 5, 2013 2:09:48 PM org.apache.catalina.startup.HostConfig deployDirectory
INFO: Deploying web application directory mail-portlet
Aug 5, 2013 2:09:49 PM org.apache.catalina.startup.HostConfig deployDirectory
INFO: Deploying web application directory wsrp-portlet
Aug 5, 2013 2:09:52 PM org.apache.catalina.startup.HostConfig deployDirectory
INFO: Deploying web application directory slogan-contest-portlet
Aug 5, 2013 2:09:54 PM org.apache.catalina.startup.HostConfig deployDirectory
INFO: Deploying web application directory tunnel-web
Aug 5, 2013 2:09:56 PM org.apache.catalina.startup.HostConfig deployDirectory
INFO: Deploying web application directory sevencogs-hook
Aug 5, 2013 2:09:56 PM org.apache.coyote.http11.Http11Protocol start
INFO: Starting Coyote HTTP/1.1 on http-8080
Aug 5, 2013 2:09:56 PM org.apache.jk.common.ChannelSocket init
INFO: JK: ajp13 listening on /0.0.0.0:8009
Aug 5, 2013 2:09:56 PM org.apache.jk.server.JkMain start
INFO: Jk running ID=0 time=0/20  config=null
Aug 5, 2013 2:09:56 PM org.apache.catalina.startup.Catalina start
INFO: Server startup in 83846 ms
Aug 5, 2013 2:29:48 PM org.apache.catalina.startup.HostConfig checkResources
INFO: Reloading context [/management-high-school-portlet]
Aug 5, 2013 2:31:00 PM org.apache.catalina.startup.HostConfig checkResources
INFO: Reloading context [/tvd-slogan-contest-portlet]
Aug 5, 2013 2:31:01 PM org.apache.catalina.loader.WebappClassLoader findResourceInternal
INFO: Illegal access: this web application instance has been stopped already.  Could not load META-INF/services/org.apache.axis.EngineConfigurationFactory.  The eventual following stack trace is caused by an error thrown for debugging purposes as well as to attempt to terminate the thread which caused the illegal access, and has no functional impact.
Aug 5, 2013 2:31:01 PM org.apache.catalina.loader.WebappClassLoader findResourceInternal
INFO: Illegal access: this web application instance has been stopped already.  Could not load org/apache/axis/configuration/EngineConfigurationFactoryServlet.class.  The eventual following stack trace is caused by an error thrown for debugging purposes as well as to attempt to terminate the thread which caused the illegal access, and has no functional impact.
Aug 5, 2013 2:31:11 PM org.apache.catalina.startup.HostConfig checkResources
INFO: Reloading context [/management-high-school-portlet]
Aug 5, 2013 2:31:12 PM org.apache.catalina.loader.WebappClassLoader findResourceInternal
INFO: Illegal access: this web application instance has been stopped already.  Could not load META-INF/services/org.apache.axis.EngineConfigurationFactory.  The eventual following stack trace is caused by an error thrown for debugging purposes as well as to attempt to terminate the thread which caused the illegal access, and has no functional impact.
Aug 5, 2013 2:31:12 PM org.apache.catalina.loader.WebappClassLoader findResourceInternal
INFO: Illegal access: this web application instance has been stopped already.  Could not load org/apache/axis/configuration/EngineConfigurationFactoryServlet.class.  The eventual following stack trace is caused by an error thrown for debugging purposes as well as to attempt to terminate the thread which caused the illegal access, and has no functional impact.
Aug 5, 2013 2:31:42 PM org.apache.catalina.startup.HostConfig checkResources
INFO: Reloading context [/management-high-school-portlet]
Aug 5, 2013 2:31:44 PM org.apache.catalina.loader.WebappClassLoader findResourceInternal
INFO: Illegal access: this web application instance has been stopped already.  Could not load META-INF/services/org.apache.axis.EngineConfigurationFactory.  The eventual following stack trace is caused by an error thrown for debugging purposes as well as to attempt to terminate the thread which caused the illegal access, and has no functional impact.
Aug 5, 2013 2:31:44 PM org.apache.catalina.loader.WebappClassLoader findResourceInternal
INFO: Illegal access: this web application instance has been stopped already.  Could not load org/apache/axis/configuration/EngineConfigurationFactoryServlet.class.  The eventual following stack trace is caused by an error thrown for debugging purposes as well as to attempt to terminate the thread which caused the illegal access, and has no functional impact.
Aug 5, 2013 2:33:44 PM org.apache.catalina.startup.HostConfig checkResources
INFO: Reloading context [/management-high-school-portlet]
Aug 5, 2013 2:33:45 PM org.apache.catalina.loader.WebappClassLoader findResourceInternal
INFO: Illegal access: this web application instance has been stopped already.  Could not load META-INF/services/org.apache.axis.EngineConfigurationFactory.  The eventual following stack trace is caused by an error thrown for debugging purposes as well as to attempt to terminate the thread which caused the illegal access, and has no functional impact.
Aug 5, 2013 2:33:45 PM org.apache.catalina.loader.WebappClassLoader findResourceInternal
INFO: Illegal access: this web application instance has been stopped already.  Could not load org/apache/axis/configuration/EngineConfigurationFactoryServlet.class.  The eventual following stack trace is caused by an error thrown for debugging purposes as well as to attempt to terminate the thread which caused the illegal access, and has no functional impact.
Aug 5, 2013 2:36:46 PM org.apache.catalina.startup.HostConfig checkResources
INFO: Reloading context [/management-high-school-portlet]
Aug 5, 2013 2:36:47 PM org.apache.catalina.loader.WebappClassLoader findResourceInternal
INFO: Illegal access: this web application instance has been stopped already.  Could not load META-INF/services/org.apache.axis.EngineConfigurationFactory.  The eventual following stack trace is caused by an error thrown for debugging purposes as well as to attempt to terminate the thread which caused the illegal access, and has no functional impact.
Aug 5, 2013 2:36:47 PM org.apache.catalina.loader.WebappClassLoader findResourceInternal
INFO: Illegal access: this web application instance has been stopped already.  Could not load org/apache/axis/configuration/EngineConfigurationFactoryServlet.class.  The eventual following stack trace is caused by an error thrown for debugging purposes as well as to attempt to terminate the thread which caused the illegal access, and has no functional impact.
Aug 5, 2013 2:42:48 PM org.apache.catalina.startup.HostConfig checkResources
INFO: Reloading context [/management-high-school-portlet]
Aug 5, 2013 2:42:49 PM org.apache.catalina.loader.WebappClassLoader findResourceInternal
INFO: Illegal access: this web application instance has been stopped already.  Could not load META-INF/services/org.apache.axis.EngineConfigurationFactory.  The eventual following stack trace is caused by an error thrown for debugging purposes as well as to attempt to terminate the thread which caused the illegal access, and has no functional impact.
Aug 5, 2013 2:42:49 PM org.apache.catalina.loader.WebappClassLoader findResourceInternal
INFO: Illegal access: this web application instance has been stopped already.  Could not load org/apache/axis/configuration/EngineConfigurationFactoryServlet.class.  The eventual following stack trace is caused by an error thrown for debugging purposes as well as to attempt to terminate the thread which caused the illegal access, and has no functional impact.
Aug 5, 2013 2:44:49 PM org.apache.catalina.startup.HostConfig checkResources
INFO: Reloading context [/management-high-school-portlet]
Aug 5, 2013 2:44:51 PM org.apache.catalina.loader.WebappClassLoader findResourceInternal
INFO: Illegal access: this web application instance has been stopped already.  Could not load META-INF/services/org.apache.axis.EngineConfigurationFactory.  The eventual following stack trace is caused by an error thrown for debugging purposes as well as to attempt to terminate the thread which caused the illegal access, and has no functional impact.
Aug 5, 2013 2:44:51 PM org.apache.catalina.loader.WebappClassLoader findResourceInternal
INFO: Illegal access: this web application instance has been stopped already.  Could not load org/apache/axis/configuration/EngineConfigurationFactoryServlet.class.  The eventual following stack trace is caused by an error thrown for debugging purposes as well as to attempt to terminate the thread which caused the illegal access, and has no functional impact.
Aug 5, 2013 2:45:51 PM org.apache.catalina.startup.HostConfig checkResources
INFO: Reloading context [/management-high-school-portlet]
Aug 5, 2013 2:45:52 PM org.apache.catalina.loader.WebappClassLoader findResourceInternal
INFO: Illegal access: this web application instance has been stopped already.  Could not load META-INF/services/org.apache.axis.EngineConfigurationFactory.  The eventual following stack trace is caused by an error thrown for debugging purposes as well as to attempt to terminate the thread which caused the illegal access, and has no functional impact.
Aug 5, 2013 2:45:52 PM org.apache.catalina.loader.WebappClassLoader findResourceInternal
INFO: Illegal access: this web application instance has been stopped already.  Could not load org/apache/axis/configuration/EngineConfigurationFactoryServlet.class.  The eventual following stack trace is caused by an error thrown for debugging purposes as well as to attempt to terminate the thread which caused the illegal access, and has no functional impact.
Aug 5, 2013 2:46:32 PM org.apache.catalina.startup.HostConfig checkResources
INFO: Reloading context [/management-high-school-portlet]
Aug 5, 2013 2:46:34 PM org.apache.catalina.loader.WebappClassLoader findResourceInternal
INFO: Illegal access: this web application instance has been stopped already.  Could not load META-INF/services/org.apache.axis.EngineConfigurationFactory.  The eventual following stack trace is caused by an error thrown for debugging purposes as well as to attempt to terminate the thread which caused the illegal access, and has no functional impact.
Aug 5, 2013 2:46:34 PM org.apache.catalina.loader.WebappClassLoader findResourceInternal
INFO: Illegal access: this web application instance has been stopped already.  Could not load org/apache/axis/configuration/EngineConfigurationFactoryServlet.class.  The eventual following stack trace is caused by an error thrown for debugging purposes as well as to attempt to terminate the thread which caused the illegal access, and has no functional impact.
Aug 5, 2013 2:46:42 PM org.apache.coyote.http11.Http11Protocol pause
INFO: Pausing Coyote HTTP/1.1 on http-8080
Aug 5, 2013 2:46:43 PM org.apache.catalina.core.StandardService stop
INFO: Stopping service Catalina
Aug 5, 2013 2:46:46 PM org.apache.catalina.loader.WebappClassLoader clearThreadLocalMap
SEVERE: The web application [/wsrp-portlet] created a ThreadLocal with key of type [org.apache.axis.utils.XMLUtils.ThreadLocalDocumentBuilder] (value [org.apache.axis.utils.XMLUtils$ThreadLocalDocumentBuilder@d2a7fd6]) and a value of type [com.sun.org.apache.xerces.internal.jaxp.DocumentBuilderImpl] (value [com.sun.org.apache.xerces.internal.jaxp.DocumentBuilderImpl@612ec15a]) but failed to remove it when the web application was stopped. This is very likely to create a memory leak.
Aug 5, 2013 2:46:47 PM org.apache.catalina.loader.WebappClassLoader clearReferencesThreads
SEVERE: The web application [/opensocial-portlet] appears to have started a thread named [com.google.inject.internal.Finalizer] but has failed to stop it. This is very likely to create a memory leak.
Aug 5, 2013 2:46:47 PM org.apache.catalina.loader.WebappClassLoader clearThreadLocalMap
SEVERE: The web application [/opensocial-portlet] created a ThreadLocal with key of type [null] (value [com.google.inject.InjectorImpl$1@74c0c457]) and a value of type [java.lang.Object[]] (value [[Ljava.lang.Object;@1b9a67a3]) but failed to remove it when the web application was stopped. This is very likely to create a memory leak.
Aug 5, 2013 2:46:47 PM org.apache.catalina.loader.WebappClassLoader clearThreadLocalMap
SEVERE: The web application [/opensocial-portlet] created a ThreadLocal with key of type [null] (value [org.apache.shindig.common.xml.XmlUtil$2@360a0c7d]) and a value of type [org.apache.xerces.jaxp.DocumentBuilderImpl] (value [org.apache.xerces.jaxp.DocumentBuilderImpl@4db9fe42]) but failed to remove it when the web application was stopped. This is very likely to create a memory leak.
Aug 5, 2013 2:46:47 PM org.apache.coyote.http11.Http11Protocol destroy
INFO: Stopping Coyote HTTP/1.1 on http-8080
Aug 5, 2013 2:46:49 PM org.apache.catalina.core.AprLifecycleListener init
INFO: The APR based Apache Tomcat Native library which allows optimal performance in production environments was not found on the java.library.path: /usr/lib/jvm/java-6-openjdk/jre/lib/amd64/server:/usr/lib/jvm/java-6-openjdk/jre/lib/amd64:/usr/lib/jvm/java-6-openjdk/jre/../lib/amd64:/usr/java/packages/lib/amd64:/usr/lib/jni:/lib:/usr/lib
Aug 5, 2013 2:46:50 PM org.apache.coyote.http11.Http11Protocol init
INFO: Initializing Coyote HTTP/1.1 on http-8080
Aug 5, 2013 2:46:50 PM org.apache.catalina.startup.Catalina load
INFO: Initialization processed in 951 ms
Aug 5, 2013 2:46:50 PM org.apache.catalina.core.StandardService start
INFO: Starting service Catalina
Aug 5, 2013 2:46:50 PM org.apache.catalina.core.StandardEngine start
INFO: Starting Servlet Engine: Apache Tomcat/6.0.29
Aug 5, 2013 2:46:50 PM org.apache.catalina.startup.HostConfig deployDescriptor
INFO: Deploying configuration descriptor ROOT.xml
Aug 5, 2013 2:47:26 PM org.apache.catalina.startup.HostConfig deployDescriptor
INFO: Deploying configuration descriptor tvd-slogan-contest-portlet.xml
Aug 5, 2013 2:47:26 PM org.apache.catalina.startup.HostConfig deployDescriptor
WARNING: A docBase /home/tvd/liferay/bundles/liferay-portal-6.0.6/tomcat-6.0.29/webapps/D:\liferay\bundles\liferay-portal-6.0.6\tomcat-6.0.29\webapps\tvd-slogan-contest-portlet inside the host appBase has been specified, and will be ignored
Aug 5, 2013 2:47:29 PM org.apache.catalina.startup.HostConfig deployDescriptor
INFO: Deploying configuration descriptor send-receive-message-portlet.xml
Aug 5, 2013 2:47:29 PM org.apache.catalina.startup.HostConfig deployDescriptor
WARNING: A docBase /home/tvd/liferay/bundles/liferay-portal-6.0.6/tomcat-6.0.29/webapps/D:\liferay\bundles\liferay-portal-6.0.6\tomcat-6.0.29\webapps\send-receive-message-portlet inside the host appBase has been specified, and will be ignored
Aug 5, 2013 2:47:30 PM org.apache.catalina.startup.HostConfig deployDirectory
INFO: Deploying web application directory opensocial-portlet
Aug 5, 2013 2:47:37 PM org.apache.catalina.startup.HostConfig deployDirectory
INFO: Deploying web application directory default-site-templates-hook
Aug 5, 2013 2:47:37 PM org.apache.catalina.startup.HostConfig deployDirectory
INFO: Deploying web application directory kaleo-web
Aug 5, 2013 2:47:40 PM org.apache.catalina.startup.HostConfig deployDirectory
INFO: Deploying web application directory html5-initializr-theme
Aug 5, 2013 2:47:43 PM org.apache.catalina.startup.HostConfig deployDirectory
INFO: Deploying web application directory management-high-school-portlet
Aug 5, 2013 2:47:44 PM org.apache.catalina.startup.HostConfig deployDirectory
INFO: Deploying web application directory product-registration-portlet
Aug 5, 2013 2:47:45 PM org.apache.catalina.startup.HostConfig deployDirectory
INFO: Deploying web application directory google-maps-portlet
Aug 5, 2013 2:47:46 PM org.apache.catalina.startup.HostConfig deployDirectory
INFO: Deploying web application directory chat-portlet
Aug 5, 2013 2:47:47 PM org.apache.catalina.startup.HostConfig deployDirectory
INFO: Deploying web application directory web-form-portlet
Aug 5, 2013 2:47:47 PM org.apache.catalina.startup.HostConfig deployDirectory
INFO: Deploying web application directory sevencogs-theme
Aug 5, 2013 2:47:48 PM org.apache.catalina.startup.HostConfig deployDirectory
INFO: Deploying web application directory social-networking-portlet
Aug 5, 2013 2:47:49 PM org.apache.catalina.startup.HostConfig deployDirectory
INFO: Deploying web application directory sevencogs-mobile-theme
Aug 5, 2013 2:47:49 PM org.apache.catalina.startup.HostConfig deployDirectory
INFO: Deploying web application directory inkwell-internet-theme
Aug 5, 2013 2:47:51 PM org.apache.catalina.startup.HostConfig deployDirectory
INFO: Deploying web application directory mail-portlet
Aug 5, 2013 2:47:53 PM org.apache.catalina.startup.HostConfig deployDirectory
INFO: Deploying web application directory wsrp-portlet
Aug 5, 2013 2:47:55 PM org.apache.catalina.startup.HostConfig deployDirectory
INFO: Deploying web application directory slogan-contest-portlet
Aug 5, 2013 2:47:56 PM org.apache.catalina.startup.HostConfig deployDirectory
INFO: Deploying web application directory tunnel-web
Aug 5, 2013 2:47:58 PM org.apache.catalina.startup.HostConfig deployDirectory
INFO: Deploying web application directory sevencogs-hook
Aug 5, 2013 2:47:58 PM org.apache.coyote.http11.Http11Protocol start
INFO: Starting Coyote HTTP/1.1 on http-8080
Aug 5, 2013 2:47:58 PM org.apache.jk.common.ChannelSocket init
INFO: JK: ajp13 listening on /0.0.0.0:8009
Aug 5, 2013 2:47:58 PM org.apache.jk.server.JkMain start
INFO: Jk running ID=0 time=0/17  config=null
Aug 5, 2013 2:47:58 PM org.apache.catalina.startup.Catalina start
INFO: Server startup in 68288 ms
Aug 5, 2013 2:48:08 PM org.apache.catalina.startup.HostConfig checkResources
INFO: Reloading context [/management-high-school-portlet]
Aug 5, 2013 2:48:40 PM org.apache.catalina.startup.HostConfig checkResources
INFO: Reloading context [/management-high-school-portlet]
Aug 5, 2013 2:49:22 PM org.apache.catalina.startup.HostConfig checkResources
INFO: Reloading context [/management-high-school-portlet]
Aug 5, 2013 2:50:23 PM org.apache.catalina.startup.HostConfig checkResources
INFO: Reloading context [/management-high-school-portlet]
Aug 5, 2013 3:24:18 PM org.apache.catalina.startup.HostConfig checkResources
INFO: Reloading context [/management-high-school-portlet]
Aug 5, 2013 3:25:11 PM org.apache.catalina.startup.HostConfig checkResources
INFO: Reloading context [/management-high-school-portlet]
Aug 5, 2013 3:26:53 PM org.apache.catalina.startup.HostConfig checkResources
INFO: Reloading context [/management-high-school-portlet]
Aug 5, 2013 3:27:24 PM org.apache.catalina.startup.HostConfig checkResources
INFO: Reloading context [/management-high-school-portlet]
Aug 5, 2013 3:30:06 PM org.apache.catalina.startup.HostConfig checkResources
INFO: Reloading context [/management-high-school-portlet]
Aug 5, 2013 3:30:57 PM org.apache.catalina.startup.HostConfig checkResources
INFO: Reloading context [/management-high-school-portlet]
Aug 5, 2013 3:31:49 PM org.apache.catalina.startup.HostConfig checkResources
INFO: Reloading context [/management-high-school-portlet]
Aug 5, 2013 3:32:20 PM org.apache.catalina.startup.HostConfig checkResources
INFO: Reloading context [/management-high-school-portlet]
Aug 5, 2013 3:33:42 PM org.apache.catalina.startup.HostConfig checkResources
INFO: Reloading context [/management-high-school-portlet]
Aug 5, 2013 3:37:33 PM org.apache.catalina.startup.HostConfig checkResources
INFO: Reloading context [/management-high-school-portlet]
Aug 5, 2013 3:38:45 PM org.apache.catalina.startup.HostConfig checkResources
INFO: Reloading context [/management-high-school-portlet]
Aug 5, 2013 3:40:16 PM org.apache.catalina.startup.HostConfig checkResources
INFO: Reloading context [/management-high-school-portlet]
Aug 5, 2013 3:44:48 PM org.apache.catalina.startup.HostConfig checkResources
INFO: Reloading context [/management-high-school-portlet]
Aug 5, 2013 3:50:30 PM org.apache.catalina.startup.HostConfig checkResources
INFO: Reloading context [/management-high-school-portlet]
Aug 5, 2013 3:51:31 PM org.apache.catalina.startup.HostConfig checkResources
INFO: Reloading context [/management-high-school-portlet]
Aug 5, 2013 3:52:02 PM org.apache.catalina.startup.HostConfig checkResources
INFO: Reloading context [/management-high-school-portlet]
Aug 5, 2013 3:54:24 PM org.apache.catalina.startup.HostConfig checkResources
INFO: Reloading context [/management-high-school-portlet]
Aug 5, 2013 3:56:15 PM org.apache.catalina.startup.HostConfig checkResources
INFO: Reloading context [/management-high-school-portlet]
Aug 5, 2013 3:59:07 PM org.apache.catalina.startup.HostConfig checkResources
INFO: Reloading context [/management-high-school-portlet]
Aug 5, 2013 4:01:38 PM org.apache.catalina.startup.HostConfig checkResources
INFO: Reloading context [/management-high-school-portlet]
Aug 5, 2013 4:03:10 PM org.apache.catalina.startup.HostConfig checkResources
INFO: Reloading context [/management-high-school-portlet]
Aug 5, 2013 4:06:21 PM org.apache.catalina.startup.HostConfig checkResources
INFO: Reloading context [/management-high-school-portlet]
Aug 5, 2013 4:07:53 PM org.apache.catalina.startup.HostConfig checkResources
INFO: Reloading context [/management-high-school-portlet]
Aug 5, 2013 4:09:14 PM org.apache.catalina.startup.HostConfig checkResources
INFO: Reloading context [/management-high-school-portlet]
Aug 5, 2013 4:09:58 PM org.apache.catalina.startup.HostConfig checkResources
INFO: Reloading context [/management-high-school-portlet]
Aug 5, 2013 4:11:50 PM org.apache.catalina.startup.HostConfig checkResources
INFO: Reloading context [/management-high-school-portlet]
Aug 5, 2013 4:12:07 PM org.apache.coyote.http11.Http11Protocol pause
INFO: Pausing Coyote HTTP/1.1 on http-8080
Aug 5, 2013 4:12:56 PM org.apache.catalina.core.ContainerBase$ContainerBackgroundProcessor processChildren
SEVERE: Exception invoking periodic operation: 
java.lang.OutOfMemoryError: PermGen space
Aug 5, 2013 4:13:12 PM org.apache.catalina.core.ContainerBase$ContainerBackgroundProcessor processChildren
SEVERE: Exception invoking periodic operation: 
java.lang.OutOfMemoryError: PermGen space
Aug 5, 2013 4:13:29 PM org.apache.catalina.core.ContainerBase$ContainerBackgroundProcessor processChildren
SEVERE: Exception invoking periodic operation: 
java.lang.OutOfMemoryError: PermGen space
Aug 5, 2013 4:13:45 PM org.apache.catalina.core.ContainerBase$ContainerBackgroundProcessor processChildren
SEVERE: Exception invoking periodic operation: 
java.lang.OutOfMemoryError: PermGen space
Aug 5, 2013 4:14:02 PM org.apache.catalina.core.ContainerBase$ContainerBackgroundProcessor processChildren
SEVERE: Exception invoking periodic operation: 
java.lang.OutOfMemoryError: PermGen space
Aug 5, 2013 4:14:18 PM org.apache.catalina.core.ContainerBase$ContainerBackgroundProcessor processChildren
SEVERE: Exception invoking periodic operation: 
java.lang.OutOfMemoryError: PermGen space
Aug 5, 2013 4:14:34 PM org.apache.catalina.core.ContainerBase$ContainerBackgroundProcessor processChildren
SEVERE: Exception invoking periodic operation: 
java.lang.OutOfMemoryError: PermGen space
Aug 5, 2013 4:14:52 PM org.apache.catalina.core.ContainerBase$ContainerBackgroundProcessor processChildren
SEVERE: Exception invoking periodic operation: 
java.lang.OutOfMemoryError: PermGen space
Aug 5, 2013 4:15:09 PM org.apache.catalina.core.ContainerBase$ContainerBackgroundProcessor processChildren
SEVERE: Exception invoking periodic operation: 
java.lang.OutOfMemoryError: PermGen space
Aug 5, 2013 4:15:26 PM org.apache.catalina.core.ContainerBase$ContainerBackgroundProcessor processChildren
SEVERE: Exception invoking periodic operation: 
java.lang.OutOfMemoryError: PermGen space
Aug 5, 2013 4:15:43 PM org.apache.catalina.core.ContainerBase$ContainerBackgroundProcessor processChildren
SEVERE: Exception invoking periodic operation: 
java.lang.OutOfMemoryError: PermGen space
Aug 5, 2013 4:16:00 PM org.apache.catalina.core.ContainerBase$ContainerBackgroundProcessor processChildren
SEVERE: Exception invoking periodic operation: 
java.lang.OutOfMemoryError: PermGen space
Aug 5, 2013 4:16:17 PM org.apache.catalina.core.ContainerBase$ContainerBackgroundProcessor processChildren
SEVERE: Exception invoking periodic operation: 
java.lang.OutOfMemoryError: PermGen space
Aug 5, 2013 4:16:34 PM org.apache.catalina.core.ContainerBase$ContainerBackgroundProcessor processChildren
SEVERE: Exception invoking periodic operation: 
java.lang.OutOfMemoryError: PermGen space
Aug 5, 2013 4:16:51 PM org.apache.catalina.core.ContainerBase$ContainerBackgroundProcessor processChildren
SEVERE: Exception invoking periodic operation: 
java.lang.OutOfMemoryError: PermGen space
Aug 5, 2013 4:17:08 PM org.apache.catalina.core.ContainerBase$ContainerBackgroundProcessor processChildren
SEVERE: Exception invoking periodic operation: 
java.lang.OutOfMemoryError: PermGen space
Aug 5, 2013 4:17:26 PM org.apache.catalina.core.ContainerBase$ContainerBackgroundProcessor processChildren
SEVERE: Exception invoking periodic operation: 
java.lang.OutOfMemoryError: PermGen space
Aug 5, 2013 4:17:43 PM org.apache.catalina.core.ContainerBase$ContainerBackgroundProcessor processChildren
SEVERE: Exception invoking periodic operation: 
java.lang.OutOfMemoryError: PermGen space
Aug 5, 2013 4:17:59 PM org.apache.catalina.core.ContainerBase$ContainerBackgroundProcessor processChildren
SEVERE: Exception invoking periodic operation: 
java.lang.OutOfMemoryError: PermGen space
Aug 5, 2013 4:18:16 PM org.apache.catalina.core.ContainerBase$ContainerBackgroundProcessor processChildren
SEVERE: Exception invoking periodic operation: 
java.lang.OutOfMemoryError: PermGen space
Aug 5, 2013 4:18:33 PM org.apache.catalina.core.ContainerBase$ContainerBackgroundProcessor processChildren
SEVERE: Exception invoking periodic operation: 
java.lang.OutOfMemoryError: PermGen space
Aug 5, 2013 4:18:50 PM org.apache.catalina.core.ContainerBase$ContainerBackgroundProcessor processChildren
SEVERE: Exception invoking periodic operation: 
java.lang.OutOfMemoryError: PermGen space
Aug 5, 2013 4:19:07 PM org.apache.catalina.core.ContainerBase$ContainerBackgroundProcessor processChildren
SEVERE: Exception invoking periodic operation: 
java.lang.OutOfMemoryError: PermGen space
Aug 5, 2013 4:19:23 PM org.apache.catalina.core.ContainerBase$ContainerBackgroundProcessor processChildren
SEVERE: Exception invoking periodic operation: 
java.lang.OutOfMemoryError: PermGen space
Aug 5, 2013 4:19:40 PM org.apache.catalina.core.ContainerBase$ContainerBackgroundProcessor processChildren
SEVERE: Exception invoking periodic operation: 
java.lang.OutOfMemoryError: PermGen space
Aug 5, 2013 4:19:57 PM org.apache.catalina.core.ContainerBase$ContainerBackgroundProcessor processChildren
SEVERE: Exception invoking periodic operation: 
java.lang.OutOfMemoryError: PermGen space
Aug 5, 2013 4:20:13 PM org.apache.catalina.core.ContainerBase$ContainerBackgroundProcessor processChildren
SEVERE: Exception invoking periodic operation: 
java.lang.OutOfMemoryError: PermGen space
Aug 5, 2013 4:20:29 PM org.apache.catalina.core.ContainerBase$ContainerBackgroundProcessor processChildren
SEVERE: Exception invoking periodic operation: 
java.lang.OutOfMemoryError: PermGen space
Aug 5, 2013 4:20:46 PM org.apache.catalina.core.ContainerBase$ContainerBackgroundProcessor processChildren
SEVERE: Exception invoking periodic operation: 
java.lang.OutOfMemoryError: PermGen space
Aug 5, 2013 4:21:02 PM org.apache.catalina.core.ContainerBase$ContainerBackgroundProcessor processChildren
SEVERE: Exception invoking periodic operation: 
java.lang.OutOfMemoryError: PermGen space
Aug 5, 2013 4:21:19 PM org.apache.catalina.core.ContainerBase$ContainerBackgroundProcessor processChildren
SEVERE: Exception invoking periodic operation: 
java.lang.OutOfMemoryError: PermGen space
Aug 5, 2013 4:21:35 PM org.apache.catalina.core.ContainerBase$ContainerBackgroundProcessor processChildren
SEVERE: Exception invoking periodic operation: 
java.lang.OutOfMemoryError: PermGen space
Aug 5, 2013 4:21:51 PM org.apache.catalina.core.ContainerBase$ContainerBackgroundProcessor processChildren
SEVERE: Exception invoking periodic operation: 
java.lang.OutOfMemoryError: PermGen space
Aug 5, 2013 4:22:07 PM org.apache.catalina.core.ContainerBase$ContainerBackgroundProcessor processChildren
SEVERE: Exception invoking periodic operation: 
java.lang.OutOfMemoryError: PermGen space
Aug 5, 2013 4:55:42 PM org.apache.catalina.core.AprLifecycleListener init
INFO: The APR based Apache Tomcat Native library which allows optimal performance in production environments was not found on the java.library.path: /usr/lib/jvm/java-6-openjdk/jre/lib/amd64/server:/usr/lib/jvm/java-6-openjdk/jre/lib/amd64:/usr/lib/jvm/java-6-openjdk/jre/../lib/amd64:/usr/java/packages/lib/amd64:/usr/lib/jni:/lib:/usr/lib
Aug 5, 2013 4:55:42 PM org.apache.coyote.http11.Http11Protocol init
INFO: Initializing Coyote HTTP/1.1 on http-8080
Aug 5, 2013 4:55:42 PM org.apache.catalina.startup.Catalina load
INFO: Initialization processed in 935 ms
Aug 5, 2013 4:55:43 PM org.apache.catalina.core.StandardService start
INFO: Starting service Catalina
Aug 5, 2013 4:55:43 PM org.apache.catalina.core.StandardEngine start
INFO: Starting Servlet Engine: Apache Tomcat/6.0.29
Aug 5, 2013 4:55:43 PM org.apache.catalina.startup.HostConfig deployDescriptor
INFO: Deploying configuration descriptor ROOT.xml
Aug 5, 2013 4:56:22 PM org.apache.catalina.startup.HostConfig deployDescriptor
INFO: Deploying configuration descriptor tvd-slogan-contest-portlet.xml
Aug 5, 2013 4:56:22 PM org.apache.catalina.startup.HostConfig deployDescriptor
WARNING: A docBase /home/tvd/liferay/bundles/liferay-portal-6.0.6/tomcat-6.0.29/webapps/D:\liferay\bundles\liferay-portal-6.0.6\tomcat-6.0.29\webapps\tvd-slogan-contest-portlet inside the host appBase has been specified, and will be ignored
Aug 5, 2013 4:56:27 PM org.apache.catalina.startup.HostConfig deployDescriptor
INFO: Deploying configuration descriptor send-receive-message-portlet.xml
Aug 5, 2013 4:56:27 PM org.apache.catalina.startup.HostConfig deployDescriptor
WARNING: A docBase /home/tvd/liferay/bundles/liferay-portal-6.0.6/tomcat-6.0.29/webapps/D:\liferay\bundles\liferay-portal-6.0.6\tomcat-6.0.29\webapps\send-receive-message-portlet inside the host appBase has been specified, and will be ignored
Aug 5, 2013 4:56:28 PM org.apache.catalina.startup.HostConfig deployDirectory
INFO: Deploying web application directory opensocial-portlet
Aug 5, 2013 4:56:36 PM org.apache.catalina.startup.HostConfig deployDirectory
INFO: Deploying web application directory default-site-templates-hook
Aug 5, 2013 4:56:37 PM org.apache.catalina.startup.HostConfig deployDirectory
INFO: Deploying web application directory kaleo-web
Aug 5, 2013 4:56:40 PM org.apache.catalina.startup.HostConfig deployDirectory
INFO: Deploying web application directory html5-initializr-theme
Aug 5, 2013 4:56:43 PM org.apache.catalina.startup.HostConfig deployDirectory
INFO: Deploying web application directory management-high-school-portlet
Aug 5, 2013 4:56:46 PM org.apache.catalina.startup.HostConfig deployDirectory
INFO: Deploying web application directory product-registration-portlet
Aug 5, 2013 4:56:47 PM org.apache.catalina.startup.HostConfig deployDirectory
INFO: Deploying web application directory google-maps-portlet
Aug 5, 2013 4:56:48 PM org.apache.catalina.startup.HostConfig deployDirectory
INFO: Deploying web application directory chat-portlet
Aug 5, 2013 4:56:49 PM org.apache.catalina.startup.HostConfig deployDirectory
INFO: Deploying web application directory web-form-portlet
Aug 5, 2013 4:56:50 PM org.apache.catalina.startup.HostConfig deployDirectory
INFO: Deploying web application directory sevencogs-theme
Aug 5, 2013 4:56:50 PM org.apache.catalina.startup.HostConfig deployDirectory
INFO: Deploying web application directory social-networking-portlet
Aug 5, 2013 4:56:52 PM org.apache.catalina.startup.HostConfig deployDirectory
INFO: Deploying web application directory sevencogs-mobile-theme
Aug 5, 2013 4:56:52 PM org.apache.catalina.startup.HostConfig deployDirectory
INFO: Deploying web application directory inkwell-internet-theme
Aug 5, 2013 4:56:54 PM org.apache.catalina.startup.HostConfig deployDirectory
INFO: Deploying web application directory mail-portlet
Aug 5, 2013 4:56:56 PM org.apache.catalina.startup.HostConfig deployDirectory
INFO: Deploying web application directory wsrp-portlet
Aug 5, 2013 4:57:00 PM org.apache.catalina.startup.HostConfig deployDirectory
INFO: Deploying web application directory slogan-contest-portlet
Aug 5, 2013 4:57:01 PM org.apache.catalina.startup.HostConfig deployDirectory
INFO: Deploying web application directory tunnel-web
Aug 5, 2013 4:57:03 PM org.apache.catalina.startup.HostConfig deployDirectory
INFO: Deploying web application directory sevencogs-hook
Aug 5, 2013 4:57:04 PM org.apache.coyote.http11.Http11Protocol start
INFO: Starting Coyote HTTP/1.1 on http-8080
Aug 5, 2013 4:57:04 PM org.apache.jk.common.ChannelSocket init
INFO: JK: ajp13 listening on /0.0.0.0:8009
Aug 5, 2013 4:57:04 PM org.apache.jk.server.JkMain start
INFO: Jk running ID=0 time=0/19  config=null
Aug 5, 2013 4:57:04 PM org.apache.catalina.startup.Catalina start
INFO: Server startup in 81485 ms
Aug 5, 2013 5:05:44 PM org.apache.catalina.startup.HostConfig checkResources
INFO: Reloading context [/management-high-school-portlet]
Aug 5, 2013 5:20:37 PM org.apache.catalina.startup.HostConfig checkResources
INFO: Reloading context [/management-high-school-portlet]
Aug 5, 2013 5:22:59 PM org.apache.catalina.startup.HostConfig checkResources
INFO: Reloading context [/management-high-school-portlet]
Aug 5, 2013 5:31:31 PM org.apache.catalina.startup.HostConfig checkResources
INFO: Reloading context [/management-high-school-portlet]
Aug 5, 2013 5:40:53 PM org.apache.catalina.startup.HostConfig checkResources
INFO: Reloading context [/management-high-school-portlet]
Aug 5, 2013 5:42:34 PM org.apache.catalina.startup.HostConfig checkResources
INFO: Reloading context [/management-high-school-portlet]
Aug 5, 2013 5:44:16 PM org.apache.catalina.startup.HostConfig checkResources
INFO: Reloading context [/management-high-school-portlet]
Aug 5, 2013 5:45:07 PM org.apache.catalina.startup.HostConfig checkResources
INFO: Reloading context [/management-high-school-portlet]
Aug 5, 2013 5:46:59 PM org.apache.catalina.startup.HostConfig checkResources
INFO: Reloading context [/management-high-school-portlet]
Aug 5, 2013 5:49:30 PM org.apache.catalina.startup.HostConfig checkResources
INFO: Reloading context [/management-high-school-portlet]
Aug 5, 2013 5:51:02 PM org.apache.catalina.startup.HostConfig checkResources
INFO: Reloading context [/management-high-school-portlet]
Aug 5, 2013 5:52:03 PM org.apache.catalina.startup.HostConfig checkResources
INFO: Reloading context [/management-high-school-portlet]
Aug 5, 2013 5:52:55 PM org.apache.catalina.startup.HostConfig checkResources
INFO: Reloading context [/management-high-school-portlet]
Aug 5, 2013 5:54:06 PM org.apache.catalina.startup.HostConfig checkResources
INFO: Reloading context [/management-high-school-portlet]
Aug 5, 2013 5:54:58 PM org.apache.catalina.startup.HostConfig checkResources
INFO: Reloading context [/management-high-school-portlet]
Aug 5, 2013 5:55:49 PM org.apache.catalina.startup.HostConfig checkResources
INFO: Reloading context [/management-high-school-portlet]
Aug 5, 2013 5:57:21 PM org.apache.catalina.startup.HostConfig checkResources
INFO: Reloading context [/management-high-school-portlet]
Aug 5, 2013 5:58:32 PM org.apache.catalina.startup.HostConfig checkResources
INFO: Reloading context [/management-high-school-portlet]
Aug 5, 2013 5:59:34 PM org.apache.catalina.startup.HostConfig checkResources
INFO: Reloading context [/management-high-school-portlet]
Aug 5, 2013 6:00:35 PM org.apache.catalina.startup.HostConfig checkResources
INFO: Reloading context [/management-high-school-portlet]
Aug 5, 2013 6:02:16 PM org.apache.catalina.startup.HostConfig checkResources
INFO: Reloading context [/management-high-school-portlet]
Aug 5, 2013 6:03:48 PM org.apache.catalina.startup.HostConfig checkResources
INFO: Reloading context [/management-high-school-portlet]
Aug 5, 2013 6:04:29 PM org.apache.catalina.startup.HostConfig checkResources
INFO: Reloading context [/management-high-school-portlet]
Aug 5, 2013 6:05:21 PM org.apache.catalina.startup.HostConfig checkResources
INFO: Reloading context [/management-high-school-portlet]
Aug 5, 2013 6:07:52 PM org.apache.catalina.startup.HostConfig checkResources
INFO: Reloading context [/management-high-school-portlet]
Aug 5, 2013 6:36:55 PM org.apache.catalina.startup.HostConfig checkResources
INFO: Reloading context [/management-high-school-portlet]
Aug 5, 2013 6:37:57 PM org.apache.catalina.startup.HostConfig checkResources
INFO: Reloading context [/management-high-school-portlet]
Aug 5, 2013 6:40:09 PM org.apache.catalina.startup.HostConfig checkResources
INFO: Reloading context [/management-high-school-portlet]
Aug 5, 2013 6:40:33 PM org.apache.coyote.http11.Http11Protocol pause
INFO: Pausing Coyote HTTP/1.1 on http-8080
Aug 5, 2013 6:40:55 PM org.apache.catalina.core.StandardContext start
SEVERE: Error listenerStart
Aug 5, 2013 6:41:04 PM org.apache.catalina.core.StandardContext start
SEVERE: Context [/management-high-school-portlet] startup failed due to previous errors
Aug 5, 2013 7:17:08 PM org.apache.catalina.core.AprLifecycleListener init
INFO: The APR based Apache Tomcat Native library which allows optimal performance in production environments was not found on the java.library.path: /usr/lib/jvm/java-6-openjdk/jre/lib/amd64/server:/usr/lib/jvm/java-6-openjdk/jre/lib/amd64:/usr/lib/jvm/java-6-openjdk/jre/../lib/amd64:/usr/java/packages/lib/amd64:/usr/lib/jni:/lib:/usr/lib
Aug 5, 2013 7:17:09 PM org.apache.coyote.http11.Http11Protocol init
INFO: Initializing Coyote HTTP/1.1 on http-8080
Aug 5, 2013 7:17:09 PM org.apache.catalina.startup.Catalina load
INFO: Initialization processed in 1459 ms
Aug 5, 2013 7:17:09 PM org.apache.catalina.core.StandardService start
INFO: Starting service Catalina
Aug 5, 2013 7:17:09 PM org.apache.catalina.core.StandardEngine start
INFO: Starting Servlet Engine: Apache Tomcat/6.0.29
Aug 5, 2013 7:17:09 PM org.apache.catalina.startup.HostConfig deployDescriptor
INFO: Deploying configuration descriptor ROOT.xml
Aug 5, 2013 7:17:50 PM org.apache.catalina.startup.HostConfig deployDescriptor
INFO: Deploying configuration descriptor tvd-slogan-contest-portlet.xml
Aug 5, 2013 7:17:50 PM org.apache.catalina.startup.HostConfig deployDescriptor
WARNING: A docBase /home/tvd/liferay/bundles/liferay-portal-6.0.6/tomcat-6.0.29/webapps/D:\liferay\bundles\liferay-portal-6.0.6\tomcat-6.0.29\webapps\tvd-slogan-contest-portlet inside the host appBase has been specified, and will be ignored
Aug 5, 2013 7:17:53 PM org.apache.catalina.startup.HostConfig deployDescriptor
INFO: Deploying configuration descriptor send-receive-message-portlet.xml
Aug 5, 2013 7:17:53 PM org.apache.catalina.startup.HostConfig deployDescriptor
WARNING: A docBase /home/tvd/liferay/bundles/liferay-portal-6.0.6/tomcat-6.0.29/webapps/D:\liferay\bundles\liferay-portal-6.0.6\tomcat-6.0.29\webapps\send-receive-message-portlet inside the host appBase has been specified, and will be ignored
Aug 5, 2013 7:17:54 PM org.apache.catalina.startup.HostConfig deployDirectory
INFO: Deploying web application directory opensocial-portlet
Aug 5, 2013 7:18:00 PM org.apache.catalina.startup.HostConfig deployDirectory
INFO: Deploying web application directory default-site-templates-hook
Aug 5, 2013 7:18:01 PM org.apache.catalina.startup.HostConfig deployDirectory
INFO: Deploying web application directory kaleo-web
Aug 5, 2013 7:18:04 PM org.apache.catalina.startup.HostConfig deployDirectory
INFO: Deploying web application directory html5-initializr-theme
Aug 5, 2013 7:18:07 PM org.apache.catalina.startup.HostConfig deployDirectory
INFO: Deploying web application directory management-high-school-portlet
Aug 5, 2013 7:18:10 PM org.apache.catalina.startup.HostConfig deployDirectory
INFO: Deploying web application directory product-registration-portlet
Aug 5, 2013 7:18:11 PM org.apache.catalina.startup.HostConfig deployDirectory
INFO: Deploying web application directory google-maps-portlet
Aug 5, 2013 7:18:11 PM org.apache.catalina.startup.HostConfig deployDirectory
INFO: Deploying web application directory chat-portlet
Aug 5, 2013 7:18:13 PM org.apache.catalina.startup.HostConfig deployDirectory
INFO: Deploying web application directory web-form-portlet
Aug 5, 2013 7:18:13 PM org.apache.catalina.startup.HostConfig deployDirectory
INFO: Deploying web application directory sevencogs-theme
Aug 5, 2013 7:18:14 PM org.apache.catalina.startup.HostConfig deployDirectory
INFO: Deploying web application directory social-networking-portlet
Aug 5, 2013 7:18:15 PM org.apache.catalina.startup.HostConfig deployDirectory
INFO: Deploying web application directory sevencogs-mobile-theme
Aug 5, 2013 7:18:15 PM org.apache.catalina.startup.HostConfig deployDirectory
INFO: Deploying web application directory inkwell-internet-theme
Aug 5, 2013 7:18:18 PM org.apache.catalina.startup.HostConfig deployDirectory
INFO: Deploying web application directory mail-portlet
Aug 5, 2013 7:18:20 PM org.apache.catalina.startup.HostConfig deployDirectory
INFO: Deploying web application directory wsrp-portlet
Aug 5, 2013 7:18:22 PM org.apache.catalina.startup.HostConfig deployDirectory
INFO: Deploying web application directory slogan-contest-portlet
Aug 5, 2013 7:18:24 PM org.apache.catalina.startup.HostConfig deployDirectory
INFO: Deploying web application directory tunnel-web
Aug 5, 2013 7:18:26 PM org.apache.catalina.startup.HostConfig deployDirectory
INFO: Deploying web application directory sevencogs-hook
Aug 5, 2013 7:18:26 PM org.apache.coyote.http11.Http11Protocol start
INFO: Starting Coyote HTTP/1.1 on http-8080
Aug 5, 2013 7:18:26 PM org.apache.jk.common.ChannelSocket init
INFO: JK: ajp13 listening on /0.0.0.0:8009
Aug 5, 2013 7:18:26 PM org.apache.jk.server.JkMain start
INFO: Jk running ID=0 time=0/22  config=null
Aug 5, 2013 7:18:26 PM org.apache.catalina.startup.Catalina start
INFO: Server startup in 77141 ms
Aug 5, 2013 7:20:03 PM org.apache.coyote.http11.Http11Protocol pause
INFO: Pausing Coyote HTTP/1.1 on http-8080
Aug 5, 2013 7:20:04 PM org.apache.catalina.core.StandardService stop
INFO: Stopping service Catalina
Aug 5, 2013 7:20:07 PM org.apache.catalina.loader.WebappClassLoader clearThreadLocalMap
SEVERE: The web application [/wsrp-portlet] created a ThreadLocal with key of type [org.apache.axis.utils.XMLUtils.ThreadLocalDocumentBuilder] (value [org.apache.axis.utils.XMLUtils$ThreadLocalDocumentBuilder@7edea1df]) and a value of type [com.sun.org.apache.xerces.internal.jaxp.DocumentBuilderImpl] (value [com.sun.org.apache.xerces.internal.jaxp.DocumentBuilderImpl@4a55788b]) but failed to remove it when the web application was stopped. This is very likely to create a memory leak.
Aug 5, 2013 7:20:07 PM org.apache.catalina.loader.WebappClassLoader clearReferencesThreads
SEVERE: The web application [/opensocial-portlet] appears to have started a thread named [com.google.inject.internal.Finalizer] but has failed to stop it. This is very likely to create a memory leak.
Aug 5, 2013 7:20:07 PM org.apache.catalina.loader.WebappClassLoader clearThreadLocalMap
SEVERE: The web application [/opensocial-portlet] created a ThreadLocal with key of type [null] (value [org.apache.shindig.common.xml.XmlUtil$2@1d506b04]) and a value of type [org.apache.xerces.jaxp.DocumentBuilderImpl] (value [org.apache.xerces.jaxp.DocumentBuilderImpl@aa1e2a5]) but failed to remove it when the web application was stopped. This is very likely to create a memory leak.
Aug 5, 2013 7:20:07 PM org.apache.catalina.loader.WebappClassLoader clearThreadLocalMap
SEVERE: The web application [/opensocial-portlet] created a ThreadLocal with key of type [null] (value [com.google.inject.InjectorImpl$1@a26c417]) and a value of type [java.lang.Object[]] (value [[Ljava.lang.Object;@7713c735]) but failed to remove it when the web application was stopped. This is very likely to create a memory leak.
Aug 5, 2013 7:20:07 PM org.apache.coyote.http11.Http11Protocol destroy
INFO: Stopping Coyote HTTP/1.1 on http-8080
