Jan 24, 2014 3:14:26 AM org.apache.catalina.core.AprLifecycleListener init
INFO: The APR based Apache Tomcat Native library which allows optimal performance in production environments was not found on the java.library.path: .:/Library/Java/Extensions:/System/Library/Java/Extensions:/usr/lib/java
Jan 24, 2014 3:14:26 AM org.apache.coyote.http11.Http11Protocol init
INFO: Initializing Coyote HTTP/1.1 on http-8080
Jan 24, 2014 3:14:26 AM org.apache.catalina.startup.Catalina load
INFO: Initialization processed in 1014 ms
Jan 24, 2014 3:14:26 AM org.apache.catalina.core.StandardService start
INFO: Starting service Catalina
Jan 24, 2014 3:14:26 AM org.apache.catalina.core.StandardEngine start
INFO: Starting Servlet Engine: Apache Tomcat/6.0.29
Jan 24, 2014 3:14:26 AM org.apache.catalina.startup.HostConfig deployDescriptor
INFO: Deploying configuration descriptor ROOT.xml
Jan 24, 2014 3:15:55 AM org.apache.catalina.core.StandardContext start
SEVERE: Error listenerStart
Jan 24, 2014 3:15:55 AM org.apache.catalina.core.StandardContext start
SEVERE: Context [] startup failed due to previous errors
Jan 24, 2014 3:15:55 AM org.apache.catalina.loader.WebappClassLoader clearReferencesThreads
SEVERE: The web application [] appears to have started a thread named [Dispatch-Thread-for-com.mchange.v2.async.ThreadPerTaskAsynchronousRunner@605df3c5] but has failed to stop it. This is very likely to create a memory leak.
Jan 24, 2014 3:15:55 AM org.apache.catalina.loader.WebappClassLoader clearReferencesThreads
SEVERE: The web application [] appears to have started a thread named [Task-Thread-for-com.mchange.v2.async.ThreadPerTaskAsynchronousRunner@605df3c5] but has failed to stop it. This is very likely to create a memory leak.
Jan 24, 2014 3:15:55 AM org.apache.catalina.loader.WebappClassLoader clearReferencesThreads
SEVERE: The web application [] appears to have started a thread named [Task-Thread-for-com.mchange.v2.async.ThreadPerTaskAsynchronousRunner@605df3c5] but has failed to stop it. This is very likely to create a memory leak.
Jan 24, 2014 3:15:55 AM org.apache.catalina.loader.WebappClassLoader clearReferencesThreads
SEVERE: The web application [] appears to have started a thread named [Task-Thread-for-com.mchange.v2.async.ThreadPerTaskAsynchronousRunner@605df3c5] but has failed to stop it. This is very likely to create a memory leak.
Jan 24, 2014 3:15:55 AM org.apache.catalina.loader.WebappClassLoader clearReferencesThreads
SEVERE: The web application [] appears to have started a thread named [Task-Thread-for-com.mchange.v2.async.ThreadPerTaskAsynchronousRunner@605df3c5] but has failed to stop it. This is very likely to create a memory leak.
Jan 24, 2014 3:15:55 AM org.apache.catalina.loader.WebappClassLoader clearReferencesThreads
SEVERE: The web application [] appears to have started a thread named [Task-Thread-for-com.mchange.v2.async.ThreadPerTaskAsynchronousRunner@605df3c5] but has failed to stop it. This is very likely to create a memory leak.
Jan 24, 2014 3:15:55 AM org.apache.catalina.loader.WebappClassLoader clearReferencesThreads
SEVERE: The web application [] appears to have started a thread named [Task-Thread-for-com.mchange.v2.async.ThreadPerTaskAsynchronousRunner@605df3c5] but has failed to stop it. This is very likely to create a memory leak.
Jan 24, 2014 3:15:55 AM org.apache.catalina.loader.WebappClassLoader clearReferencesThreads
SEVERE: The web application [] appears to have started a thread named [Task-Thread-for-com.mchange.v2.async.ThreadPerTaskAsynchronousRunner@605df3c5] but has failed to stop it. This is very likely to create a memory leak.
Jan 24, 2014 3:16:00 AM org.apache.catalina.startup.HostConfig deployDescriptor
INFO: Deploying configuration descriptor send-receive-message-portlet.xml
Jan 24, 2014 3:16:00 AM org.apache.catalina.startup.HostConfig deployDescriptor
WARNING: A docBase /Users/apple/Downloads/Skype/liferay/bundles/liferay-portal-6.0.6/tomcat-6.0.29/webapps/D:\liferay\bundles\liferay-portal-6.0.6\tomcat-6.0.29\webapps\send-receive-message-portlet inside the host appBase has been specified, and will be ignored
Jan 24, 2014 3:16:00 AM org.apache.catalina.startup.HostConfig deployDescriptor
INFO: Deploying configuration descriptor tvd-slogan-contest-portlet.xml
Jan 24, 2014 3:16:00 AM org.apache.catalina.startup.HostConfig deployDescriptor
WARNING: A docBase /Users/apple/Downloads/Skype/liferay/bundles/liferay-portal-6.0.6/tomcat-6.0.29/webapps/D:\liferay\bundles\liferay-portal-6.0.6\tomcat-6.0.29\webapps\tvd-slogan-contest-portlet inside the host appBase has been specified, and will be ignored
Jan 24, 2014 3:16:01 AM org.apache.catalina.startup.HostConfig deployDirectory
INFO: Deploying web application directory chat-portlet
Jan 24, 2014 3:16:01 AM org.apache.catalina.startup.HostConfig deployDirectory
INFO: Deploying web application directory default-site-templates-hook
Jan 24, 2014 3:16:01 AM org.apache.catalina.startup.HostConfig deployDirectory
INFO: Deploying web application directory google-maps-portlet
Jan 24, 2014 3:16:01 AM org.apache.catalina.startup.HostConfig deployDirectory
INFO: Deploying web application directory html5-initializr-theme
Jan 24, 2014 3:16:01 AM org.apache.catalina.startup.HostConfig deployDirectory
INFO: Deploying web application directory inkwell-internet-theme
Jan 24, 2014 3:16:02 AM org.apache.catalina.startup.HostConfig deployDirectory
INFO: Deploying web application directory kaleo-web
Jan 24, 2014 3:16:02 AM org.apache.catalina.startup.HostConfig deployDirectory
INFO: Deploying web application directory mail-portlet
Jan 24, 2014 3:16:02 AM org.apache.catalina.startup.HostConfig deployDirectory
INFO: Deploying web application directory management-high-school-portlet
Jan 24, 2014 3:16:02 AM org.apache.catalina.startup.HostConfig deployDirectory
INFO: Deploying web application directory opensocial-portlet
Jan 24, 2014 3:16:22 AM org.apache.catalina.startup.HostConfig deployDirectory
INFO: Deploying web application directory product-registration-portlet
Jan 24, 2014 3:16:22 AM org.apache.catalina.startup.HostConfig deployDirectory
INFO: Deploying web application directory sevencogs-hook
Jan 24, 2014 3:16:22 AM org.apache.catalina.startup.HostConfig deployDirectory
INFO: Deploying web application directory sevencogs-mobile-theme
Jan 24, 2014 3:16:22 AM org.apache.catalina.startup.HostConfig deployDirectory
INFO: Deploying web application directory sevencogs-theme
Jan 24, 2014 3:16:23 AM org.apache.catalina.startup.HostConfig deployDirectory
INFO: Deploying web application directory slogan-contest-portlet
Jan 24, 2014 3:16:23 AM org.apache.catalina.startup.HostConfig deployDirectory
INFO: Deploying web application directory social-networking-portlet
Jan 24, 2014 3:16:23 AM org.apache.catalina.startup.HostConfig deployDirectory
INFO: Deploying web application directory tunnel-web
Jan 24, 2014 3:16:23 AM org.apache.catalina.startup.HostConfig deployDirectory
INFO: Deploying web application directory web-form-portlet
Jan 24, 2014 3:16:23 AM org.apache.catalina.startup.HostConfig deployDirectory
INFO: Deploying web application directory wsrp-portlet
Jan 24, 2014 3:16:25 AM org.apache.coyote.http11.Http11Protocol start
INFO: Starting Coyote HTTP/1.1 on http-8080
Jan 24, 2014 3:16:26 AM org.apache.jk.common.ChannelSocket init
INFO: JK: ajp13 listening on /0.0.0.0:8009
Jan 24, 2014 3:16:26 AM org.apache.jk.server.JkMain start
INFO: Jk running ID=0 time=0/31  config=null
Jan 24, 2014 3:16:26 AM org.apache.catalina.startup.Catalina start
INFO: Server startup in 119370 ms
Jan 24, 2014 3:39:41 AM org.apache.catalina.core.AprLifecycleListener init
INFO: The APR based Apache Tomcat Native library which allows optimal performance in production environments was not found on the java.library.path: .:/Library/Java/Extensions:/System/Library/Java/Extensions:/usr/lib/java
Jan 24, 2014 3:39:41 AM org.apache.coyote.http11.Http11Protocol init
SEVERE: Error initializing endpoint
java.net.BindException: Address already in use <null>:8080
	at org.apache.tomcat.util.net.JIoEndpoint.init(JIoEndpoint.java:549)
	at org.apache.coyote.http11.Http11Protocol.init(Http11Protocol.java:176)
	at org.apache.catalina.connector.Connector.initialize(Connector.java:1014)
	at org.apache.catalina.core.StandardService.initialize(StandardService.java:680)
	at org.apache.catalina.core.StandardServer.initialize(StandardServer.java:795)
	at org.apache.catalina.startup.Catalina.load(Catalina.java:524)
	at org.apache.catalina.startup.Catalina.load(Catalina.java:548)
	at sun.reflect.NativeMethodAccessorImpl.invoke0(Native Method)
	at sun.reflect.NativeMethodAccessorImpl.invoke(NativeMethodAccessorImpl.java:39)
	at sun.reflect.DelegatingMethodAccessorImpl.invoke(DelegatingMethodAccessorImpl.java:25)
	at java.lang.reflect.Method.invoke(Method.java:597)
	at org.apache.catalina.startup.Bootstrap.load(Bootstrap.java:261)
	at org.apache.catalina.startup.Bootstrap.main(Bootstrap.java:413)
Caused by: java.net.BindException: Address already in use
	at java.net.PlainSocketImpl.socketBind(Native Method)
	at java.net.PlainSocketImpl.socketBind(PlainSocketImpl.java:521)
	at java.net.PlainSocketImpl.bind(PlainSocketImpl.java:414)
	at java.net.ServerSocket.bind(ServerSocket.java:326)
	at java.net.ServerSocket.<init>(ServerSocket.java:192)
	at java.net.ServerSocket.<init>(ServerSocket.java:148)
	at org.apache.tomcat.util.net.DefaultServerSocketFactory.createSocket(DefaultServerSocketFactory.java:50)
	at org.apache.tomcat.util.net.JIoEndpoint.init(JIoEndpoint.java:538)
	... 12 more
Jan 24, 2014 3:39:41 AM org.apache.catalina.startup.Catalina load
SEVERE: Catalina.start
LifecycleException:  Protocol handler initialization failed: java.net.BindException: Address already in use <null>:8080
	at org.apache.catalina.connector.Connector.initialize(Connector.java:1016)
	at org.apache.catalina.core.StandardService.initialize(StandardService.java:680)
	at org.apache.catalina.core.StandardServer.initialize(StandardServer.java:795)
	at org.apache.catalina.startup.Catalina.load(Catalina.java:524)
	at org.apache.catalina.startup.Catalina.load(Catalina.java:548)
	at sun.reflect.NativeMethodAccessorImpl.invoke0(Native Method)
	at sun.reflect.NativeMethodAccessorImpl.invoke(NativeMethodAccessorImpl.java:39)
	at sun.reflect.DelegatingMethodAccessorImpl.invoke(DelegatingMethodAccessorImpl.java:25)
	at java.lang.reflect.Method.invoke(Method.java:597)
	at org.apache.catalina.startup.Bootstrap.load(Bootstrap.java:261)
	at org.apache.catalina.startup.Bootstrap.main(Bootstrap.java:413)
Jan 24, 2014 3:39:41 AM org.apache.catalina.startup.Catalina load
INFO: Initialization processed in 572 ms
Jan 24, 2014 3:39:41 AM org.apache.catalina.core.StandardService start
INFO: Starting service Catalina
Jan 24, 2014 3:39:41 AM org.apache.catalina.core.StandardEngine start
INFO: Starting Servlet Engine: Apache Tomcat/6.0.29
Jan 24, 2014 3:39:41 AM org.apache.catalina.startup.HostConfig deployDescriptor
INFO: Deploying configuration descriptor ROOT.xml
Jan 24, 2014 3:41:06 AM org.apache.catalina.core.StandardContext start
SEVERE: Error listenerStart
Jan 24, 2014 3:41:06 AM org.apache.catalina.core.StandardContext start
SEVERE: Context [] startup failed due to previous errors
Jan 24, 2014 3:41:06 AM org.apache.catalina.loader.WebappClassLoader clearReferencesThreads
SEVERE: The web application [] appears to have started a thread named [Dispatch-Thread-for-com.mchange.v2.async.ThreadPerTaskAsynchronousRunner@260fa385] but has failed to stop it. This is very likely to create a memory leak.
Jan 24, 2014 3:41:06 AM org.apache.catalina.loader.WebappClassLoader clearReferencesThreads
SEVERE: The web application [] appears to have started a thread named [Task-Thread-for-com.mchange.v2.async.ThreadPerTaskAsynchronousRunner@260fa385] but has failed to stop it. This is very likely to create a memory leak.
Jan 24, 2014 3:41:06 AM org.apache.catalina.loader.WebappClassLoader clearReferencesThreads
SEVERE: The web application [] appears to have started a thread named [Task-Thread-for-com.mchange.v2.async.ThreadPerTaskAsynchronousRunner@260fa385] but has failed to stop it. This is very likely to create a memory leak.
Jan 24, 2014 3:41:06 AM org.apache.catalina.loader.WebappClassLoader clearReferencesThreads
SEVERE: The web application [] appears to have started a thread named [Task-Thread-for-com.mchange.v2.async.ThreadPerTaskAsynchronousRunner@260fa385] but has failed to stop it. This is very likely to create a memory leak.
Jan 24, 2014 3:41:06 AM org.apache.catalina.loader.WebappClassLoader clearReferencesThreads
SEVERE: The web application [] appears to have started a thread named [Task-Thread-for-com.mchange.v2.async.ThreadPerTaskAsynchronousRunner@260fa385] but has failed to stop it. This is very likely to create a memory leak.
Jan 24, 2014 3:41:06 AM org.apache.catalina.loader.WebappClassLoader clearReferencesThreads
SEVERE: The web application [] appears to have started a thread named [Task-Thread-for-com.mchange.v2.async.ThreadPerTaskAsynchronousRunner@260fa385] but has failed to stop it. This is very likely to create a memory leak.
Jan 24, 2014 3:41:06 AM org.apache.catalina.loader.WebappClassLoader clearReferencesThreads
SEVERE: The web application [] appears to have started a thread named [Task-Thread-for-com.mchange.v2.async.ThreadPerTaskAsynchronousRunner@260fa385] but has failed to stop it. This is very likely to create a memory leak.
Jan 24, 2014 3:41:06 AM org.apache.catalina.loader.WebappClassLoader clearReferencesThreads
SEVERE: The web application [] appears to have started a thread named [Task-Thread-for-com.mchange.v2.async.ThreadPerTaskAsynchronousRunner@260fa385] but has failed to stop it. This is very likely to create a memory leak.
Jan 24, 2014 3:41:09 AM org.apache.catalina.startup.HostConfig deployDescriptor
INFO: Deploying configuration descriptor send-receive-message-portlet.xml
Jan 24, 2014 3:41:09 AM org.apache.catalina.startup.HostConfig deployDescriptor
WARNING: A docBase /Users/apple/Downloads/Skype/liferay/bundles/liferay-portal-6.0.6/tomcat-6.0.29/webapps/D:\liferay\bundles\liferay-portal-6.0.6\tomcat-6.0.29\webapps\send-receive-message-portlet inside the host appBase has been specified, and will be ignored
Jan 24, 2014 3:41:09 AM org.apache.catalina.startup.HostConfig deployDescriptor
INFO: Deploying configuration descriptor tvd-slogan-contest-portlet.xml
Jan 24, 2014 3:41:09 AM org.apache.catalina.startup.HostConfig deployDescriptor
WARNING: A docBase /Users/apple/Downloads/Skype/liferay/bundles/liferay-portal-6.0.6/tomcat-6.0.29/webapps/D:\liferay\bundles\liferay-portal-6.0.6\tomcat-6.0.29\webapps\tvd-slogan-contest-portlet inside the host appBase has been specified, and will be ignored
Jan 24, 2014 3:41:09 AM org.apache.catalina.startup.HostConfig deployDirectory
INFO: Deploying web application directory chat-portlet
Jan 24, 2014 3:41:09 AM org.apache.catalina.startup.HostConfig deployDirectory
INFO: Deploying web application directory default-site-templates-hook
Jan 24, 2014 3:41:09 AM org.apache.catalina.startup.HostConfig deployDirectory
INFO: Deploying web application directory google-maps-portlet
Jan 24, 2014 3:41:09 AM org.apache.catalina.startup.HostConfig deployDirectory
INFO: Deploying web application directory html5-initializr-theme
Jan 24, 2014 3:41:09 AM org.apache.catalina.startup.HostConfig deployDirectory
INFO: Deploying web application directory inkwell-internet-theme
Jan 24, 2014 3:41:10 AM org.apache.catalina.startup.HostConfig deployDirectory
INFO: Deploying web application directory kaleo-web
Jan 24, 2014 3:41:10 AM org.apache.catalina.startup.HostConfig deployDirectory
INFO: Deploying web application directory mail-portlet
Jan 24, 2014 3:41:10 AM org.apache.catalina.startup.HostConfig deployDirectory
INFO: Deploying web application directory management-high-school-portlet
Jan 24, 2014 3:41:10 AM org.apache.catalina.startup.HostConfig deployDirectory
INFO: Deploying web application directory opensocial-portlet
Jan 24, 2014 3:41:13 AM org.apache.catalina.startup.HostConfig deployDirectory
INFO: Deploying web application directory product-registration-portlet
Jan 24, 2014 3:41:13 AM org.apache.catalina.startup.HostConfig deployDirectory
INFO: Deploying web application directory sevencogs-hook
Jan 24, 2014 3:41:13 AM org.apache.catalina.startup.HostConfig deployDirectory
INFO: Deploying web application directory sevencogs-mobile-theme
Jan 24, 2014 3:41:13 AM org.apache.catalina.startup.HostConfig deployDirectory
INFO: Deploying web application directory sevencogs-theme
Jan 24, 2014 3:41:13 AM org.apache.catalina.startup.HostConfig deployDirectory
INFO: Deploying web application directory slogan-contest-portlet
Jan 24, 2014 3:41:13 AM org.apache.catalina.startup.HostConfig deployDirectory
INFO: Deploying web application directory social-networking-portlet
Jan 24, 2014 3:41:14 AM org.apache.catalina.startup.HostConfig deployDirectory
INFO: Deploying web application directory tunnel-web
Jan 24, 2014 3:41:14 AM org.apache.catalina.startup.HostConfig deployDirectory
INFO: Deploying web application directory web-form-portlet
Jan 24, 2014 3:41:14 AM org.apache.catalina.startup.HostConfig deployDirectory
INFO: Deploying web application directory wsrp-portlet
Jan 24, 2014 3:41:15 AM org.apache.coyote.http11.Http11Protocol start
SEVERE: Error starting endpoint
java.net.BindException: Address already in use <null>:8080
	at org.apache.tomcat.util.net.JIoEndpoint.init(JIoEndpoint.java:549)
	at org.apache.tomcat.util.net.JIoEndpoint.start(JIoEndpoint.java:565)
	at org.apache.coyote.http11.Http11Protocol.start(Http11Protocol.java:203)
	at org.apache.catalina.connector.Connector.start(Connector.java:1087)
	at org.apache.catalina.core.StandardService.start(StandardService.java:534)
	at org.apache.catalina.core.StandardServer.start(StandardServer.java:710)
	at org.apache.catalina.startup.Catalina.start(Catalina.java:581)
	at sun.reflect.NativeMethodAccessorImpl.invoke0(Native Method)
	at sun.reflect.NativeMethodAccessorImpl.invoke(NativeMethodAccessorImpl.java:39)
	at sun.reflect.DelegatingMethodAccessorImpl.invoke(DelegatingMethodAccessorImpl.java:25)
	at java.lang.reflect.Method.invoke(Method.java:597)
	at org.apache.catalina.startup.Bootstrap.start(Bootstrap.java:289)
	at org.apache.catalina.startup.Bootstrap.main(Bootstrap.java:414)
Caused by: java.net.BindException: Address already in use
	at java.net.PlainSocketImpl.socketBind(Native Method)
	at java.net.PlainSocketImpl.socketBind(PlainSocketImpl.java:521)
	at java.net.PlainSocketImpl.bind(PlainSocketImpl.java:414)
	at java.net.ServerSocket.bind(ServerSocket.java:326)
	at java.net.ServerSocket.<init>(ServerSocket.java:192)
	at java.net.ServerSocket.<init>(ServerSocket.java:148)
	at org.apache.tomcat.util.net.DefaultServerSocketFactory.createSocket(DefaultServerSocketFactory.java:50)
	at org.apache.tomcat.util.net.JIoEndpoint.init(JIoEndpoint.java:538)
	... 12 more
Jan 24, 2014 3:41:15 AM org.apache.catalina.startup.Catalina start
SEVERE: Catalina.start: 
LifecycleException:  service.getName(): "Catalina";  Protocol handler start failed: java.net.BindException: Address already in use <null>:8080
	at org.apache.catalina.connector.Connector.start(Connector.java:1094)
	at org.apache.catalina.core.StandardService.start(StandardService.java:534)
	at org.apache.catalina.core.StandardServer.start(StandardServer.java:710)
	at org.apache.catalina.startup.Catalina.start(Catalina.java:581)
	at sun.reflect.NativeMethodAccessorImpl.invoke0(Native Method)
	at sun.reflect.NativeMethodAccessorImpl.invoke(NativeMethodAccessorImpl.java:39)
	at sun.reflect.DelegatingMethodAccessorImpl.invoke(DelegatingMethodAccessorImpl.java:25)
	at java.lang.reflect.Method.invoke(Method.java:597)
	at org.apache.catalina.startup.Bootstrap.start(Bootstrap.java:289)
	at org.apache.catalina.startup.Bootstrap.main(Bootstrap.java:414)
Jan 24, 2014 3:41:15 AM org.apache.catalina.startup.Catalina start
INFO: Server startup in 93933 ms
Jan 24, 2014 3:41:15 AM org.apache.catalina.core.StandardServer await
SEVERE: StandardServer.await: create[8005]: 
java.net.BindException: Address already in use
	at java.net.PlainSocketImpl.socketBind(Native Method)
	at java.net.PlainSocketImpl.socketBind(PlainSocketImpl.java:521)
	at java.net.PlainSocketImpl.bind(PlainSocketImpl.java:414)
	at java.net.ServerSocket.bind(ServerSocket.java:326)
	at java.net.ServerSocket.<init>(ServerSocket.java:192)
	at org.apache.catalina.core.StandardServer.await(StandardServer.java:373)
	at org.apache.catalina.startup.Catalina.await(Catalina.java:662)
	at org.apache.catalina.startup.Catalina.start(Catalina.java:614)
	at sun.reflect.NativeMethodAccessorImpl.invoke0(Native Method)
	at sun.reflect.NativeMethodAccessorImpl.invoke(NativeMethodAccessorImpl.java:39)
	at sun.reflect.DelegatingMethodAccessorImpl.invoke(DelegatingMethodAccessorImpl.java:25)
	at java.lang.reflect.Method.invoke(Method.java:597)
	at org.apache.catalina.startup.Bootstrap.start(Bootstrap.java:289)
	at org.apache.catalina.startup.Bootstrap.main(Bootstrap.java:414)
Jan 24, 2014 3:41:15 AM org.apache.coyote.http11.Http11Protocol pause
INFO: Pausing Coyote HTTP/1.1 on http-8080
Jan 24, 2014 3:41:16 AM org.apache.catalina.core.StandardService stop
INFO: Stopping service Catalina
Jan 24, 2014 3:41:16 AM org.apache.catalina.loader.WebappClassLoader clearThreadLocalMap
SEVERE: The web application [/wsrp-portlet] created a ThreadLocal with key of type [org.apache.axis.utils.XMLUtils.ThreadLocalDocumentBuilder] (value [org.apache.axis.utils.XMLUtils$ThreadLocalDocumentBuilder@29643eec]) and a value of type [com.sun.org.apache.xerces.internal.jaxp.DocumentBuilderImpl] (value [com.sun.org.apache.xerces.internal.jaxp.DocumentBuilderImpl@745f0d2e]) but failed to remove it when the web application was stopped. This is very likely to create a memory leak.
Jan 24, 2014 3:41:17 AM org.apache.catalina.loader.WebappClassLoader clearReferencesThreads
SEVERE: The web application [/opensocial-portlet] appears to have started a thread named [com.google.inject.internal.Finalizer] but has failed to stop it. This is very likely to create a memory leak.
Jan 24, 2014 3:41:17 AM org.apache.catalina.loader.WebappClassLoader clearThreadLocalMap
SEVERE: The web application [/opensocial-portlet] created a ThreadLocal with key of type [null] (value [org.apache.shindig.common.xml.XmlUtil$2@ad9edbe]) and a value of type [org.apache.xerces.jaxp.DocumentBuilderImpl] (value [org.apache.xerces.jaxp.DocumentBuilderImpl@69875a82]) but failed to remove it when the web application was stopped. This is very likely to create a memory leak.
Jan 24, 2014 3:41:17 AM org.apache.catalina.loader.WebappClassLoader clearThreadLocalMap
SEVERE: The web application [/opensocial-portlet] created a ThreadLocal with key of type [null] (value [com.google.inject.InjectorImpl$1@354742ee]) and a value of type [java.lang.Object[]] (value [[Ljava.lang.Object;@597b3295]) but failed to remove it when the web application was stopped. This is very likely to create a memory leak.
Jan 24, 2014 3:41:17 AM org.apache.catalina.connector.MapperListener destroy
WARNING: Error unregistering MBeanServerDelegate
java.lang.NullPointerException
	at org.apache.catalina.connector.MapperListener.destroy(MapperListener.java:176)
	at org.apache.catalina.connector.Connector.stop(Connector.java:1135)
	at org.apache.catalina.core.StandardService.stop(StandardService.java:596)
	at org.apache.catalina.core.StandardServer.stop(StandardServer.java:744)
	at org.apache.catalina.startup.Catalina.stop(Catalina.java:648)
	at org.apache.catalina.startup.Catalina$CatalinaShutdownHook.run(Catalina.java:692)
Jan 24, 2014 3:41:17 AM org.apache.coyote.http11.Http11Protocol destroy
INFO: Stopping Coyote HTTP/1.1 on http-8080
Jan 24, 2014 3:41:17 AM org.apache.catalina.connector.Connector stop
SEVERE: Coyote connector has not been started
Jan 24, 2014 7:16:02 AM org.apache.coyote.http11.Http11Protocol pause
INFO: Pausing Coyote HTTP/1.1 on http-8080
Jan 24, 2014 7:16:03 AM org.apache.catalina.core.StandardService stop
INFO: Stopping service Catalina
Jan 24, 2014 7:16:04 AM org.apache.catalina.loader.WebappClassLoader clearThreadLocalMap
SEVERE: The web application [/wsrp-portlet] created a ThreadLocal with key of type [org.apache.axis.utils.XMLUtils.ThreadLocalDocumentBuilder] (value [org.apache.axis.utils.XMLUtils$ThreadLocalDocumentBuilder@77b4f7c5]) and a value of type [com.sun.org.apache.xerces.internal.jaxp.DocumentBuilderImpl] (value [com.sun.org.apache.xerces.internal.jaxp.DocumentBuilderImpl@9f6e3e9]) but failed to remove it when the web application was stopped. This is very likely to create a memory leak.
Jan 24, 2014 7:16:06 AM org.apache.catalina.loader.WebappClassLoader clearReferencesThreads
SEVERE: The web application [/opensocial-portlet] appears to have started a thread named [com.google.inject.internal.Finalizer] but has failed to stop it. This is very likely to create a memory leak.
Jan 24, 2014 7:16:06 AM org.apache.catalina.loader.WebappClassLoader clearThreadLocalMap
SEVERE: The web application [/opensocial-portlet] created a ThreadLocal with key of type [null] (value [org.apache.shindig.common.xml.XmlUtil$2@77e8a5c]) and a value of type [org.apache.xerces.jaxp.DocumentBuilderImpl] (value [org.apache.xerces.jaxp.DocumentBuilderImpl@4ada1dc]) but failed to remove it when the web application was stopped. This is very likely to create a memory leak.
Jan 24, 2014 7:16:06 AM org.apache.catalina.loader.WebappClassLoader clearThreadLocalMap
SEVERE: The web application [/opensocial-portlet] created a ThreadLocal with key of type [null] (value [com.google.inject.InjectorImpl$1@235d74ea]) and a value of type [java.lang.Object[]] (value [[Ljava.lang.Object;@4ca6c0c9]) but failed to remove it when the web application was stopped. This is very likely to create a memory leak.
Jan 24, 2014 7:16:06 AM org.apache.coyote.http11.Http11Protocol destroy
INFO: Stopping Coyote HTTP/1.1 on http-8080
