May 17, 2013 3:16:47 AM org.apache.catalina.startup.HostConfig deployDirectory
INFO: Deploying web application directory liferay-in-action-portlet
May 17, 2013 3:17:27 AM org.apache.catalina.startup.HostConfig checkResources
INFO: Reloading context [/liferay-in-action-portlet]
May 17, 2013 4:00:21 AM org.apache.catalina.startup.HostConfig checkResources
INFO: Reloading context [/liferay-in-action-portlet]
May 17, 2013 4:05:12 AM org.apache.catalina.startup.HostConfig checkResources
INFO: Reloading context [/liferay-in-action-portlet]
May 17, 2013 4:08:43 AM org.apache.catalina.startup.HostConfig checkResources
INFO: Reloading context [/liferay-in-action-portlet]
May 17, 2013 5:38:45 AM org.apache.catalina.startup.HostConfig checkResources
INFO: Reloading context [/liferay-in-action-portlet]
May 17, 2013 5:45:56 AM org.apache.catalina.startup.HostConfig checkResources
INFO: Reloading context [/liferay-in-action-portlet]
May 17, 2013 5:50:16 AM org.apache.catalina.startup.HostConfig checkResources
INFO: Reloading context [/liferay-in-action-portlet]
May 17, 2013 5:54:07 AM org.apache.catalina.startup.HostConfig checkResources
INFO: Reloading context [/liferay-in-action-portlet]
May 17, 2013 7:06:09 AM org.apache.catalina.startup.HostConfig checkResources
INFO: Reloading context [/liferay-in-action-portlet]
May 17, 2013 7:26:50 AM org.apache.catalina.startup.HostConfig checkResources
INFO: Reloading context [/liferay-in-action-portlet]
May 17, 2013 7:40:31 AM org.apache.catalina.startup.HostConfig deployDirectory
INFO: Deploying web application directory product-registration-portlet
May 17, 2013 7:42:45 AM org.apache.catalina.startup.HostConfig checkResources
INFO: Reloading context [/product-registration-portlet]
May 17, 2013 7:47:36 AM org.apache.catalina.startup.HostConfig checkResources
INFO: Reloading context [/product-registration-portlet]
May 17, 2013 8:18:08 AM org.apache.catalina.startup.HostConfig checkResources
INFO: Reloading context [/product-registration-portlet]
