Jul 9, 2013 7:46:15 AM org.apache.catalina.startup.HostConfig checkResources
INFO: Reloading context [/management-high-school-portlet]
Jul 9, 2013 7:46:30 AM org.apache.catalina.startup.HostConfig deployDirectory
INFO: Deploying web application directory tvd-slogan-contest-portlet
Jul 9, 2013 7:50:13 AM org.apache.catalina.startup.HostConfig checkResources
INFO: Reloading context [/tvd-slogan-contest-portlet]
Jul 9, 2013 7:54:35 AM org.apache.catalina.startup.HostConfig checkResources
INFO: Reloading context [/tvd-slogan-contest-portlet]
Jul 9, 2013 7:59:17 AM org.apache.catalina.startup.HostConfig checkResources
INFO: Reloading context [/tvd-slogan-contest-portlet]
Jul 9, 2013 8:03:28 AM org.apache.catalina.startup.HostConfig checkResources
INFO: Reloading context [/tvd-slogan-contest-portlet]
Jul 9, 2013 8:07:14 AM org.apache.coyote.http11.Http11Protocol pause
INFO: Pausing Coyote HTTP/1.1 on http-8080
Jul 9, 2013 8:07:15 AM org.apache.catalina.core.StandardService stop
INFO: Stopping service Catalina
Jul 9, 2013 8:07:20 AM org.apache.catalina.loader.WebappClassLoader clearThreadLocalMap
SEVERE: The web application [/wsrp-portlet] created a ThreadLocal with key of type [org.apache.axis.utils.XMLUtils.ThreadLocalDocumentBuilder] (value [org.apache.axis.utils.XMLUtils$ThreadLocalDocumentBuilder@de6757]) and a value of type [com.sun.org.apache.xerces.internal.jaxp.DocumentBuilderImpl] (value [com.sun.org.apache.xerces.internal.jaxp.DocumentBuilderImpl@1528d82]) but failed to remove it when the web application was stopped. This is very likely to create a memory leak.
Jul 9, 2013 8:07:20 AM org.apache.catalina.loader.WebappClassLoader clearReferencesThreads
SEVERE: The web application [/opensocial-portlet] appears to have started a thread named [com.google.inject.internal.Finalizer] but has failed to stop it. This is very likely to create a memory leak.
Jul 9, 2013 8:07:20 AM org.apache.catalina.loader.WebappClassLoader clearThreadLocalMap
SEVERE: The web application [/opensocial-portlet] created a ThreadLocal with key of type [null] (value [org.apache.shindig.common.xml.XmlUtil$2@10bfdf4]) and a value of type [org.apache.xerces.jaxp.DocumentBuilderImpl] (value [org.apache.xerces.jaxp.DocumentBuilderImpl@4ddb3b]) but failed to remove it when the web application was stopped. This is very likely to create a memory leak.
Jul 9, 2013 8:07:20 AM org.apache.catalina.loader.WebappClassLoader clearThreadLocalMap
SEVERE: The web application [/opensocial-portlet] created a ThreadLocal with key of type [null] (value [com.google.inject.InjectorImpl$1@1741950]) and a value of type [java.lang.Object[]] (value [[Ljava.lang.Object;@12a0632]) but failed to remove it when the web application was stopped. This is very likely to create a memory leak.
Jul 9, 2013 8:07:20 AM org.apache.coyote.http11.Http11Protocol destroy
INFO: Stopping Coyote HTTP/1.1 on http-8080
Jul 9, 2013 8:07:22 AM org.apache.catalina.core.AprLifecycleListener init
INFO: The APR based Apache Tomcat Native library which allows optimal performance in production environments was not found on the java.library.path: D:\liferay\bundles\liferay-portal-6.0.6\tomcat-6.0.29\jre1.6.0_20\win\bin;.;C:\Windows\Sun\Java\bin;C:\Windows\system32;C:\Windows;C:\Windows\system32;C:\Windows;C:\Windows\System32\Wbem;C:\Windows\System32\WindowsPowerShell\v1.0\;D:\liferay\apache-ant-1.8.4\bin;C:\Program Files\Java\jre7\bin;D:\velocity\velocity-1.7\build;D:\Program Files\QuickTime\QTSystem\;D:\Sax\lib;C:\Program Files\Microsoft SQL Server\110\Tools\Binn\;C:\Program Files (x86)\Microsoft SQL Server\110\Tools\Binn\;C:\Program Files\Microsoft SQL Server\110\DTS\Binn\;C:\Program Files (x86)\Microsoft SQL Server\110\Tools\Binn\ManagementStudio\;C:\Program Files (x86)\Microsoft Visual Studio 10.0\Common7\IDE\PrivateAssemblies\;C:\Program Files (x86)\Microsoft SQL Server\110\DTS\Binn\;D:\Dev-Cpp\bin;C:\Program Files (x86)\Microsoft Visual Studio\VC98\Bin;C:\Program Files (x86)\Microsoft Visual Studio\Common\Tools\WinNT;C:\Program Files (x86)\Microsoft Visual Studio\Common\MSDev98\Bin;C:\Program Files (x86)\Microsoft Visual Studio\Common\Tools;C:\Program Files (x86)\Microsoft Visual Studio\VC98\bin;D:\Program Files\VC98\Tools\WinNT;D:\Program Files\VC98\MSDev98\Bin;D:\Program Files\VC98\Tools;D:\Program Files\VB\Tools\WinNT;D:\Program Files\VB\MSDev98\Bin;D:\Program Files\VB\Tools;D:\Program Files\VC98\bin;D:\Program Files\AppServ\Apache2.2\bin;D:\Program Files\AppServ\php5;D:\Program Files\AppServ\MySQL\bin
Jul 9, 2013 8:07:23 AM org.apache.coyote.http11.Http11Protocol init
INFO: Initializing Coyote HTTP/1.1 on http-8080
Jul 9, 2013 8:07:23 AM org.apache.catalina.startup.Catalina load
INFO: Initialization processed in 1018 ms
Jul 9, 2013 8:07:23 AM org.apache.catalina.core.StandardService start
INFO: Starting service Catalina
Jul 9, 2013 8:07:23 AM org.apache.catalina.core.StandardEngine start
INFO: Starting Servlet Engine: Apache Tomcat/6.0.29
Jul 9, 2013 8:07:23 AM org.apache.catalina.startup.HostConfig deployDescriptor
INFO: Deploying configuration descriptor ROOT.xml
Jul 9, 2013 8:08:03 AM org.apache.catalina.startup.HostConfig deployDescriptor
INFO: Deploying configuration descriptor send-receive-message-portlet.xml
Jul 9, 2013 8:08:03 AM org.apache.catalina.startup.HostConfig deployDescriptor
WARNING: A docBase D:\liferay\bundles\liferay-portal-6.0.6\tomcat-6.0.29\webapps\send-receive-message-portlet inside the host appBase has been specified, and will be ignored
Jul 9, 2013 8:08:06 AM org.apache.catalina.startup.HostConfig deployDirectory
INFO: Deploying web application directory chat-portlet
Jul 9, 2013 8:08:07 AM org.apache.catalina.startup.HostConfig deployDirectory
INFO: Deploying web application directory default-site-templates-hook
Jul 9, 2013 8:08:07 AM org.apache.catalina.startup.HostConfig deployDirectory
INFO: Deploying web application directory google-maps-portlet
Jul 9, 2013 8:08:08 AM org.apache.catalina.startup.HostConfig deployDirectory
INFO: Deploying web application directory kaleo-web
Jul 9, 2013 8:08:12 AM org.apache.catalina.startup.HostConfig deployDirectory
INFO: Deploying web application directory mail-portlet
Jul 9, 2013 8:08:14 AM org.apache.catalina.startup.HostConfig deployDirectory
INFO: Deploying web application directory opensocial-portlet
Jul 9, 2013 8:08:20 AM org.apache.catalina.startup.HostConfig deployDirectory
INFO: Deploying web application directory sevencogs-hook
Jul 9, 2013 8:08:20 AM org.apache.catalina.startup.HostConfig deployDirectory
INFO: Deploying web application directory sevencogs-mobile-theme
Jul 9, 2013 8:08:21 AM org.apache.catalina.startup.HostConfig deployDirectory
INFO: Deploying web application directory sevencogs-theme
Jul 9, 2013 8:08:22 AM org.apache.catalina.startup.HostConfig deployDirectory
INFO: Deploying web application directory social-networking-portlet
Jul 9, 2013 8:08:23 AM org.apache.catalina.startup.HostConfig deployDirectory
INFO: Deploying web application directory tunnel-web
Jul 9, 2013 8:08:25 AM org.apache.catalina.startup.HostConfig deployDirectory
INFO: Deploying web application directory web-form-portlet
Jul 9, 2013 8:08:26 AM org.apache.catalina.startup.HostConfig deployDirectory
INFO: Deploying web application directory wsrp-portlet
Jul 9, 2013 8:08:29 AM org.apache.catalina.startup.HostConfig deployDirectory
INFO: Deploying web application directory inkwell-internet-theme
Jul 9, 2013 8:08:41 AM org.apache.catalina.startup.HostConfig deployDirectory
INFO: Deploying web application directory product-registration-portlet
Jul 9, 2013 8:08:43 AM org.apache.catalina.startup.HostConfig deployDirectory
INFO: Deploying web application directory slogan-contest-portlet
Jul 9, 2013 8:08:47 AM org.apache.catalina.startup.HostConfig deployDirectory
INFO: Deploying web application directory management-high-school-portlet
Jul 9, 2013 8:08:48 AM org.apache.catalina.startup.HostConfig deployDirectory
INFO: Deploying web application directory tvd-slogan-contest-portlet
Jul 9, 2013 8:08:50 AM org.apache.coyote.http11.Http11Protocol start
INFO: Starting Coyote HTTP/1.1 on http-8080
Jul 9, 2013 8:08:50 AM org.apache.jk.common.ChannelSocket init
INFO: JK: ajp13 listening on /0.0.0.0:8009
Jul 9, 2013 8:08:50 AM org.apache.jk.server.JkMain start
INFO: Jk running ID=0 time=0/22  config=null
Jul 9, 2013 8:08:50 AM org.apache.catalina.startup.Catalina start
INFO: Server startup in 87042 ms
Jul 9, 2013 8:09:10 AM org.apache.catalina.startup.HostConfig checkResources
INFO: Reloading context [/tvd-slogan-contest-portlet]
Jul 9, 2013 8:12:11 AM org.apache.catalina.startup.HostConfig checkResources
INFO: Reloading context [/tvd-slogan-contest-portlet]
Jul 9, 2013 8:13:22 AM org.apache.catalina.startup.HostConfig checkResources
INFO: Reloading context [/tvd-slogan-contest-portlet]
Jul 9, 2013 8:14:33 AM org.apache.catalina.startup.HostConfig checkResources
INFO: Reloading context [/tvd-slogan-contest-portlet]
Jul 9, 2013 8:21:04 AM org.apache.catalina.startup.HostConfig checkResources
INFO: Reloading context [/tvd-slogan-contest-portlet]
Jul 9, 2013 8:21:55 AM org.apache.catalina.startup.HostConfig checkResources
INFO: Reloading context [/tvd-slogan-contest-portlet]
Jul 9, 2013 8:26:17 AM org.apache.catalina.startup.HostConfig checkResources
INFO: Reloading context [/tvd-slogan-contest-portlet]
Jul 9, 2013 8:27:58 AM org.apache.catalina.startup.HostConfig checkResources
INFO: Reloading context [/tvd-slogan-contest-portlet]
Jul 9, 2013 8:29:29 AM org.apache.catalina.startup.HostConfig checkResources
INFO: Reloading context [/tvd-slogan-contest-portlet]
Jul 9, 2013 8:32:00 AM org.apache.catalina.startup.HostConfig checkResources
INFO: Reloading context [/tvd-slogan-contest-portlet]
Jul 9, 2013 8:33:31 AM org.apache.catalina.startup.HostConfig checkResources
INFO: Reloading context [/tvd-slogan-contest-portlet]
Jul 9, 2013 8:35:14 AM org.apache.coyote.http11.Http11Protocol pause
INFO: Pausing Coyote HTTP/1.1 on http-8080
Jul 9, 2013 8:35:15 AM org.apache.catalina.core.StandardService stop
INFO: Stopping service Catalina
Jul 9, 2013 8:35:18 AM org.apache.catalina.loader.WebappClassLoader clearThreadLocalMap
SEVERE: The web application [/wsrp-portlet] created a ThreadLocal with key of type [org.apache.axis.utils.XMLUtils.ThreadLocalDocumentBuilder] (value [org.apache.axis.utils.XMLUtils$ThreadLocalDocumentBuilder@1230232]) and a value of type [com.sun.org.apache.xerces.internal.jaxp.DocumentBuilderImpl] (value [com.sun.org.apache.xerces.internal.jaxp.DocumentBuilderImpl@1653096]) but failed to remove it when the web application was stopped. This is very likely to create a memory leak.
Jul 9, 2013 8:35:18 AM org.apache.catalina.loader.WebappClassLoader clearReferencesThreads
SEVERE: The web application [/opensocial-portlet] appears to have started a thread named [com.google.inject.internal.Finalizer] but has failed to stop it. This is very likely to create a memory leak.
Jul 9, 2013 8:35:18 AM org.apache.catalina.loader.WebappClassLoader clearThreadLocalMap
SEVERE: The web application [/opensocial-portlet] created a ThreadLocal with key of type [null] (value [org.apache.shindig.common.xml.XmlUtil$2@c4e5c5]) and a value of type [org.apache.xerces.jaxp.DocumentBuilderImpl] (value [org.apache.xerces.jaxp.DocumentBuilderImpl@c8fd6c]) but failed to remove it when the web application was stopped. This is very likely to create a memory leak.
Jul 9, 2013 8:35:18 AM org.apache.catalina.loader.WebappClassLoader clearThreadLocalMap
SEVERE: The web application [/opensocial-portlet] created a ThreadLocal with key of type [null] (value [com.google.inject.InjectorImpl$1@175c923]) and a value of type [java.lang.Object[]] (value [[Ljava.lang.Object;@1e84cdf]) but failed to remove it when the web application was stopped. This is very likely to create a memory leak.
Jul 9, 2013 8:35:18 AM org.apache.coyote.http11.Http11Protocol destroy
INFO: Stopping Coyote HTTP/1.1 on http-8080
Jul 9, 2013 8:35:19 AM org.apache.catalina.core.AprLifecycleListener init
INFO: The APR based Apache Tomcat Native library which allows optimal performance in production environments was not found on the java.library.path: D:\liferay\bundles\liferay-portal-6.0.6\tomcat-6.0.29\jre1.6.0_20\win\bin;.;C:\Windows\Sun\Java\bin;C:\Windows\system32;C:\Windows;C:\Windows\system32;C:\Windows;C:\Windows\System32\Wbem;C:\Windows\System32\WindowsPowerShell\v1.0\;D:\liferay\apache-ant-1.8.4\bin;C:\Program Files\Java\jre7\bin;D:\velocity\velocity-1.7\build;D:\Program Files\QuickTime\QTSystem\;D:\Sax\lib;C:\Program Files\Microsoft SQL Server\110\Tools\Binn\;C:\Program Files (x86)\Microsoft SQL Server\110\Tools\Binn\;C:\Program Files\Microsoft SQL Server\110\DTS\Binn\;C:\Program Files (x86)\Microsoft SQL Server\110\Tools\Binn\ManagementStudio\;C:\Program Files (x86)\Microsoft Visual Studio 10.0\Common7\IDE\PrivateAssemblies\;C:\Program Files (x86)\Microsoft SQL Server\110\DTS\Binn\;D:\Dev-Cpp\bin;C:\Program Files (x86)\Microsoft Visual Studio\VC98\Bin;C:\Program Files (x86)\Microsoft Visual Studio\Common\Tools\WinNT;C:\Program Files (x86)\Microsoft Visual Studio\Common\MSDev98\Bin;C:\Program Files (x86)\Microsoft Visual Studio\Common\Tools;C:\Program Files (x86)\Microsoft Visual Studio\VC98\bin;D:\Program Files\VC98\Tools\WinNT;D:\Program Files\VC98\MSDev98\Bin;D:\Program Files\VC98\Tools;D:\Program Files\VB\Tools\WinNT;D:\Program Files\VB\MSDev98\Bin;D:\Program Files\VB\Tools;D:\Program Files\VC98\bin;D:\Program Files\AppServ\Apache2.2\bin;D:\Program Files\AppServ\php5;D:\Program Files\AppServ\MySQL\bin
Jul 9, 2013 8:35:19 AM org.apache.coyote.http11.Http11Protocol init
INFO: Initializing Coyote HTTP/1.1 on http-8080
Jul 9, 2013 8:35:19 AM org.apache.catalina.startup.Catalina load
INFO: Initialization processed in 395 ms
Jul 9, 2013 8:35:19 AM org.apache.catalina.core.StandardService start
INFO: Starting service Catalina
Jul 9, 2013 8:35:19 AM org.apache.catalina.core.StandardEngine start
INFO: Starting Servlet Engine: Apache Tomcat/6.0.29
Jul 9, 2013 8:35:19 AM org.apache.catalina.startup.HostConfig deployDescriptor
INFO: Deploying configuration descriptor ROOT.xml
Jul 9, 2013 8:35:48 AM org.apache.catalina.startup.HostConfig deployDescriptor
INFO: Deploying configuration descriptor send-receive-message-portlet.xml
Jul 9, 2013 8:35:48 AM org.apache.catalina.startup.HostConfig deployDescriptor
WARNING: A docBase D:\liferay\bundles\liferay-portal-6.0.6\tomcat-6.0.29\webapps\send-receive-message-portlet inside the host appBase has been specified, and will be ignored
Jul 9, 2013 8:35:50 AM org.apache.catalina.startup.HostConfig deployDirectory
INFO: Deploying web application directory chat-portlet
Jul 9, 2013 8:35:50 AM org.apache.catalina.startup.HostConfig deployDirectory
INFO: Deploying web application directory default-site-templates-hook
Jul 9, 2013 8:35:51 AM org.apache.catalina.startup.HostConfig deployDirectory
INFO: Deploying web application directory google-maps-portlet
Jul 9, 2013 8:35:51 AM org.apache.catalina.startup.HostConfig deployDirectory
INFO: Deploying web application directory kaleo-web
Jul 9, 2013 8:35:53 AM org.apache.catalina.startup.HostConfig deployDirectory
INFO: Deploying web application directory mail-portlet
Jul 9, 2013 8:35:55 AM org.apache.catalina.startup.HostConfig deployDirectory
INFO: Deploying web application directory opensocial-portlet
Jul 9, 2013 8:36:00 AM org.apache.catalina.startup.HostConfig deployDirectory
INFO: Deploying web application directory sevencogs-hook
Jul 9, 2013 8:36:00 AM org.apache.catalina.startup.HostConfig deployDirectory
INFO: Deploying web application directory sevencogs-mobile-theme
Jul 9, 2013 8:36:00 AM org.apache.catalina.startup.HostConfig deployDirectory
INFO: Deploying web application directory sevencogs-theme
Jul 9, 2013 8:36:00 AM org.apache.catalina.startup.HostConfig deployDirectory
INFO: Deploying web application directory social-networking-portlet
Jul 9, 2013 8:36:01 AM org.apache.catalina.startup.HostConfig deployDirectory
INFO: Deploying web application directory tunnel-web
Jul 9, 2013 8:36:02 AM org.apache.catalina.startup.HostConfig deployDirectory
INFO: Deploying web application directory web-form-portlet
Jul 9, 2013 8:36:03 AM org.apache.catalina.startup.HostConfig deployDirectory
INFO: Deploying web application directory wsrp-portlet
Jul 9, 2013 8:36:05 AM org.apache.catalina.startup.HostConfig deployDirectory
INFO: Deploying web application directory inkwell-internet-theme
Jul 9, 2013 8:36:07 AM org.apache.catalina.startup.HostConfig deployDirectory
INFO: Deploying web application directory product-registration-portlet
Jul 9, 2013 8:36:08 AM org.apache.catalina.startup.HostConfig deployDirectory
INFO: Deploying web application directory slogan-contest-portlet
Jul 9, 2013 8:36:10 AM org.apache.catalina.startup.HostConfig deployDirectory
INFO: Deploying web application directory management-high-school-portlet
Jul 9, 2013 8:36:11 AM org.apache.catalina.startup.HostConfig deployDirectory
INFO: Deploying web application directory tvd-slogan-contest-portlet
Jul 9, 2013 8:36:12 AM org.apache.coyote.http11.Http11Protocol start
INFO: Starting Coyote HTTP/1.1 on http-8080
Jul 9, 2013 8:36:12 AM org.apache.jk.common.ChannelSocket init
INFO: JK: ajp13 listening on /0.0.0.0:8009
Jul 9, 2013 8:36:12 AM org.apache.jk.server.JkMain start
INFO: Jk running ID=0 time=0/23  config=null
Jul 9, 2013 8:36:12 AM org.apache.catalina.startup.Catalina start
INFO: Server startup in 53308 ms
Jul 9, 2013 8:38:13 AM org.apache.catalina.startup.HostConfig checkResources
INFO: Reloading context [/tvd-slogan-contest-portlet]
Jul 9, 2013 8:38:43 AM org.apache.catalina.startup.HostConfig checkResources
INFO: Reloading context [/tvd-slogan-contest-portlet]
Jul 9, 2013 8:42:35 AM org.apache.catalina.startup.HostConfig checkResources
INFO: Reloading context [/tvd-slogan-contest-portlet]
Jul 9, 2013 8:48:07 AM org.apache.catalina.startup.HostConfig checkResources
INFO: Reloading context [/tvd-slogan-contest-portlet]
Jul 9, 2013 8:50:58 AM org.apache.catalina.startup.HostConfig checkResources
INFO: Reloading context [/tvd-slogan-contest-portlet]
Jul 9, 2013 9:18:23 AM org.apache.catalina.startup.HostConfig checkResources
INFO: Reloading context [/tvd-slogan-contest-portlet]
Jul 9, 2013 10:33:14 AM org.apache.catalina.startup.HostConfig checkResources
INFO: Reloading context [/tvd-slogan-contest-portlet]
Jul 9, 2013 10:33:35 AM org.apache.catalina.startup.HostConfig checkResources
INFO: Reloading context [/tvd-slogan-contest-portlet]
Jul 9, 2013 11:08:51 AM org.apache.catalina.startup.HostConfig checkResources
INFO: Reloading context [/tvd-slogan-contest-portlet]
Jul 9, 2013 11:11:32 AM org.apache.catalina.startup.HostConfig checkResources
INFO: Reloading context [/tvd-slogan-contest-portlet]
Jul 9, 2013 11:13:13 AM org.apache.catalina.startup.HostConfig checkResources
INFO: Reloading context [/tvd-slogan-contest-portlet]
Jul 9, 2013 11:48:59 AM org.apache.catalina.startup.HostConfig checkResources
INFO: Reloading context [/tvd-slogan-contest-portlet]
Jul 9, 2013 3:51:38 PM org.apache.catalina.startup.HostConfig checkResources
INFO: Reloading context [/tvd-slogan-contest-portlet]
Jul 9, 2013 4:18:32 PM org.apache.catalina.startup.HostConfig checkResources
INFO: Reloading context [/tvd-slogan-contest-portlet]
Jul 9, 2013 4:18:53 PM org.apache.catalina.startup.HostConfig checkResources
INFO: Reloading context [/tvd-slogan-contest-portlet]
Jul 9, 2013 4:20:24 PM org.apache.catalina.startup.HostConfig checkResources
INFO: Reloading context [/tvd-slogan-contest-portlet]
Jul 9, 2013 4:28:56 PM org.apache.catalina.startup.HostConfig checkResources
INFO: Reloading context [/tvd-slogan-contest-portlet]
Jul 9, 2013 4:31:07 PM org.apache.catalina.startup.HostConfig checkResources
INFO: Reloading context [/tvd-slogan-contest-portlet]
Jul 9, 2013 4:35:08 PM org.apache.catalina.startup.HostConfig checkResources
INFO: Reloading context [/tvd-slogan-contest-portlet]
Jul 9, 2013 4:37:29 PM org.apache.catalina.startup.HostConfig checkResources
INFO: Reloading context [/tvd-slogan-contest-portlet]
Jul 9, 2013 4:54:32 PM org.apache.catalina.startup.HostConfig checkResources
INFO: Reloading context [/tvd-slogan-contest-portlet]
Jul 9, 2013 4:56:33 PM org.apache.catalina.startup.HostConfig checkResources
INFO: Reloading context [/tvd-slogan-contest-portlet]
Jul 9, 2013 4:57:44 PM org.apache.catalina.startup.HostConfig checkResources
INFO: Reloading context [/tvd-slogan-contest-portlet]
Jul 9, 2013 5:00:25 PM org.apache.catalina.startup.HostConfig checkResources
INFO: Reloading context [/tvd-slogan-contest-portlet]
Jul 9, 2013 5:10:07 PM org.apache.catalina.startup.HostConfig checkResources
INFO: Reloading context [/tvd-slogan-contest-portlet]
Jul 9, 2013 5:10:48 PM org.apache.catalina.startup.HostConfig checkResources
INFO: Reloading context [/tvd-slogan-contest-portlet]
Jul 9, 2013 5:12:39 PM org.apache.catalina.startup.HostConfig checkResources
INFO: Reloading context [/tvd-slogan-contest-portlet]
Jul 9, 2013 5:21:21 PM org.apache.catalina.startup.HostConfig checkResources
INFO: Reloading context [/tvd-slogan-contest-portlet]
Jul 9, 2013 5:24:24 PM org.apache.catalina.startup.HostConfig checkResources
INFO: Reloading context [/tvd-slogan-contest-portlet]
Jul 9, 2013 5:26:35 PM org.apache.catalina.startup.HostConfig checkResources
INFO: Reloading context [/tvd-slogan-contest-portlet]
