May 25, 2013 6:58:51 AM org.apache.catalina.core.AprLifecycleListener init
INFO: The APR based Apache Tomcat Native library which allows optimal performance in production environments was not found on the java.library.path: D:\liferay\bundles\liferay-portal-6.0.6\tomcat-6.0.29\jre1.6.0_20\win\bin;.;C:\Windows\Sun\Java\bin;C:\Windows\system32;C:\Windows;C:\Windows\system32;C:\Windows;C:\Windows\System32\Wbem;C:\Windows\System32\WindowsPowerShell\v1.0\;D:\liferay\apache-ant-1.8.4\bin;C:\Program Files\Java\jre7\bin;D:\velocity\velocity-1.7\build;D:\Program Files\QuickTime\QTSystem\;D:\Sax\lib;C:\Program Files\Microsoft SQL Server\110\Tools\Binn\;C:\Program Files (x86)\Microsoft SQL Server\110\Tools\Binn\;C:\Program Files\Microsoft SQL Server\110\DTS\Binn\;C:\Program Files (x86)\Microsoft SQL Server\110\Tools\Binn\ManagementStudio\;C:\Program Files (x86)\Microsoft Visual Studio 10.0\Common7\IDE\PrivateAssemblies\;C:\Program Files (x86)\Microsoft SQL Server\110\DTS\Binn\;D:\Dev-Cpp\bin;C:\Program Files (x86)\Microsoft Visual Studio\VC98\Bin;C:\Program Files (x86)\Microsoft Visual Studio\Common\Tools\WinNT;C:\Program Files (x86)\Microsoft Visual Studio\Common\MSDev98\Bin;C:\Program Files (x86)\Microsoft Visual Studio\Common\Tools;C:\Program Files (x86)\Microsoft Visual Studio\VC98\bin;D:\Program Files\VC98\Tools\WinNT;D:\Program Files\VC98\MSDev98\Bin;D:\Program Files\VC98\Tools;D:\Program Files\VB\Tools\WinNT;D:\Program Files\VB\MSDev98\Bin;D:\Program Files\VB\Tools;D:\Program Files\VC98\bin;D:\Program Files\AppServ\Apache2.2\bin;D:\Program Files\AppServ\php5;D:\Program Files\AppServ\MySQL\bin
May 25, 2013 6:58:51 AM org.apache.coyote.http11.Http11Protocol init
INFO: Initializing Coyote HTTP/1.1 on http-8080
May 25, 2013 6:58:51 AM org.apache.catalina.startup.Catalina load
INFO: Initialization processed in 1174 ms
May 25, 2013 6:58:52 AM org.apache.catalina.core.StandardService start
INFO: Starting service Catalina
May 25, 2013 6:58:52 AM org.apache.catalina.core.StandardEngine start
INFO: Starting Servlet Engine: Apache Tomcat/6.0.29
May 25, 2013 6:58:52 AM org.apache.catalina.startup.HostConfig deployDescriptor
INFO: Deploying configuration descriptor ROOT.xml
May 25, 2013 6:59:42 AM org.apache.catalina.startup.HostConfig deployDirectory
INFO: Deploying web application directory chat-portlet
May 25, 2013 6:59:43 AM org.apache.catalina.startup.HostConfig deployDirectory
INFO: Deploying web application directory default-site-templates-hook
May 25, 2013 6:59:44 AM org.apache.catalina.startup.HostConfig deployDirectory
INFO: Deploying web application directory google-maps-portlet
May 25, 2013 6:59:45 AM org.apache.catalina.startup.HostConfig deployDirectory
INFO: Deploying web application directory kaleo-web
May 25, 2013 6:59:48 AM org.apache.catalina.startup.HostConfig deployDirectory
INFO: Deploying web application directory mail-portlet
May 25, 2013 6:59:51 AM org.apache.catalina.startup.HostConfig deployDirectory
INFO: Deploying web application directory opensocial-portlet
May 25, 2013 6:59:58 AM org.apache.catalina.startup.HostConfig deployDirectory
INFO: Deploying web application directory sevencogs-hook
May 25, 2013 6:59:58 AM org.apache.catalina.startup.HostConfig deployDirectory
INFO: Deploying web application directory sevencogs-mobile-theme
May 25, 2013 6:59:59 AM org.apache.catalina.startup.HostConfig deployDirectory
INFO: Deploying web application directory sevencogs-theme
May 25, 2013 6:59:59 AM org.apache.catalina.startup.HostConfig deployDirectory
INFO: Deploying web application directory social-networking-portlet
May 25, 2013 7:00:02 AM org.apache.catalina.startup.HostConfig deployDirectory
INFO: Deploying web application directory tunnel-web
May 25, 2013 7:00:04 AM org.apache.catalina.startup.HostConfig deployDirectory
INFO: Deploying web application directory web-form-portlet
May 25, 2013 7:00:05 AM org.apache.catalina.startup.HostConfig deployDirectory
INFO: Deploying web application directory wsrp-portlet
May 25, 2013 7:00:08 AM org.apache.catalina.startup.HostConfig deployDirectory
INFO: Deploying web application directory liferay-in-action-portlet
May 25, 2013 7:00:10 AM org.apache.catalina.startup.HostConfig deployDirectory
INFO: Deploying web application directory inkwell-internet-theme
May 25, 2013 7:00:22 AM org.apache.catalina.startup.HostConfig deployDirectory
INFO: Deploying web application directory product-registration-portlet
May 25, 2013 7:00:25 AM org.apache.coyote.http11.Http11Protocol start
INFO: Starting Coyote HTTP/1.1 on http-8080
May 25, 2013 7:00:25 AM org.apache.jk.common.ChannelSocket init
INFO: JK: ajp13 listening on /0.0.0.0:8009
May 25, 2013 7:00:25 AM org.apache.jk.server.JkMain start
INFO: Jk running ID=0 time=0/734  config=null
May 25, 2013 7:00:25 AM org.apache.catalina.startup.Catalina start
INFO: Server startup in 93987 ms
May 25, 2013 7:11:45 AM org.apache.catalina.startup.HostConfig checkResources
INFO: Reloading context [/liferay-in-action-portlet]
May 25, 2013 7:13:47 AM org.apache.catalina.startup.HostConfig checkResources
INFO: Reloading context [/liferay-in-action-portlet]
May 25, 2013 9:18:28 AM org.apache.catalina.startup.HostConfig checkResources
INFO: Reloading context [/liferay-in-action-portlet]
May 25, 2013 9:21:39 AM org.apache.catalina.startup.HostConfig checkResources
INFO: Reloading context [/liferay-in-action-portlet]
May 25, 2013 9:26:00 AM org.apache.catalina.startup.HostConfig checkResources
INFO: Reloading context [/liferay-in-action-portlet]
May 25, 2013 9:28:11 AM org.apache.catalina.startup.HostConfig checkResources
INFO: Reloading context [/liferay-in-action-portlet]
May 25, 2013 9:28:52 AM org.apache.catalina.startup.HostConfig checkResources
INFO: Reloading context [/liferay-in-action-portlet]
May 25, 2013 6:09:13 PM org.apache.catalina.core.AprLifecycleListener init
INFO: The APR based Apache Tomcat Native library which allows optimal performance in production environments was not found on the java.library.path: D:\liferay\bundles\liferay-portal-6.0.6\tomcat-6.0.29\jre1.6.0_20\win\bin;.;C:\Windows\Sun\Java\bin;C:\Windows\system32;C:\Windows;C:\Windows\system32;C:\Windows;C:\Windows\System32\Wbem;C:\Windows\System32\WindowsPowerShell\v1.0\;D:\liferay\apache-ant-1.8.4\bin;C:\Program Files\Java\jre7\bin;D:\velocity\velocity-1.7\build;D:\Program Files\QuickTime\QTSystem\;D:\Sax\lib;C:\Program Files\Microsoft SQL Server\110\Tools\Binn\;C:\Program Files (x86)\Microsoft SQL Server\110\Tools\Binn\;C:\Program Files\Microsoft SQL Server\110\DTS\Binn\;C:\Program Files (x86)\Microsoft SQL Server\110\Tools\Binn\ManagementStudio\;C:\Program Files (x86)\Microsoft Visual Studio 10.0\Common7\IDE\PrivateAssemblies\;C:\Program Files (x86)\Microsoft SQL Server\110\DTS\Binn\;D:\Dev-Cpp\bin;C:\Program Files (x86)\Microsoft Visual Studio\VC98\Bin;C:\Program Files (x86)\Microsoft Visual Studio\Common\Tools\WinNT;C:\Program Files (x86)\Microsoft Visual Studio\Common\MSDev98\Bin;C:\Program Files (x86)\Microsoft Visual Studio\Common\Tools;C:\Program Files (x86)\Microsoft Visual Studio\VC98\bin;D:\Program Files\VC98\Tools\WinNT;D:\Program Files\VC98\MSDev98\Bin;D:\Program Files\VC98\Tools;D:\Program Files\VB\Tools\WinNT;D:\Program Files\VB\MSDev98\Bin;D:\Program Files\VB\Tools;D:\Program Files\VC98\bin;D:\Program Files\AppServ\Apache2.2\bin;D:\Program Files\AppServ\php5;D:\Program Files\AppServ\MySQL\bin
May 25, 2013 6:09:14 PM org.apache.coyote.http11.Http11Protocol init
INFO: Initializing Coyote HTTP/1.1 on http-8080
May 25, 2013 6:09:14 PM org.apache.catalina.startup.Catalina load
INFO: Initialization processed in 1201 ms
May 25, 2013 6:09:14 PM org.apache.catalina.core.StandardService start
INFO: Starting service Catalina
May 25, 2013 6:09:14 PM org.apache.catalina.core.StandardEngine start
INFO: Starting Servlet Engine: Apache Tomcat/6.0.29
May 25, 2013 6:09:14 PM org.apache.catalina.startup.HostConfig deployDescriptor
INFO: Deploying configuration descriptor ROOT.xml
May 25, 2013 6:10:09 PM org.apache.catalina.startup.HostConfig deployDirectory
INFO: Deploying web application directory chat-portlet
May 25, 2013 6:10:10 PM org.apache.catalina.startup.HostConfig deployDirectory
INFO: Deploying web application directory default-site-templates-hook
May 25, 2013 6:10:11 PM org.apache.catalina.startup.HostConfig deployDirectory
INFO: Deploying web application directory google-maps-portlet
May 25, 2013 6:10:12 PM org.apache.catalina.startup.HostConfig deployDirectory
INFO: Deploying web application directory kaleo-web
May 25, 2013 6:10:16 PM org.apache.catalina.startup.HostConfig deployDirectory
INFO: Deploying web application directory mail-portlet
May 25, 2013 6:10:18 PM org.apache.catalina.startup.HostConfig deployDirectory
INFO: Deploying web application directory opensocial-portlet
May 25, 2013 6:10:28 PM org.apache.catalina.startup.HostConfig deployDirectory
INFO: Deploying web application directory sevencogs-hook
May 25, 2013 6:10:29 PM org.apache.catalina.startup.HostConfig deployDirectory
INFO: Deploying web application directory sevencogs-mobile-theme
May 25, 2013 6:10:29 PM org.apache.catalina.startup.HostConfig deployDirectory
INFO: Deploying web application directory sevencogs-theme
May 25, 2013 6:10:30 PM org.apache.catalina.startup.HostConfig deployDirectory
INFO: Deploying web application directory social-networking-portlet
May 25, 2013 6:10:32 PM org.apache.catalina.startup.HostConfig deployDirectory
INFO: Deploying web application directory tunnel-web
May 25, 2013 6:10:34 PM org.apache.catalina.startup.HostConfig deployDirectory
INFO: Deploying web application directory web-form-portlet
May 25, 2013 6:10:35 PM org.apache.catalina.startup.HostConfig deployDirectory
INFO: Deploying web application directory wsrp-portlet
May 25, 2013 6:10:39 PM org.apache.catalina.startup.HostConfig deployDirectory
INFO: Deploying web application directory liferay-in-action-portlet
May 25, 2013 6:10:40 PM org.apache.catalina.startup.HostConfig deployDirectory
INFO: Deploying web application directory inkwell-internet-theme
May 25, 2013 6:10:52 PM org.apache.catalina.startup.HostConfig deployDirectory
INFO: Deploying web application directory product-registration-portlet
May 25, 2013 6:10:55 PM org.apache.coyote.http11.Http11Protocol start
INFO: Starting Coyote HTTP/1.1 on http-8080
May 25, 2013 6:10:55 PM org.apache.jk.common.ChannelSocket init
INFO: JK: ajp13 listening on /0.0.0.0:8009
May 25, 2013 6:10:55 PM org.apache.jk.server.JkMain start
INFO: Jk running ID=0 time=0/35  config=null
May 25, 2013 6:10:55 PM org.apache.catalina.startup.Catalina start
INFO: Server startup in 101468 ms
May 25, 2013 6:12:05 PM org.apache.catalina.startup.HostConfig checkResources
INFO: Reloading context [/liferay-in-action-portlet]
May 25, 2013 6:13:07 PM org.apache.catalina.startup.HostConfig checkResources
INFO: Reloading context [/liferay-in-action-portlet]
May 25, 2013 6:15:59 PM org.apache.catalina.startup.HostConfig checkResources
INFO: Reloading context [/liferay-in-action-portlet]
May 25, 2013 6:16:50 PM org.apache.catalina.startup.HostConfig checkResources
INFO: Reloading context [/liferay-in-action-portlet]
May 25, 2013 6:20:11 PM org.apache.catalina.startup.HostConfig checkResources
INFO: Reloading context [/liferay-in-action-portlet]
May 25, 2013 6:21:52 PM org.apache.catalina.startup.HostConfig checkResources
INFO: Reloading context [/liferay-in-action-portlet]
May 25, 2013 6:24:13 PM org.apache.catalina.startup.HostConfig checkResources
INFO: Reloading context [/liferay-in-action-portlet]
May 25, 2013 6:33:55 PM org.apache.catalina.startup.HostConfig checkResources
INFO: Reloading context [/liferay-in-action-portlet]
