Jun 30, 2013 7:03:55 AM org.apache.catalina.core.AprLifecycleListener init
INFO: The APR based Apache Tomcat Native library which allows optimal performance in production environments was not found on the java.library.path: D:\liferay\bundles\liferay-portal-6.0.6\tomcat-6.0.29\jre1.6.0_20\win\bin;.;C:\Windows\Sun\Java\bin;C:\Windows\system32;C:\Windows;C:\Windows\system32;C:\Windows;C:\Windows\System32\Wbem;C:\Windows\System32\WindowsPowerShell\v1.0\;D:\liferay\apache-ant-1.8.4\bin;C:\Program Files\Java\jre7\bin;D:\velocity\velocity-1.7\build;D:\Program Files\QuickTime\QTSystem\;D:\Sax\lib;C:\Program Files\Microsoft SQL Server\110\Tools\Binn\;C:\Program Files (x86)\Microsoft SQL Server\110\Tools\Binn\;C:\Program Files\Microsoft SQL Server\110\DTS\Binn\;C:\Program Files (x86)\Microsoft SQL Server\110\Tools\Binn\ManagementStudio\;C:\Program Files (x86)\Microsoft Visual Studio 10.0\Common7\IDE\PrivateAssemblies\;C:\Program Files (x86)\Microsoft SQL Server\110\DTS\Binn\;D:\Dev-Cpp\bin;C:\Program Files (x86)\Microsoft Visual Studio\VC98\Bin;C:\Program Files (x86)\Microsoft Visual Studio\Common\Tools\WinNT;C:\Program Files (x86)\Microsoft Visual Studio\Common\MSDev98\Bin;C:\Program Files (x86)\Microsoft Visual Studio\Common\Tools;C:\Program Files (x86)\Microsoft Visual Studio\VC98\bin;D:\Program Files\VC98\Tools\WinNT;D:\Program Files\VC98\MSDev98\Bin;D:\Program Files\VC98\Tools;D:\Program Files\VB\Tools\WinNT;D:\Program Files\VB\MSDev98\Bin;D:\Program Files\VB\Tools;D:\Program Files\VC98\bin;D:\Program Files\AppServ\Apache2.2\bin;D:\Program Files\AppServ\php5;D:\Program Files\AppServ\MySQL\bin
Jun 30, 2013 7:03:56 AM org.apache.coyote.http11.Http11Protocol init
INFO: Initializing Coyote HTTP/1.1 on http-8080
Jun 30, 2013 7:03:56 AM org.apache.catalina.startup.Catalina load
INFO: Initialization processed in 1551 ms
Jun 30, 2013 7:03:56 AM org.apache.catalina.core.StandardService start
INFO: Starting service Catalina
Jun 30, 2013 7:03:56 AM org.apache.catalina.core.StandardEngine start
INFO: Starting Servlet Engine: Apache Tomcat/6.0.29
Jun 30, 2013 7:03:56 AM org.apache.catalina.startup.HostConfig deployDescriptor
INFO: Deploying configuration descriptor ROOT.xml
Jun 30, 2013 7:05:16 AM org.apache.catalina.startup.HostConfig deployDescriptor
INFO: Deploying configuration descriptor send-receive-message-portlet.xml
Jun 30, 2013 7:05:16 AM org.apache.catalina.startup.HostConfig deployDescriptor
WARNING: A docBase D:\liferay\bundles\liferay-portal-6.0.6\tomcat-6.0.29\webapps\send-receive-message-portlet inside the host appBase has been specified, and will be ignored
Jun 30, 2013 7:05:22 AM org.apache.catalina.startup.HostConfig deployDirectory
INFO: Deploying web application directory chat-portlet
Jun 30, 2013 7:05:24 AM org.apache.catalina.startup.HostConfig deployDirectory
INFO: Deploying web application directory default-site-templates-hook
Jun 30, 2013 7:05:24 AM org.apache.catalina.startup.HostConfig deployDirectory
INFO: Deploying web application directory google-maps-portlet
Jun 30, 2013 7:05:25 AM org.apache.catalina.startup.HostConfig deployDirectory
INFO: Deploying web application directory kaleo-web
Jun 30, 2013 7:05:30 AM org.apache.catalina.startup.HostConfig deployDirectory
INFO: Deploying web application directory mail-portlet
Jun 30, 2013 7:05:34 AM org.apache.catalina.startup.HostConfig deployDirectory
INFO: Deploying web application directory opensocial-portlet
Jun 30, 2013 7:05:49 AM org.apache.catalina.startup.HostConfig deployDirectory
INFO: Deploying web application directory sevencogs-hook
Jun 30, 2013 7:05:50 AM org.apache.catalina.startup.HostConfig deployDirectory
INFO: Deploying web application directory sevencogs-mobile-theme
Jun 30, 2013 7:05:51 AM org.apache.catalina.startup.HostConfig deployDirectory
INFO: Deploying web application directory sevencogs-theme
Jun 30, 2013 7:05:52 AM org.apache.catalina.startup.HostConfig deployDirectory
INFO: Deploying web application directory social-networking-portlet
Jun 30, 2013 7:05:54 AM org.apache.catalina.startup.HostConfig deployDirectory
INFO: Deploying web application directory tunnel-web
Jun 30, 2013 7:05:57 AM org.apache.catalina.startup.HostConfig deployDirectory
INFO: Deploying web application directory web-form-portlet
Jun 30, 2013 7:05:58 AM org.apache.catalina.startup.HostConfig deployDirectory
INFO: Deploying web application directory wsrp-portlet
Jun 30, 2013 7:06:02 AM org.apache.catalina.startup.HostConfig deployDirectory
INFO: Deploying web application directory inkwell-internet-theme
Jun 30, 2013 7:06:17 AM org.apache.catalina.startup.HostConfig deployDirectory
INFO: Deploying web application directory product-registration-portlet
Jun 30, 2013 7:06:21 AM org.apache.catalina.startup.HostConfig deployDirectory
INFO: Deploying web application directory slogan-contest-portlet
Jun 30, 2013 7:06:27 AM org.apache.catalina.startup.HostConfig deployDirectory
INFO: Deploying web application directory management-high-school-portlet
Jun 30, 2013 7:06:31 AM org.apache.coyote.http11.Http11Protocol start
INFO: Starting Coyote HTTP/1.1 on http-8080
Jun 30, 2013 7:06:32 AM org.apache.jk.common.ChannelSocket init
INFO: JK: ajp13 listening on /0.0.0.0:8009
Jun 30, 2013 7:06:32 AM org.apache.jk.server.JkMain start
INFO: Jk running ID=0 time=0/33  config=null
Jun 30, 2013 7:06:32 AM org.apache.catalina.startup.Catalina start
INFO: Server startup in 155514 ms
Jun 30, 2013 7:07:42 AM org.apache.catalina.startup.HostConfig checkResources
INFO: Reloading context [/management-high-school-portlet]
Jun 30, 2013 7:09:57 AM org.apache.catalina.startup.HostConfig checkResources
INFO: Reloading context [/management-high-school-portlet]
Jun 30, 2013 7:20:21 AM org.apache.catalina.startup.HostConfig checkResources
INFO: Reloading context [/management-high-school-portlet]
Jun 30, 2013 8:51:23 AM org.apache.catalina.startup.HostConfig checkResources
INFO: Reloading context [/management-high-school-portlet]
Jun 30, 2013 8:55:26 AM org.apache.catalina.startup.HostConfig checkResources
INFO: Reloading context [/management-high-school-portlet]
Jun 30, 2013 9:02:09 AM org.apache.catalina.startup.HostConfig checkResources
INFO: Reloading context [/management-high-school-portlet]
Jun 30, 2013 9:07:21 AM org.apache.catalina.startup.HostConfig checkResources
INFO: Reloading context [/management-high-school-portlet]
Jun 30, 2013 9:21:45 AM org.apache.catalina.startup.HostConfig checkResources
INFO: Reloading context [/management-high-school-portlet]
Jun 30, 2013 9:30:28 AM org.apache.catalina.startup.HostConfig checkResources
INFO: Reloading context [/management-high-school-portlet]
Jun 30, 2013 9:34:10 AM org.apache.catalina.startup.HostConfig checkResources
INFO: Reloading context [/management-high-school-portlet]
Jun 30, 2013 9:35:53 AM org.apache.catalina.startup.HostConfig checkResources
INFO: Reloading context [/management-high-school-portlet]
Jun 30, 2013 9:44:07 AM org.apache.catalina.startup.HostConfig checkResources
INFO: Reloading context [/management-high-school-portlet]
Jun 30, 2013 9:50:10 AM org.apache.catalina.startup.HostConfig checkResources
INFO: Reloading context [/management-high-school-portlet]
Jun 30, 2013 10:25:26 AM org.apache.catalina.startup.HostConfig checkResources
INFO: Reloading context [/management-high-school-portlet]
Jun 30, 2013 10:29:08 AM org.apache.catalina.startup.HostConfig checkResources
INFO: Reloading context [/management-high-school-portlet]
Jun 30, 2013 10:34:00 AM org.apache.catalina.startup.HostConfig checkResources
INFO: Reloading context [/management-high-school-portlet]
Jun 30, 2013 10:41:22 AM org.apache.catalina.startup.HostConfig checkResources
INFO: Reloading context [/management-high-school-portlet]
Jun 30, 2013 10:51:25 AM org.apache.catalina.startup.HostConfig checkResources
INFO: Reloading context [/management-high-school-portlet]
Jun 30, 2013 10:54:38 AM org.apache.catalina.startup.HostConfig checkResources
INFO: Reloading context [/management-high-school-portlet]
Jun 30, 2013 10:56:21 AM org.apache.catalina.startup.HostConfig checkResources
INFO: Reloading context [/management-high-school-portlet]
Jun 30, 2013 11:02:53 AM org.apache.catalina.startup.HostConfig checkResources
INFO: Reloading context [/management-high-school-portlet]
Jun 30, 2013 11:05:36 AM org.apache.catalina.startup.HostConfig checkResources
INFO: Reloading context [/management-high-school-portlet]
Jun 30, 2013 11:07:08 AM org.apache.catalina.startup.HostConfig checkResources
INFO: Reloading context [/management-high-school-portlet]
Jun 30, 2013 11:17:43 AM org.apache.catalina.startup.HostConfig checkResources
INFO: Reloading context [/management-high-school-portlet]
Jun 30, 2013 11:18:39 AM org.apache.catalina.startup.HostConfig checkResources
INFO: Reloading context [/management-high-school-portlet]
Jun 30, 2013 11:20:20 AM org.apache.catalina.startup.HostConfig checkResources
INFO: Reloading context [/management-high-school-portlet]
Jun 30, 2013 11:22:42 AM org.apache.catalina.startup.HostConfig checkResources
INFO: Reloading context [/management-high-school-portlet]
Jun 30, 2013 11:27:44 AM org.apache.catalina.startup.HostConfig checkResources
INFO: Reloading context [/management-high-school-portlet]
Jun 30, 2013 11:30:37 AM org.apache.catalina.startup.HostConfig checkResources
INFO: Reloading context [/management-high-school-portlet]
Jun 30, 2013 11:34:01 AM org.apache.catalina.startup.HostConfig checkResources
INFO: Reloading context [/management-high-school-portlet]
Jun 30, 2013 11:34:42 AM org.apache.catalina.startup.HostConfig checkResources
INFO: Reloading context [/management-high-school-portlet]
Jun 30, 2013 4:41:11 PM org.apache.catalina.startup.HostConfig checkResources
INFO: Reloading context [/management-high-school-portlet]
Jun 30, 2013 5:32:22 PM org.apache.catalina.startup.HostConfig checkResources
INFO: Reloading context [/management-high-school-portlet]
Jun 30, 2013 5:36:22 PM org.apache.catalina.startup.HostConfig checkResources
INFO: Reloading context [/management-high-school-portlet]
Jun 30, 2013 5:37:04 PM org.apache.catalina.startup.HostConfig checkResources
INFO: Reloading context [/management-high-school-portlet]
Jun 30, 2013 5:51:27 PM org.apache.catalina.startup.HostConfig checkResources
INFO: Reloading context [/management-high-school-portlet]
Jun 30, 2013 6:01:18 PM org.apache.catalina.startup.HostConfig checkResources
INFO: Reloading context [/management-high-school-portlet]
Jun 30, 2013 6:18:13 PM org.apache.coyote.http11.Http11Protocol pause
INFO: Pausing Coyote HTTP/1.1 on http-8080
Jun 30, 2013 6:18:14 PM org.apache.catalina.core.StandardService stop
INFO: Stopping service Catalina
Jun 30, 2013 6:18:19 PM org.apache.catalina.loader.WebappClassLoader clearReferencesThreads
SEVERE: The web application [] appears to have started a thread named [MySQL Statement Cancellation Timer] but has failed to stop it. This is very likely to create a memory leak.
Jun 30, 2013 6:18:20 PM org.apache.catalina.loader.WebappClassLoader clearThreadLocalMap
SEVERE: The web application [/wsrp-portlet] created a ThreadLocal with key of type [org.apache.axis.utils.XMLUtils.ThreadLocalDocumentBuilder] (value [org.apache.axis.utils.XMLUtils$ThreadLocalDocumentBuilder@1981094]) and a value of type [com.sun.org.apache.xerces.internal.jaxp.DocumentBuilderImpl] (value [com.sun.org.apache.xerces.internal.jaxp.DocumentBuilderImpl@686871]) but failed to remove it when the web application was stopped. This is very likely to create a memory leak.
Jun 30, 2013 6:18:22 PM org.apache.catalina.loader.WebappClassLoader clearReferencesThreads
SEVERE: The web application [/opensocial-portlet] appears to have started a thread named [com.google.inject.internal.Finalizer] but has failed to stop it. This is very likely to create a memory leak.
Jun 30, 2013 6:18:22 PM org.apache.catalina.loader.WebappClassLoader clearThreadLocalMap
SEVERE: The web application [/opensocial-portlet] created a ThreadLocal with key of type [null] (value [org.apache.shindig.common.xml.XmlUtil$2@1228732]) and a value of type [org.apache.xerces.jaxp.DocumentBuilderImpl] (value [org.apache.xerces.jaxp.DocumentBuilderImpl@1da1884]) but failed to remove it when the web application was stopped. This is very likely to create a memory leak.
Jun 30, 2013 6:18:22 PM org.apache.catalina.loader.WebappClassLoader clearThreadLocalMap
SEVERE: The web application [/opensocial-portlet] created a ThreadLocal with key of type [null] (value [com.google.inject.InjectorImpl$1@17f8830]) and a value of type [java.lang.Object[]] (value [[Ljava.lang.Object;@1c6156a]) but failed to remove it when the web application was stopped. This is very likely to create a memory leak.
Jun 30, 2013 6:18:22 PM org.apache.coyote.http11.Http11Protocol destroy
INFO: Stopping Coyote HTTP/1.1 on http-8080
